#
# There is insufficient memory for the Java Runtime Environment to continue.
# Native memory allocation (malloc) failed to allocate 524304 bytes for Chunk::new
# Possible reasons:
#   The system is out of physical RAM or swap space
#   The process is running with CompressedOops enabled, and the Java Heap may be blocking the growth of the native heap
# Possible solutions:
#   Reduce memory load on the system
#   Increase physical memory or swap space
#   Check if swap backing store is full
#   Decrease Java heap size (-Xmx/-Xms)
#   Decrease number of Java threads
#   Decrease Java thread stack sizes (-Xss)
#   Set larger code cache with -XX:ReservedCodeCacheSize=
#   JVM is running with Unscaled Compressed Oops mode in which the Java heap is
#     placed in the first 4GB address space. The Java Heap base address is the
#     maximum limit for the native heap growth. Please use -XX:HeapBaseMinAddress
#     to set the Java Heap base and to place the Java Heap above 4GB virtual address.
# This output file may be truncated or incomplete.
#
#  Out of Memory Error (allocation.cpp:389), pid=1900, tid=0x0000000000000be8
#
# JRE version: OpenJDK Runtime Environment (8.0_242-b01) (build 1.8.0_242-release-1644-b01)
# Java VM: OpenJDK 64-Bit Server VM (25.242-b01 mixed mode windows-amd64 compressed oops)
# Failed to write core dump. Minidumps are not enabled by default on client versions of Windows
#

---------------  T H R E A D  ---------------

Current thread (0x0000000017549000):  JavaThread "C2 CompilerThread1" daemon [_thread_in_native, id=3048, stack(0x0000000018ca0000,0x0000000018da0000)]

Stack: [0x0000000018ca0000,0x0000000018da0000]
[error occurred during error reporting (printing stack bounds), id 0xc0000005]

Native frames: (J=compiled Java code, j=interpreted, Vv=VM code, C=native code)


Current CompileTask:
C2:   6562 2589       4       groovy.lang.MetaClassImpl$1MOPIter::methodNameAction (325 bytes)


---------------  P R O C E S S  ---------------

Java Threads: ( => current thread )
  0x000000001b258000 JavaThread "Cache worker for file content cache (C:\Users\phan thanh toan\.gradle\caches\6.5\fileContent)" [_thread_blocked, id=5720, stack(0x0000000021870000,0x0000000021970000)]
  0x000000001b25e800 JavaThread "jar transforms" [_thread_blocked, id=12800, stack(0x0000000021770000,0x0000000021870000)]
  0x000000001b25e000 JavaThread "Cache worker for execution history cache (C:\Users\phan thanh toan\.gradle\caches\6.5\executionHistory)" [_thread_blocked, id=9568, stack(0x0000000021070000,0x0000000021170000)]
  0x000000001b25d000 JavaThread "Cache worker for cache directory md-rule (C:\Users\phan thanh toan\.gradle\caches\6.5\md-rule)" [_thread_blocked, id=3792, stack(0x000000001fcf0000,0x000000001fdf0000)]
  0x000000001b25c800 JavaThread "Cache worker for cache directory md-supplier (C:\Users\phan thanh toan\.gradle\caches\6.5\md-supplier)" [_thread_blocked, id=4300, stack(0x000000001fbf0000,0x000000001fcf0000)]
  0x000000001b25b800 JavaThread "Cache worker for checksums cache (D:\login2\.gradle\checksums)" [_thread_blocked, id=11308, stack(0x000000001faf0000,0x000000001fbf0000)]
  0x000000001b25b000 JavaThread "Cache worker for file hash cache (D:\login2\.gradle\6.5\fileHashes)" [_thread_blocked, id=12280, stack(0x000000001f9f0000,0x000000001faf0000)]
  0x000000001b259800 JavaThread "Cache worker for file hash cache (C:\Users\phan thanh toan\.gradle\caches\6.5\fileHashes)" [_thread_blocked, id=12052, stack(0x000000001d4c0000,0x000000001d5c0000)]
  0x000000001b258800 JavaThread "File lock request listener" [_thread_in_native, id=2824, stack(0x000000001d3c0000,0x000000001d4c0000)]
  0x000000001b021800 JavaThread "Cache worker for journal cache (C:\Users\phan thanh toan\.gradle\caches\journal-1)" [_thread_blocked, id=11564, stack(0x000000001d2c0000,0x000000001d3c0000)]
  0x000000001aef2800 JavaThread "Thread-9" [_thread_blocked, id=5924, stack(0x000000001cfc0000,0x000000001d0c0000)]
  0x000000001ad29800 JavaThread "Stdin handler" [_thread_blocked, id=4440, stack(0x000000001cec0000,0x000000001cfc0000)]
  0x000000001ad4c000 JavaThread "Asynchronous log dispatcher for DefaultDaemonConnection: socket connection from /127.0.0.1:59367 to /127.0.0.1:59368" [_thread_blocked, id=8928, stack(0x000000001cdc0000,0x000000001cec0000)]
  0x000000001ad3e000 JavaThread "Daemon worker" [_thread_in_vm, id=2224, stack(0x000000001ccc0000,0x000000001cdc0000)]
  0x000000001ad3d000 JavaThread "Cancel handler" [_thread_blocked, id=3584, stack(0x000000001cbc0000,0x000000001ccc0000)]
  0x000000001a88d800 JavaThread "Handler for socket connection from /127.0.0.1:59367 to /127.0.0.1:59368" [_thread_in_native, id=3504, stack(0x000000001cac0000,0x000000001cbc0000)]
  0x0000000019ff1800 JavaThread "Daemon" [_thread_blocked, id=10040, stack(0x000000001c9c0000,0x000000001cac0000)]
  0x000000001ac3c800 JavaThread "Daemon periodic checks" [_thread_blocked, id=1132, stack(0x000000001c6c0000,0x000000001c7c0000)]
  0x000000001affa800 JavaThread "Incoming local TCP Connector on port 59367" [_thread_in_native, id=10588, stack(0x000000001c480000,0x000000001c580000)]
  0x000000001a720000 JavaThread "Daemon health stats" [_thread_blocked, id=2700, stack(0x000000001be40000,0x000000001bf40000)]
  0x0000000018e16800 JavaThread "Service Thread" daemon [_thread_blocked, id=7984, stack(0x00000000192a0000,0x00000000193a0000)]
  0x000000001759e000 JavaThread "C1 CompilerThread2" daemon [_thread_blocked, id=4716, stack(0x00000000191a0000,0x00000000192a0000)]
=>0x0000000017549000 JavaThread "C2 CompilerThread1" daemon [_thread_in_native, id=3048, stack(0x0000000018ca0000,0x0000000018da0000)]
  0x0000000017544800 JavaThread "C2 CompilerThread0" daemon [_thread_in_native, id=8316, stack(0x0000000018ba0000,0x0000000018ca0000)]
  0x0000000017543800 JavaThread "Attach Listener" daemon [_thread_blocked, id=1284, stack(0x0000000018aa0000,0x0000000018ba0000)]
  0x0000000017590800 JavaThread "Signal Dispatcher" daemon [_thread_blocked, id=7464, stack(0x00000000189a0000,0x0000000018aa0000)]
  0x000000000291b000 JavaThread "Finalizer" daemon [_thread_blocked, id=4632, stack(0x00000000187a0000,0x00000000188a0000)]
  0x0000000017529000 JavaThread "Reference Handler" daemon [_thread_blocked, id=6876, stack(0x00000000186a0000,0x00000000187a0000)]
  0x000000000271e000 JavaThread "main" [_thread_blocked, id=13072, stack(0x0000000002720000,0x0000000002820000)]

Other Threads:
  0x0000000017506000 VMThread [stack: 0x00000000185a0000,0x00000000186a0000] [id=9424]
  0x0000000018e28000 WatcherThread [stack: 0x00000000193a0000,0x00000000194a0000] [id=4620]

VM state:not at safepoint (normal execution)

VM Mutex/Monitor currently owned by a thread: None

heap address: 0x0000000080000000, size: 2048 MB, Compressed Oops mode: 32-bit
Narrow klass base: 0x0000000000000000, Narrow klass shift: 3
Compressed class space size: 1073741824 Address: 0x0000000100000000

Heap:
 PSYoungGen      total 214016K, used 6464K [0x00000000d5580000, 0x00000000e4580000, 0x0000000100000000)
  eden space 200192K, 3% used [0x00000000d5580000,0x00000000d5bd00f8,0x00000000e1900000)
  from space 13824K, 0% used [0x00000000e2680000,0x00000000e2680000,0x00000000e3400000)
  to   space 13824K, 0% used [0x00000000e1900000,0x00000000e1900000,0x00000000e2680000)
 ParOldGen       total 59392K, used 14465K [0x0000000080000000, 0x0000000083a00000, 0x00000000d5580000)
  object space 59392K, 24% used [0x0000000080000000,0x0000000080e205c0,0x0000000083a00000)
 Metaspace       used 34441K, capacity 35612K, committed 35752K, reserved 1079296K
  class space    used 4738K, capacity 5003K, committed 5040K, reserved 1048576K

Card table byte_map: [0x0000000011ce0000,0x00000000120f0000] byte_map_base: 0x00000000118e0000

Marking Bits: (ParMarkBitMap*) 0x0000000059eff030
 Begin Bits: [0x00000000127a0000, 0x00000000147a0000)
 End Bits:   [0x00000000147a0000, 0x00000000167a0000)

Polling page: 0x0000000000a40000

CodeCache: size=245760Kb used=10594Kb max_used=10594Kb free=235165Kb
 bounds [0x0000000002920000, 0x0000000003380000, 0x0000000011920000]
 total_blobs=3407 nmethods=2720 adapters=600
 compilation: enabled

Compilation events (10 events):
Event: 6.334 Thread 0x000000001759e000 2725   !   3       java.lang.invoke.MethodHandleNatives::linkMethodHandleConstant (154 bytes)
Event: 6.335 Thread 0x000000001759e000 nmethod 2725 0x0000000003378e50 code [0x00000000033790a0, 0x0000000003379c58]
Event: 6.335 Thread 0x000000001759e000 2726       3       java.lang.invoke.MethodHandles$Lookup::linkMethodHandleConstant (185 bytes)
Event: 6.336 Thread 0x000000001759e000 nmethod 2726 0x000000000337a250 code [0x000000000337a500, 0x000000000337b9b8]
Event: 6.389 Thread 0x000000001759e000 2727       1       org.slf4j.impl.StaticLoggerBinder::getLoggerFactory (5 bytes)
Event: 6.389 Thread 0x000000001759e000 nmethod 2727 0x000000000337c2d0 code [0x000000000337c420, 0x000000000337c530]
Event: 6.540 Thread 0x000000001759e000 2730       3       jdk.internal.org.objectweb.asm.AnnotationWriter::put (109 bytes)
Event: 6.541 Thread 0x000000001759e000 nmethod 2730 0x000000000337c590 code [0x000000000337c740, 0x000000000337cbf8]
Event: 6.542 Thread 0x000000001759e000 2731       3       java.lang.StringCoding::scale (7 bytes)
Event: 6.542 Thread 0x000000001759e000 nmethod 2731 0x000000000337ce90 code [0x000000000337cfe0, 0x000000000337d150]

GC Heap History (10 events):
Event: 4.123 GC heap before
{Heap before GC invocations=6 (full 0):
 PSYoungGen      total 68096K, used 45112K [0x00000000d5580000, 0x00000000de780000, 0x0000000100000000)
  eden space 65536K, 64% used [0x00000000d5580000,0x00000000d7f120a0,0x00000000d9580000)
  from space 2560K, 99% used [0x00000000d9580000,0x00000000d97fc010,0x00000000d9800000)
  to   space 9216K, 0% used [0x00000000dde80000,0x00000000dde80000,0x00000000de780000)
 ParOldGen       total 44032K, used 11036K [0x0000000080000000, 0x0000000082b00000, 0x00000000d5580000)
  object space 44032K, 25% used [0x0000000080000000,0x0000000080ac7278,0x0000000082b00000)
 Metaspace       used 20606K, capacity 21224K, committed 21296K, reserved 1067008K
  class space    used 2877K, capacity 3076K, committed 3120K, reserved 1048576K
Event: 4.136 GC heap after
Heap after GC invocations=6 (full 0):
 PSYoungGen      total 139776K, used 7144K [0x00000000d5580000, 0x00000000de880000, 0x0000000100000000)
  eden space 130560K, 0% used [0x00000000d5580000,0x00000000d5580000,0x00000000dd500000)
  from space 9216K, 77% used [0x00000000dde80000,0x00000000de57a188,0x00000000de780000)
  to   space 9728K, 0% used [0x00000000dd500000,0x00000000dd500000,0x00000000dde80000)
 ParOldGen       total 44032K, used 11044K [0x0000000080000000, 0x0000000082b00000, 0x00000000d5580000)
  object space 44032K, 25% used [0x0000000080000000,0x0000000080ac9278,0x0000000082b00000)
 Metaspace       used 20606K, capacity 21224K, committed 21296K, reserved 1067008K
  class space    used 2877K, capacity 3076K, committed 3120K, reserved 1048576K
}
Event: 4.136 GC heap before
{Heap before GC invocations=7 (full 1):
 PSYoungGen      total 139776K, used 7144K [0x00000000d5580000, 0x00000000de880000, 0x0000000100000000)
  eden space 130560K, 0% used [0x00000000d5580000,0x00000000d5580000,0x00000000dd500000)
  from space 9216K, 77% used [0x00000000dde80000,0x00000000de57a188,0x00000000de780000)
  to   space 9728K, 0% used [0x00000000dd500000,0x00000000dd500000,0x00000000dde80000)
 ParOldGen       total 44032K, used 11044K [0x0000000080000000, 0x0000000082b00000, 0x00000000d5580000)
  object space 44032K, 25% used [0x0000000080000000,0x0000000080ac9278,0x0000000082b00000)
 Metaspace       used 20606K, capacity 21224K, committed 21296K, reserved 1067008K
  class space    used 2877K, capacity 3076K, committed 3120K, reserved 1048576K
Event: 4.190 GC heap after
Heap after GC invocations=7 (full 1):
 PSYoungGen      total 139776K, used 0K [0x00000000d5580000, 0x00000000de880000, 0x0000000100000000)
  eden space 130560K, 0% used [0x00000000d5580000,0x00000000d5580000,0x00000000dd500000)
  from space 9216K, 0% used [0x00000000dde80000,0x00000000dde80000,0x00000000de780000)
  to   space 9728K, 0% used [0x00000000dd500000,0x00000000dd500000,0x00000000dde80000)
 ParOldGen       total 42496K, used 11548K [0x0000000080000000, 0x0000000082980000, 0x00000000d5580000)
  object space 42496K, 27% used [0x0000000080000000,0x0000000080b47170,0x0000000082980000)
 Metaspace       used 20606K, capacity 21224K, committed 21296K, reserved 1067008K
  class space    used 2877K, capacity 3076K, committed 3120K, reserved 1048576K
}
Event: 6.031 GC heap before
{Heap before GC invocations=8 (full 1):
 PSYoungGen      total 139776K, used 130560K [0x00000000d5580000, 0x00000000de880000, 0x0000000100000000)
  eden space 130560K, 100% used [0x00000000d5580000,0x00000000dd500000,0x00000000dd500000)
  from space 9216K, 0% used [0x00000000dde80000,0x00000000dde80000,0x00000000de780000)
  to   space 9728K, 0% used [0x00000000dd500000,0x00000000dd500000,0x00000000dde80000)
 ParOldGen       total 42496K, used 11548K [0x0000000080000000, 0x0000000082980000, 0x00000000d5580000)
  object space 42496K, 27% used [0x0000000080000000,0x0000000080b47170,0x0000000082980000)
 Metaspace       used 32849K, capacity 33860K, committed 33968K, reserved 1079296K
  class space    used 4484K, capacity 4750K, committed 4784K, reserved 1048576K
Event: 6.062 GC heap after
Heap after GC invocations=8 (full 1):
 PSYoungGen      total 140288K, used 9725K [0x00000000d5580000, 0x00000000e3400000, 0x0000000100000000)
  eden space 130560K, 0% used [0x00000000d5580000,0x00000000d5580000,0x00000000dd500000)
  from space 9728K, 99% used [0x00000000dd500000,0x00000000dde7f488,0x00000000dde80000)
  to   space 13824K, 0% used [0x00000000e2680000,0x00000000e2680000,0x00000000e3400000)
 ParOldGen       total 42496K, used 15998K [0x0000000080000000, 0x0000000082980000, 0x00000000d5580000)
  object space 42496K, 37% used [0x0000000080000000,0x0000000080f9f878,0x0000000082980000)
 Metaspace       used 32849K, capacity 33860K, committed 33968K, reserved 1079296K
  class space    used 4484K, capacity 4750K, committed 4784K, reserved 1048576K
}
Event: 6.394 GC heap before
{Heap before GC invocations=9 (full 1):
 PSYoungGen      total 140288K, used 37806K [0x00000000d5580000, 0x00000000e3400000, 0x0000000100000000)
  eden space 130560K, 21% used [0x00000000d5580000,0x00000000d70ec568,0x00000000dd500000)
  from space 9728K, 99% used [0x00000000dd500000,0x00000000dde7f488,0x00000000dde80000)
  to   space 13824K, 0% used [0x00000000e2680000,0x00000000e2680000,0x00000000e3400000)
 ParOldGen       total 42496K, used 15998K [0x0000000080000000, 0x0000000082980000, 0x00000000d5580000)
  object space 42496K, 37% used [0x0000000080000000,0x0000000080f9f878,0x0000000082980000)
 Metaspace       used 34262K, capacity 35412K, committed 35496K, reserved 1079296K
  class space    used 4714K, capacity 5001K, committed 5040K, reserved 1048576K
Event: 6.415 GC heap after
Heap after GC invocations=9 (full 1):
 PSYoungGen      total 214016K, used 7931K [0x00000000d5580000, 0x00000000e4580000, 0x0000000100000000)
  eden space 200192K, 0% used [0x00000000d5580000,0x00000000d5580000,0x00000000e1900000)
  from space 13824K, 57% used [0x00000000e2680000,0x00000000e2e3ee30,0x00000000e3400000)
  to   space 13824K, 0% used [0x00000000e1900000,0x00000000e1900000,0x00000000e2680000)
 ParOldGen       total 42496K, used 16006K [0x0000000080000000, 0x0000000082980000, 0x00000000d5580000)
  object space 42496K, 37% used [0x0000000080000000,0x0000000080fa1878,0x0000000082980000)
 Metaspace       used 34262K, capacity 35412K, committed 35496K, reserved 1079296K
  class space    used 4714K, capacity 5001K, committed 5040K, reserved 1048576K
}
Event: 6.415 GC heap before
{Heap before GC invocations=10 (full 2):
 PSYoungGen      total 214016K, used 7931K [0x00000000d5580000, 0x00000000e4580000, 0x0000000100000000)
  eden space 200192K, 0% used [0x00000000d5580000,0x00000000d5580000,0x00000000e1900000)
  from space 13824K, 57% used [0x00000000e2680000,0x00000000e2e3ee30,0x00000000e3400000)
  to   space 13824K, 0% used [0x00000000e1900000,0x00000000e1900000,0x00000000e2680000)
 ParOldGen       total 42496K, used 16006K [0x0000000080000000, 0x0000000082980000, 0x00000000d5580000)
  object space 42496K, 37% used [0x0000000080000000,0x0000000080fa1878,0x0000000082980000)
 Metaspace       used 34262K, capacity 35412K, committed 35496K, reserved 1079296K
  class space    used 4714K, capacity 5001K, committed 5040K, reserved 1048576K
Event: 6.520 GC heap after
Heap after GC invocations=10 (full 2):
 PSYoungGen      total 214016K, used 0K [0x00000000d5580000, 0x00000000e4580000, 0x0000000100000000)
  eden space 200192K, 0% used [0x00000000d5580000,0x00000000d5580000,0x00000000e1900000)
  from space 13824K, 0% used [0x00000000e2680000,0x00000000e2680000,0x00000000e3400000)
  to   space 13824K, 0% used [0x00000000e1900000,0x00000000e1900000,0x00000000e2680000)
 ParOldGen       total 59392K, used 14465K [0x0000000080000000, 0x0000000083a00000, 0x00000000d5580000)
  object space 59392K, 24% used [0x0000000080000000,0x0000000080e205c0,0x0000000083a00000)
 Metaspace       used 34262K, capacity 35412K, committed 35496K, reserved 1079296K
  class space    used 4714K, capacity 5001K, committed 5040K, reserved 1048576K
}

Deoptimization events (10 events):
Event: 5.234 Thread 0x000000001ad3e000 Uncommon trap: reason=unstable_if action=reinterpret pc=0x0000000002e359f4 method=java.lang.ClassLoader.getClassLoadingLock(Ljava/lang/String;)Ljava/lang/Object; @ 6
Event: 5.554 Thread 0x000000001ad3e000 Uncommon trap: reason=unstable_if action=reinterpret pc=0x0000000002f21ebc method=java.util.HashMap.getNode(ILjava/lang/Object;)Ljava/util/HashMap$Node; @ 53
Event: 5.666 Thread 0x000000001ad3e000 Uncommon trap: reason=unstable_if action=reinterpret pc=0x0000000003250504 method=org.gradle.internal.reflect.PropertyAccessorType.isGetGetterName(Ljava/lang/String;)Z @ 14
Event: 5.706 Thread 0x000000001ad3e000 Uncommon trap: reason=unstable_if action=reinterpret pc=0x000000000302a900 method=org.objectweb.asm.ByteVector.putShort(I)Lorg/objectweb/asm/ByteVector; @ 13
Event: 5.823 Thread 0x000000001ad3e000 Uncommon trap: reason=unstable_if action=reinterpret pc=0x0000000002f520d8 method=java.net.URLClassLoader.defineClass(Ljava/lang/String;Lsun/misc/Resource;)Ljava/lang/Class; @ 21
Event: 6.027 Thread 0x000000001ad3e000 Uncommon trap: reason=range_check action=make_not_entrant pc=0x00000000032e1f48 method=java.lang.String.charAt(I)C @ 27
Event: 6.063 Thread 0x0000000017529000 Uncommon trap: reason=unstable_if action=reinterpret pc=0x0000000002f0d7bc method=java.lang.ref.Reference.tryHandlePending(Z)Z @ 104
Event: 6.242 Thread 0x000000001ad3e000 Uncommon trap: reason=unstable_if action=reinterpret pc=0x0000000002bf0458 method=java.net.URI.match(CJJ)Z @ 45
Event: 6.245 Thread 0x000000001ad3e000 Uncommon trap: reason=unstable_if action=reinterpret pc=0x0000000002af3fa0 method=java.net.URI.match(CJJ)Z @ 45
Event: 6.333 Thread 0x000000001ad3e000 Uncommon trap: reason=unstable_if action=reinterpret pc=0x0000000002af3560 method=java.net.URI.match(CJJ)Z @ 45

Classes redefined (0 events):
No events

Internal exceptions (10 events):
Event: 5.953 Thread 0x000000001ad3e000 Exception <a 'java/lang/ClassNotFoundException': org/gradle/api/internal/DefaultNamedDomainObjectCollectionCustomizer> (0x00000000dce88700) thrown at [C:\src\AOSP-openjdk-git\hotspot\src\share\vm\classfile\systemDictionary.cpp, line 210]
Event: 5.959 Thread 0x000000001ad3e000 Exception <a 'java/lang/ClassNotFoundException': org/gradle/api/internal/DefaultNamedDomainObjectListCustomizer> (0x00000000dcefd338) thrown at [C:\src\AOSP-openjdk-git\hotspot\src\share\vm\classfile\systemDictionary.cpp, line 210]
Event: 5.963 Thread 0x000000001ad3e000 Exception <a 'java/lang/ClassNotFoundException': org/gradle/api/internal/artifacts/DefaultArtifactRepositoryContainerCustomizer> (0x00000000dcf720f0) thrown at [C:\src\AOSP-openjdk-git\hotspot\src\share\vm\classfile\systemDictionary.cpp, line 210]
Event: 5.966 Thread 0x000000001ad3e000 Exception <a 'java/lang/ClassNotFoundException': org/gradle/api/internal/artifacts/dsl/DefaultRepositoryHandlerCustomizer> (0x00000000dcfd74f0) thrown at [C:\src\AOSP-openjdk-git\hotspot\src\share\vm\classfile\systemDictionary.cpp, line 210]
Event: 5.970 Thread 0x000000001ad3e000 Exception <a 'java/lang/ClassNotFoundException': org/gradle/api/internal/artifacts/dsl/DefaultRepositoryHandler_DecoratedCustomizer> (0x00000000dd05ae28) thrown at [C:\src\AOSP-openjdk-git\hotspot\src\share\vm\classfile\systemDictionary.cpp, line 210]
Event: 6.200 Thread 0x000000001ad3e000 Exception <a 'java/lang/ClassNotFoundException': org/gradle/api/internal/artifacts/dsl/dependencies/DefaultDependencyHandler_DecoratedBeanInfo> (0x00000000d5ef7128) thrown at [C:\src\AOSP-openjdk-git\hotspot\src\share\vm\classfile\systemDictionary.cpp, li
Event: 6.201 Thread 0x000000001ad3e000 Exception <a 'java/lang/ClassNotFoundException': org/gradle/api/internal/artifacts/dsl/dependencies/DefaultDependencyHandlerBeanInfo> (0x00000000d5f4fa68) thrown at [C:\src\AOSP-openjdk-git\hotspot\src\share\vm\classfile\systemDictionary.cpp, line 210]
Event: 6.206 Thread 0x000000001ad3e000 Exception <a 'java/lang/ClassNotFoundException': org/gradle/api/internal/artifacts/dsl/dependencies/DefaultDependencyHandlerCustomizer> (0x00000000d5fa96a8) thrown at [C:\src\AOSP-openjdk-git\hotspot\src\share\vm\classfile\systemDictionary.cpp, line 210]
Event: 6.209 Thread 0x000000001ad3e000 Exception <a 'java/lang/ClassNotFoundException': org/gradle/api/internal/artifacts/dsl/dependencies/DefaultDependencyHandler_DecoratedCustomizer> (0x00000000d6034400) thrown at [C:\src\AOSP-openjdk-git\hotspot\src\share\vm\classfile\systemDictionary.cpp, 
Event: 6.297 Thread 0x000000001ad3e000 Exception <a 'java/lang/NoSuchMethodError': java.lang.Object.lambda$static$0(Lorg/gradle/api/internal/artifacts/configurations/MutationValidator$MutationType;)V> (0x00000000d66a5a40) thrown at [C:\src\AOSP-openjdk-git\hotspot\src\share\vm\interpreter\link

Events (10 events):
Event: 6.554 loading class org/gradle/api/internal/artifacts/ivyservice/resolveengine/graph/conflicts/ConflictContainer
Event: 6.554 loading class org/gradle/api/internal/artifacts/ivyservice/resolveengine/graph/conflicts/ConflictContainer done
Event: 6.556 loading class org/gradle/api/internal/artifacts/ivyservice/resolveengine/graph/conflicts/DefaultCapabilitiesConflictHandler
Event: 6.556 loading class org/gradle/api/internal/artifacts/ivyservice/resolveengine/graph/conflicts/DefaultCapabilitiesConflictHandler done
Event: 6.557 loading class org/gradle/api/internal/artifacts/ivyservice/resolveengine/graph/conflicts/CapabilitiesConflictHandler$Candidate
Event: 6.557 loading class org/gradle/api/internal/artifacts/ivyservice/resolveengine/graph/conflicts/CapabilitiesConflictHandler$Candidate done
Event: 6.558 loading class org/gradle/api/internal/artifacts/ivyservice/resolveengine/graph/conflicts/PotentialConflict
Event: 6.558 loading class org/gradle/api/internal/artifacts/ivyservice/resolveengine/graph/conflicts/PotentialConflict done
Event: 6.560 loading class org/gradle/api/internal/artifacts/ivyservice/resolveengine/graph/conflicts/UserConfiguredCapabilityResolver
Event: 6.560 loading class org/gradle/api/internal/artifacts/ivyservice/resolveengine/graph/conflicts/UserConfiguredCapabilityResolver done


Dynamic libraries:
0x00007ff7c8dd0000 - 0x00007ff7c8e01000 	C:\Program Files\Android\Android Studio\jre\bin\java.exe
0x00007ffbf4a70000 - 0x00007ffbf4c65000 	C:\WINDOWS\SYSTEM32\ntdll.dll
0x00007ffbf4910000 - 0x00007ffbf49cd000 	C:\WINDOWS\System32\KERNEL32.DLL
0x00007ffbf2330000 - 0x00007ffbf25f9000 	C:\WINDOWS\System32\KERNELBASE.dll
0x00007ffbf2d50000 - 0x00007ffbf2dfc000 	C:\WINDOWS\System32\ADVAPI32.dll
0x00007ffbf43f0000 - 0x00007ffbf448e000 	C:\WINDOWS\System32\msvcrt.dll
0x00007ffbf4490000 - 0x00007ffbf452c000 	C:\WINDOWS\System32\sechost.dll
0x00007ffbf47e0000 - 0x00007ffbf490b000 	C:\WINDOWS\System32\RPCRT4.dll
0x00007ffbf3c80000 - 0x00007ffbf3e20000 	C:\WINDOWS\System32\USER32.dll
0x00007ffbf2650000 - 0x00007ffbf2672000 	C:\WINDOWS\System32\win32u.dll
0x00007ffbf4360000 - 0x00007ffbf438a000 	C:\WINDOWS\System32\GDI32.dll
0x00007ffbf29c0000 - 0x00007ffbf2acb000 	C:\WINDOWS\System32\gdi32full.dll
0x00007ffbf2290000 - 0x00007ffbf232d000 	C:\WINDOWS\System32\msvcp_win.dll
0x00007ffbf2700000 - 0x00007ffbf2800000 	C:\WINDOWS\System32\ucrtbase.dll
0x00007ffbd78d0000 - 0x00007ffbd7b6a000 	C:\WINDOWS\WinSxS\amd64_microsoft.windows.common-controls_6595b64144ccf1df_6.0.19041.844_none_ca00b6081b84eb1d\COMCTL32.dll
0x00007ffbf4680000 - 0x00007ffbf46b0000 	C:\WINDOWS\System32\IMM32.DLL
0x0000000059570000 - 0x0000000059642000 	C:\Program Files\Android\Android Studio\jre\jre\bin\msvcr100.dll
0x0000000059730000 - 0x0000000059f7b000 	C:\Program Files\Android\Android Studio\jre\jre\bin\server\jvm.dll
0x00007ffbf4530000 - 0x00007ffbf4538000 	C:\WINDOWS\System32\PSAPI.DLL
0x00007ffbeb310000 - 0x00007ffbeb319000 	C:\WINDOWS\SYSTEM32\WSOCK32.dll
0x00007ffbe58d0000 - 0x00007ffbe58f7000 	C:\WINDOWS\SYSTEM32\WINMM.dll
0x00007ffbf4610000 - 0x00007ffbf467b000 	C:\WINDOWS\System32\WS2_32.dll
0x00007ffbed8d0000 - 0x00007ffbed8da000 	C:\WINDOWS\SYSTEM32\VERSION.dll
0x00007ffbead70000 - 0x00007ffbead7f000 	C:\Program Files\Android\Android Studio\jre\jre\bin\verify.dll
0x00007ffbd5e30000 - 0x00007ffbd5e59000 	C:\Program Files\Android\Android Studio\jre\jre\bin\java.dll
0x00007ffbd5e10000 - 0x00007ffbd5e26000 	C:\Program Files\Android\Android Studio\jre\jre\bin\zip.dll
0x00007ffbf3530000 - 0x00007ffbf3c72000 	C:\WINDOWS\System32\SHELL32.dll
0x00007ffbf0310000 - 0x00007ffbf0aa0000 	C:\WINDOWS\SYSTEM32\windows.storage.dll
0x00007ffbf4000000 - 0x00007ffbf4355000 	C:\WINDOWS\System32\combase.dll
0x00007ffbf1c20000 - 0x00007ffbf1c4c000 	C:\WINDOWS\SYSTEM32\Wldp.dll
0x00007ffbf4540000 - 0x00007ffbf45ee000 	C:\WINDOWS\System32\SHCORE.dll
0x00007ffbf34c0000 - 0x00007ffbf3515000 	C:\WINDOWS\System32\shlwapi.dll
0x00007ffbf20f0000 - 0x00007ffbf210f000 	C:\WINDOWS\SYSTEM32\profapi.dll
0x00007ffbe0a40000 - 0x00007ffbe0a5a000 	C:\Program Files\Android\Android Studio\jre\jre\bin\net.dll
0x00007ffbf19a0000 - 0x00007ffbf1a0a000 	C:\WINDOWS\system32\mswsock.dll
0x00007ffbe0a20000 - 0x00007ffbe0a33000 	C:\Program Files\Android\Android Studio\jre\jre\bin\nio.dll
0x00007ffbec820000 - 0x00007ffbec847000 	C:\Users\phan thanh toan\.gradle\native\f6784746aeab05261644944871eae4fe03e0ef1612fff0a4a95f87b438bc6780\windows-amd64\native-platform.dll
0x00007ffbee8c0000 - 0x00007ffbee8cd000 	C:\Program Files\Android\Android Studio\jre\jre\bin\management.dll
0x00007ffbf1b70000 - 0x00007ffbf1b88000 	C:\WINDOWS\SYSTEM32\CRYPTSP.dll
0x00007ffbf12d0000 - 0x00007ffbf1304000 	C:\WINDOWS\system32\rsaenh.dll
0x00007ffbf21b0000 - 0x00007ffbf21d7000 	C:\WINDOWS\System32\bcrypt.dll
0x00007ffbf2070000 - 0x00007ffbf209e000 	C:\WINDOWS\SYSTEM32\USERENV.dll
0x00007ffbf2680000 - 0x00007ffbf2700000 	C:\WINDOWS\System32\bcryptprimitives.dll
0x00007ffbf1b90000 - 0x00007ffbf1b9c000 	C:\WINDOWS\SYSTEM32\CRYPTBASE.dll
0x00007ffbf1640000 - 0x00007ffbf167b000 	C:\WINDOWS\SYSTEM32\IPHLPAPI.DLL
0x00007ffbf3520000 - 0x00007ffbf3528000 	C:\WINDOWS\System32\NSI.dll
0x00007ffbe9350000 - 0x00007ffbe9367000 	C:\WINDOWS\SYSTEM32\dhcpcsvc6.DLL
0x00007ffbe93d0000 - 0x00007ffbe93ed000 	C:\WINDOWS\SYSTEM32\dhcpcsvc.DLL
0x00007ffbf1690000 - 0x00007ffbf175b000 	C:\WINDOWS\SYSTEM32\DNSAPI.dll
0x00007ffbe9530000 - 0x00007ffbe953b000 	C:\WINDOWS\SYSTEM32\WINNSI.DLL

VM Arguments:
jvm_args: -Xmx2048m -Dfile.encoding=UTF-8 -Duser.country=US -Duser.language=en -Duser.variant 
java_command: org.gradle.launcher.daemon.bootstrap.GradleDaemon 6.5
java_class_path (initial): C:\Users\phan thanh toan\.gradle\wrapper\dists\gradle-6.5-bin\6nifqtx7604sqp1q6g8wikw7p\gradle-6.5\lib\gradle-launcher-6.5.jar
Launcher Type: SUN_STANDARD

Environment Variables:
PATH=C:\WINDOWS\system32;C:\WINDOWS;C:\WINDOWS\System32\Wbem;C:\WINDOWS\System32\WindowsPowerShell\v1.0\;C:\WINDOWS\System32\OpenSSH\;C:\Users\phan thanh toan\AppData\Local\Microsoft\WindowsApps;;D:\java and android\code java\Microsoft VS Code\bin
USERNAME=phan thanh toan
OS=Windows_NT
PROCESSOR_IDENTIFIER=Intel64 Family 6 Model 60 Stepping 3, GenuineIntel



---------------  S Y S T E M  ---------------

OS: Windows 10.0 , 64 bit Build 19041 (10.0.19041.804)

CPU:total 4 (initial active 4) (2 cores per cpu, 2 threads per core) family 6 model 60 stepping 3, cmov, cx8, fxsr, mmx, sse, sse2, sse3, ssse3, sse4.1, sse4.2, popcnt, avx, avx2, aes, clmul, erms, lzcnt, ht, tsc, tscinvbit, bmi1, bmi2

Memory: 4k page, physical 4117844k(489760k free), swap 6934688k(5472k free)

vm_info: OpenJDK 64-Bit Server VM (25.242-b01) for windows-amd64 JRE (1.8.0_242-release-1644-b01), built by "builder" with MS VC++ 10.0 (VS2010)

time: Mon Mar 22 14:24:20 2021
timezone: SE Asia Standard Time
elapsed time: 6 seconds (0d 0h 0m 6s)

