#
# There is insufficient memory for the Java Runtime Environment to continue.
# Native memory allocation (malloc) failed to allocate 32744 bytes for ChunkPool::allocate
# Possible reasons:
#   The system is out of physical RAM or swap space
#   The process is running with CompressedOops enabled, and the Java Heap may be blocking the growth of the native heap
# Possible solutions:
#   Reduce memory load on the system
#   Increase physical memory or swap space
#   Check if swap backing store is full
#   Decrease Java heap size (-Xmx/-Xms)
#   Decrease number of Java threads
#   Decrease Java thread stack sizes (-Xss)
#   Set larger code cache with -XX:ReservedCodeCacheSize=
#   JVM is running with Unscaled Compressed Oops mode in which the Java heap is
#     placed in the first 4GB address space. The Java Heap base address is the
#     maximum limit for the native heap growth. Please use -XX:HeapBaseMinAddress
#     to set the Java Heap base and to place the Java Heap above 4GB virtual address.
# This output file may be truncated or incomplete.
#
#  Out of Memory Error (allocation.cpp:272), pid=612, tid=0x0000000000001d2c
#
# JRE version: OpenJDK Runtime Environment (8.0_242-b01) (build 1.8.0_242-release-1644-b01)
# Java VM: OpenJDK 64-Bit Server VM (25.242-b01 mixed mode windows-amd64 compressed oops)
# Failed to write core dump. Minidumps are not enabled by default on client versions of Windows
#

---------------  T H R E A D  ---------------

Current thread (0x0000000017f48800):  JavaThread "C2 CompilerThread1" daemon [_thread_in_native, id=7468, stack(0x0000000019690000,0x0000000019790000)]

Stack: [0x0000000019690000,0x0000000019790000]
[error occurred during error reporting (printing stack bounds), id 0xc0000005]

Native frames: (J=compiled Java code, j=interpreted, Vv=VM code, C=native code)


Current CompileTask:
C2:  21689 11545   !   4       java.io.ObjectOutputStream::writeObject0 (619 bytes)


---------------  P R O C E S S  ---------------

Java Threads: ( => current thread )
  0x000000001ff9c800 JavaThread "ForkJoinPool.commonPool-worker-0" daemon [_thread_blocked, id=6096, stack(0x000000002ad90000,0x000000002ae90000)]
  0x000000001ff30800 JavaThread "WorkerExecutor Queue Thread 4" [_thread_blocked, id=10296, stack(0x000000002ba90000,0x000000002bb90000)]
  0x000000001ff30000 JavaThread "WorkerExecutor Queue Thread 3" [_thread_blocked, id=6152, stack(0x000000002b190000,0x000000002b290000)]
  0x000000001ff2d800 JavaThread "WorkerExecutor Queue Thread 2" [_thread_blocked, id=10376, stack(0x000000002b090000,0x000000002b190000)]
  0x000000001ff2d000 JavaThread "WorkerExecutor Queue" [_thread_blocked, id=7364, stack(0x000000002af90000,0x000000002b090000)]
  0x000000001a18f000 JavaThread "ForkJoinPool.commonPool-worker-3" daemon [_thread_blocked, id=3064, stack(0x000000002ae90000,0x000000002af90000)]
  0x000000001a195000 JavaThread "ForkJoinPool.commonPool-worker-1" daemon [_thread_blocked, id=3928, stack(0x000000002ac90000,0x000000002ad90000)]
  0x000000001a192800 JavaThread "Cache worker for execution history cache (D:\login2\.gradle\6.5\executionHistory)" [_thread_blocked, id=468, stack(0x000000002a460000,0x000000002a560000)]
  0x000000001a186800 JavaThread "Memory manager" [_thread_blocked, id=5856, stack(0x0000000028d00000,0x0000000028e00000)]
  0x000000001a18d800 JavaThread "pool-1-thread-1" [_thread_in_vm, id=9372, stack(0x0000000028ab0000,0x0000000028bb0000)]
  0x000000001a18b000 JavaThread "jar transforms Thread 92" [_thread_blocked, id=6368, stack(0x00000000287b0000,0x00000000288b0000)]
  0x000000001a188000 JavaThread "jar transforms Thread 91" [_thread_blocked, id=11124, stack(0x00000000286b0000,0x00000000287b0000)]
  0x000000001a18a800 JavaThread "jar transforms Thread 90" [_thread_blocked, id=2620, stack(0x00000000285b0000,0x00000000286b0000)]
  0x000000001a189800 JavaThread "jar transforms Thread 89" [_thread_blocked, id=11052, stack(0x00000000284b0000,0x00000000285b0000)]
  0x000000001a189000 JavaThread "jar transforms Thread 88" [_thread_blocked, id=3644, stack(0x00000000283b0000,0x00000000284b0000)]
  0x0000000019b84000 JavaThread "jar transforms Thread 87" [_thread_blocked, id=2224, stack(0x00000000282b0000,0x00000000283b0000)]
  0x0000000019b83000 JavaThread "jar transforms Thread 86" [_thread_blocked, id=11156, stack(0x00000000281b0000,0x00000000282b0000)]
  0x0000000019b82800 JavaThread "jar transforms Thread 85" [_thread_blocked, id=7620, stack(0x00000000280b0000,0x00000000281b0000)]
  0x0000000019b81800 JavaThread "jar transforms Thread 84" [_thread_blocked, id=5048, stack(0x0000000027fb0000,0x00000000280b0000)]
  0x0000000019b7f800 JavaThread "jar transforms Thread 83" [_thread_blocked, id=5244, stack(0x0000000027eb0000,0x0000000027fb0000)]
  0x0000000019b81000 JavaThread "jar transforms Thread 82" [_thread_blocked, id=7284, stack(0x0000000027db0000,0x0000000027eb0000)]
  0x0000000019b84800 JavaThread "jar transforms Thread 81" [_thread_blocked, id=10264, stack(0x0000000027cb0000,0x0000000027db0000)]
  0x0000000019b80000 JavaThread "jar transforms Thread 80" [_thread_blocked, id=10028, stack(0x0000000027bb0000,0x0000000027cb0000)]
  0x0000000019b78800 JavaThread "jar transforms Thread 79" [_thread_blocked, id=5680, stack(0x0000000027ab0000,0x0000000027bb0000)]
  0x0000000019b77800 JavaThread "jar transforms Thread 78" [_thread_blocked, id=9292, stack(0x00000000279b0000,0x0000000027ab0000)]
  0x0000000019b7e800 JavaThread "jar transforms Thread 77" [_thread_blocked, id=7216, stack(0x00000000278b0000,0x00000000279b0000)]
  0x0000000019b7e000 JavaThread "jar transforms Thread 76" [_thread_blocked, id=9244, stack(0x00000000277b0000,0x00000000278b0000)]
  0x0000000019b76000 JavaThread "jar transforms Thread 75" [_thread_blocked, id=9592, stack(0x00000000276b0000,0x00000000277b0000)]
  0x0000000019b7d000 JavaThread "jar transforms Thread 74" [_thread_blocked, id=11032, stack(0x00000000275b0000,0x00000000276b0000)]
  0x0000000019b75800 JavaThread "jar transforms Thread 73" [_thread_blocked, id=5924, stack(0x00000000274b0000,0x00000000275b0000)]
  0x0000000019b7b800 JavaThread "jar transforms Thread 72" [_thread_blocked, id=8016, stack(0x00000000273b0000,0x00000000274b0000)]
  0x0000000019b7a800 JavaThread "jar transforms Thread 71" [_thread_blocked, id=10484, stack(0x00000000272b0000,0x00000000273b0000)]
  0x0000000019b7a000 JavaThread "jar transforms Thread 70" [_thread_blocked, id=4140, stack(0x00000000271b0000,0x00000000272b0000)]
  0x0000000019b79000 JavaThread "jar transforms Thread 69" [_thread_blocked, id=9944, stack(0x00000000270b0000,0x00000000271b0000)]
  0x0000000019b7c800 JavaThread "jar transforms Thread 68" [_thread_blocked, id=8196, stack(0x0000000026fb0000,0x00000000270b0000)]
  0x0000000019b77000 JavaThread "jar transforms Thread 67" [_thread_blocked, id=9828, stack(0x0000000026eb0000,0x0000000026fb0000)]
  0x000000001e257800 JavaThread "jar transforms Thread 66" [_thread_blocked, id=4424, stack(0x0000000026db0000,0x0000000026eb0000)]
  0x000000001e256800 JavaThread "jar transforms Thread 65" [_thread_blocked, id=120, stack(0x0000000026cb0000,0x0000000026db0000)]
  0x000000001e256000 JavaThread "jar transforms Thread 64" [_thread_blocked, id=4960, stack(0x0000000026bb0000,0x0000000026cb0000)]
  0x000000001e255000 JavaThread "jar transforms Thread 63" [_thread_blocked, id=9792, stack(0x0000000026ab0000,0x0000000026bb0000)]
  0x000000001e259800 JavaThread "jar transforms Thread 62" [_thread_blocked, id=9516, stack(0x00000000269b0000,0x0000000026ab0000)]
  0x000000001e259000 JavaThread "jar transforms Thread 61" [_thread_blocked, id=2000, stack(0x00000000268b0000,0x00000000269b0000)]
  0x000000001e25a800 JavaThread "jar transforms Thread 60" [_thread_blocked, id=9912, stack(0x00000000267b0000,0x00000000268b0000)]
  0x000000001e258000 JavaThread "jar transforms Thread 59" [_thread_blocked, id=8720, stack(0x00000000266b0000,0x00000000267b0000)]
  0x000000001e24f000 JavaThread "jar transforms Thread 58" [_thread_blocked, id=9888, stack(0x00000000265b0000,0x00000000266b0000)]
  0x000000001e253800 JavaThread "jar transforms Thread 57" [_thread_blocked, id=1124, stack(0x00000000264b0000,0x00000000265b0000)]
  0x000000001e254800 JavaThread "jar transforms Thread 56" [_thread_blocked, id=2036, stack(0x00000000263b0000,0x00000000264b0000)]
  0x000000001e253000 JavaThread "jar transforms Thread 55" [_thread_blocked, id=8740, stack(0x00000000262b0000,0x00000000263b0000)]
  0x000000001e24c000 JavaThread "jar transforms Thread 54" [_thread_blocked, id=3728, stack(0x00000000261b0000,0x00000000262b0000)]
  0x000000001e24d800 JavaThread "jar transforms Thread 53" [_thread_blocked, id=2892, stack(0x00000000260b0000,0x00000000261b0000)]
  0x000000001e24e800 JavaThread "jar transforms Thread 52" [_thread_blocked, id=1508, stack(0x0000000025fb0000,0x00000000260b0000)]
  0x000000001e250800 JavaThread "jar transforms Thread 51" [_thread_blocked, id=7040, stack(0x0000000025eb0000,0x0000000025fb0000)]
  0x000000001e250000 JavaThread "jar transforms Thread 50" [_thread_blocked, id=3280, stack(0x0000000025db0000,0x0000000025eb0000)]
  0x000000001e252000 JavaThread "jar transforms Thread 49" [_thread_blocked, id=1712, stack(0x0000000025cb0000,0x0000000025db0000)]
  0x000000001e251800 JavaThread "jar transforms Thread 48" [_thread_blocked, id=7272, stack(0x0000000025bb0000,0x0000000025cb0000)]
  0x000000001e24d000 JavaThread "jar transforms Thread 47" [_thread_blocked, id=7072, stack(0x0000000025ab0000,0x0000000025bb0000)]
  0x000000001e24b800 JavaThread "jar transforms Thread 46" [_thread_blocked, id=4428, stack(0x00000000259b0000,0x0000000025ab0000)]
  0x000000001c6e3800 JavaThread "jar transforms Thread 45" [_thread_blocked, id=2944, stack(0x00000000258b0000,0x00000000259b0000)]
  0x000000001c6e2800 JavaThread "jar transforms Thread 44" [_thread_blocked, id=1644, stack(0x00000000257b0000,0x00000000258b0000)]
  0x000000001c6e2000 JavaThread "jar transforms Thread 43" [_thread_blocked, id=3272, stack(0x00000000256b0000,0x00000000257b0000)]
  0x000000001c6e1000 JavaThread "jar transforms Thread 42" [_thread_blocked, id=10804, stack(0x00000000255b0000,0x00000000256b0000)]
  0x000000001c6e4000 JavaThread "jar transforms Thread 41" [_thread_blocked, id=1340, stack(0x00000000254b0000,0x00000000255b0000)]
  0x000000001c6da800 JavaThread "jar transforms Thread 40" [_thread_blocked, id=5412, stack(0x00000000253b0000,0x00000000254b0000)]
  0x000000001c6e0800 JavaThread "jar transforms Thread 39" [_thread_blocked, id=6616, stack(0x00000000252b0000,0x00000000253b0000)]
  0x000000001c6dc000 JavaThread "jar transforms Thread 38" [_thread_blocked, id=5188, stack(0x00000000251b0000,0x00000000252b0000)]
  0x000000001c6df000 JavaThread "jar transforms Thread 37" [_thread_blocked, id=3240, stack(0x00000000250b0000,0x00000000251b0000)]
  0x000000001c6de000 JavaThread "jar transforms Thread 36" [_thread_blocked, id=4640, stack(0x0000000024fb0000,0x00000000250b0000)]
  0x000000001c6db000 JavaThread "jar transforms Thread 35" [_thread_blocked, id=11168, stack(0x0000000024eb0000,0x0000000024fb0000)]
  0x000000001c6d9800 JavaThread "jar transforms Thread 34" [_thread_blocked, id=9556, stack(0x0000000024db0000,0x0000000024eb0000)]
  0x000000001c6dd800 JavaThread "jar transforms Thread 33" [_thread_blocked, id=5616, stack(0x0000000024cb0000,0x0000000024db0000)]
  0x000000001c6d9000 JavaThread "jar transforms Thread 32" [_thread_blocked, id=1044, stack(0x0000000024bb0000,0x0000000024cb0000)]
  0x000000001c6df800 JavaThread "jar transforms Thread 31" [_thread_blocked, id=6276, stack(0x0000000024ab0000,0x0000000024bb0000)]
  0x000000001c6d6000 JavaThread "jar transforms Thread 30" [_thread_blocked, id=7080, stack(0x00000000249b0000,0x0000000024ab0000)]
  0x000000001c6d7800 JavaThread "jar transforms Thread 29" [_thread_blocked, id=2480, stack(0x00000000248b0000,0x00000000249b0000)]
  0x000000001c6dc800 JavaThread "jar transforms Thread 28" [_thread_blocked, id=7560, stack(0x00000000247b0000,0x00000000248b0000)]
  0x000000001c6d5000 JavaThread "jar transforms Thread 27" [_thread_blocked, id=3244, stack(0x00000000246b0000,0x00000000247b0000)]
  0x000000001c6d6800 JavaThread "jar transforms Thread 26" [_thread_blocked, id=3828, stack(0x00000000245b0000,0x00000000246b0000)]
  0x000000001c6d8000 JavaThread "jar transforms Thread 25" [_thread_blocked, id=5444, stack(0x00000000244b0000,0x00000000245b0000)]
  0x000000001aa74000 JavaThread "jar transforms Thread 24" [_thread_blocked, id=6400, stack(0x00000000243b0000,0x00000000244b0000)]
  0x000000001aa6f000 JavaThread "jar transforms Thread 23" [_thread_blocked, id=1056, stack(0x00000000242b0000,0x00000000243b0000)]
  0x000000001aa73800 JavaThread "jar transforms Thread 22" [_thread_blocked, id=1028, stack(0x00000000241b0000,0x00000000242b0000)]
  0x000000001aa72800 JavaThread "jar transforms Thread 21" [_thread_blocked, id=464, stack(0x00000000240b0000,0x00000000241b0000)]
  0x000000001aa75800 JavaThread "jar transforms Thread 20" [_thread_blocked, id=7116, stack(0x0000000023fb0000,0x00000000240b0000)]
  0x000000001aa72000 JavaThread "jar transforms Thread 19" [_thread_blocked, id=4576, stack(0x0000000023eb0000,0x0000000023fb0000)]
  0x000000001aa75000 JavaThread "jar transforms Thread 18" [_thread_blocked, id=4728, stack(0x0000000023db0000,0x0000000023eb0000)]
  0x000000001aa71000 JavaThread "jar transforms Thread 17" [_thread_blocked, id=3300, stack(0x0000000023cb0000,0x0000000023db0000)]
  0x000000001aa6f800 JavaThread "jar transforms Thread 16" [_thread_blocked, id=1528, stack(0x0000000023bb0000,0x0000000023cb0000)]
  0x000000001aa70800 JavaThread "jar transforms Thread 15" [_thread_blocked, id=1780, stack(0x0000000023ab0000,0x0000000023bb0000)]
  0x000000001aaa5000 JavaThread "jar transforms Thread 14" [_thread_blocked, id=11248, stack(0x00000000239b0000,0x0000000023ab0000)]
  0x000000001aaa2000 JavaThread "jar transforms Thread 13" [_thread_blocked, id=8944, stack(0x00000000238b0000,0x00000000239b0000)]
  0x000000001aaa4800 JavaThread "jar transforms Thread 12" [_thread_blocked, id=6976, stack(0x00000000237b0000,0x00000000238b0000)]
  0x000000001aaa3800 JavaThread "jar transforms Thread 11" [_thread_blocked, id=3332, stack(0x00000000235b0000,0x00000000236b0000)]
  0x000000001aaa0000 JavaThread "jar transforms Thread 10" [_thread_blocked, id=2484, stack(0x00000000234b0000,0x00000000235b0000)]
  0x000000001aaa0800 JavaThread "jar transforms Thread 9" [_thread_blocked, id=3744, stack(0x00000000233b0000,0x00000000234b0000)]
  0x000000001aaa3000 JavaThread "jar transforms Thread 8" [_thread_blocked, id=8072, stack(0x00000000232b0000,0x00000000233b0000)]
  0x000000001aaa6000 JavaThread "jar transforms Thread 7" [_thread_blocked, id=5356, stack(0x00000000231b0000,0x00000000232b0000)]
  0x000000001aaa1800 JavaThread "jar transforms Thread 6" [_thread_blocked, id=6892, stack(0x00000000230b0000,0x00000000231b0000)]
  0x000000001aa98800 JavaThread "jar transforms Thread 5" [_thread_blocked, id=10640, stack(0x0000000022fb0000,0x00000000230b0000)]
  0x000000001aa9f000 JavaThread "jar transforms Thread 4" [_thread_blocked, id=2800, stack(0x0000000022eb0000,0x0000000022fb0000)]
  0x000000001aa97800 JavaThread "jar transforms Thread 3" [_thread_blocked, id=5884, stack(0x0000000022db0000,0x0000000022eb0000)]
  0x000000001aa9e800 JavaThread "jar transforms Thread 2" [_thread_blocked, id=9552, stack(0x0000000022cb0000,0x0000000022db0000)]
  0x000000001aa99000 JavaThread "Build operations Thread 4" [_thread_blocked, id=8384, stack(0x0000000022bb0000,0x0000000022cb0000)]
  0x000000001aa97000 JavaThread "Build operations Thread 3" [_thread_blocked, id=4044, stack(0x0000000022ab0000,0x0000000022bb0000)]
  0x000000001aa9d800 JavaThread "Build operations Thread 2" [_thread_blocked, id=2200, stack(0x00000000229b0000,0x0000000022ab0000)]
  0x000000001aa9a800 JavaThread "Build operations" [_thread_blocked, id=2988, stack(0x00000000228b0000,0x00000000229b0000)]
  0x000000001bc6e800 JavaThread "Cache worker for file content cache (C:\Users\phan thanh toan\.gradle\caches\6.5\fileContent)" [_thread_blocked, id=11004, stack(0x00000000221b0000,0x00000000222b0000)]
  0x000000001bc6d800 JavaThread "jar transforms" [_thread_blocked, id=4076, stack(0x00000000220b0000,0x00000000221b0000)]
  0x000000001bc6d000 JavaThread "Cache worker for execution history cache (C:\Users\phan thanh toan\.gradle\caches\6.5\executionHistory)" [_thread_blocked, id=6752, stack(0x00000000209b0000,0x0000000020ab0000)]
  0x000000001bc6b800 JavaThread "Cache worker for cache directory md-rule (C:\Users\phan thanh toan\.gradle\caches\6.5\md-rule)" [_thread_blocked, id=7204, stack(0x00000000208b0000,0x00000000209b0000)]
  0x000000001bc68800 JavaThread "Cache worker for checksums cache (D:\login2\.gradle\checksums)" [_thread_blocked, id=404, stack(0x00000000206b0000,0x00000000207b0000)]
  0x000000001bc69000 JavaThread "Cache worker for file hash cache (D:\login2\.gradle\6.5\fileHashes)" [_thread_blocked, id=2064, stack(0x00000000203b0000,0x00000000204b0000)]
  0x000000001bc6a000 JavaThread "Cache worker for file hash cache (C:\Users\phan thanh toan\.gradle\caches\6.5\fileHashes)" [_thread_blocked, id=5540, stack(0x000000001eee0000,0x000000001efe0000)]
  0x000000001bc6c000 JavaThread "File lock request listener" [_thread_in_native, id=3400, stack(0x000000001de10000,0x000000001df10000)]
  0x000000001bba3800 JavaThread "Cache worker for journal cache (C:\Users\phan thanh toan\.gradle\caches\journal-1)" [_thread_blocked, id=5800, stack(0x000000001dd10000,0x000000001de10000)]
  0x000000001b841800 JavaThread "Thread-9" [_thread_blocked, id=2936, stack(0x000000001da10000,0x000000001db10000)]
  0x000000001b83d000 JavaThread "Stdin handler" [_thread_blocked, id=8184, stack(0x000000001d910000,0x000000001da10000)]
  0x000000001bb5b800 JavaThread "Asynchronous log dispatcher for DefaultDaemonConnection: socket connection from /127.0.0.1:53306 to /127.0.0.1:53307" [_thread_blocked, id=9184, stack(0x000000001d810000,0x000000001d910000)]
  0x000000001ab06000 JavaThread "Daemon worker" [_thread_in_native, id=7540, stack(0x000000001d710000,0x000000001d810000)]
  0x000000001ab05000 JavaThread "Cancel handler" [_thread_blocked, id=10736, stack(0x000000001d610000,0x000000001d710000)]
  0x000000001bd3f000 JavaThread "Handler for socket connection from /127.0.0.1:53306 to /127.0.0.1:53307" [_thread_in_native, id=8604, stack(0x000000001d510000,0x000000001d610000)]
  0x000000001bd3e800 JavaThread "Daemon" [_thread_blocked, id=8964, stack(0x000000001d410000,0x000000001d510000)]
  0x000000001b907800 JavaThread "Daemon periodic checks" [_thread_blocked, id=11116, stack(0x000000001d110000,0x000000001d210000)]
  0x000000001b904800 JavaThread "Incoming local TCP Connector on port 53306" [_thread_in_native, id=9892, stack(0x000000001ced0000,0x000000001cfd0000)]
  0x000000001b6e0000 JavaThread "Daemon health stats" [_thread_blocked, id=9920, stack(0x000000001c890000,0x000000001c990000)]
  0x00000000197f3000 JavaThread "Service Thread" daemon [_thread_blocked, id=9428, stack(0x0000000019c90000,0x0000000019d90000)]
  0x0000000017f4f000 JavaThread "C1 CompilerThread2" daemon [_thread_blocked, id=820, stack(0x0000000019b90000,0x0000000019c90000)]
=>0x0000000017f48800 JavaThread "C2 CompilerThread1" daemon [_thread_in_native, id=7468, stack(0x0000000019690000,0x0000000019790000)]
  0x0000000017f44800 JavaThread "C2 CompilerThread0" daemon [_thread_in_native, id=5588, stack(0x0000000019590000,0x0000000019690000)]
  0x0000000017f43800 JavaThread "Attach Listener" daemon [_thread_blocked, id=10456, stack(0x0000000019490000,0x0000000019590000)]
  0x0000000017f94800 JavaThread "Signal Dispatcher" daemon [_thread_blocked, id=9012, stack(0x0000000019390000,0x0000000019490000)]
  0x000000000331b000 JavaThread "Finalizer" daemon [_thread_blocked, id=9728, stack(0x0000000019190000,0x0000000019290000)]
  0x0000000017f29000 JavaThread "Reference Handler" daemon [_thread_blocked, id=9820, stack(0x0000000019090000,0x0000000019190000)]
  0x000000000304e000 JavaThread "main" [_thread_blocked, id=4320, stack(0x0000000003120000,0x0000000003220000)]

Other Threads:
  0x0000000017f06000 VMThread [stack: 0x0000000018f90000,0x0000000019090000] [id=8540]
  0x00000000197f4000 WatcherThread [stack: 0x0000000019d90000,0x0000000019e90000] [id=4736]

VM state:not at safepoint (normal execution)

VM Mutex/Monitor currently owned by a thread: None

heap address: 0x0000000080000000, size: 2048 MB, Compressed Oops mode: 32-bit
Narrow klass base: 0x0000000000000000, Narrow klass shift: 3
Compressed class space size: 1073741824 Address: 0x0000000100000000

Heap:
 PSYoungGen      total 313344K, used 268210K [0x00000000d5580000, 0x00000000ed100000, 0x0000000100000000)
  eden space 287744K, 84% used [0x00000000d5580000,0x00000000e426dff8,0x00000000e6e80000)
  from space 25600K, 99% used [0x00000000e9780000,0x00000000eb07e948,0x00000000eb080000)
  to   space 41984K, 0% used [0x00000000e6e80000,0x00000000e6e80000,0x00000000e9780000)
 ParOldGen       total 94720K, used 69871K [0x0000000080000000, 0x0000000085c80000, 0x00000000d5580000)
  object space 94720K, 73% used [0x0000000080000000,0x000000008443bf98,0x0000000085c80000)
 Metaspace       used 79479K, capacity 83884K, committed 83992K, reserved 1122304K
  class space    used 10983K, capacity 11815K, committed 11824K, reserved 1048576K

Card table byte_map: [0x00000000126e0000,0x0000000012af0000] byte_map_base: 0x00000000122e0000

Marking Bits: (ParMarkBitMap*) 0x000000005b63f030
 Begin Bits: [0x00000000131a0000, 0x00000000151a0000)
 End Bits:   [0x00000000151a0000, 0x00000000171a0000)

Polling page: 0x00000000013f0000

CodeCache: size=245760Kb used=29896Kb max_used=30436Kb free=215863Kb
 bounds [0x0000000003320000, 0x0000000005110000, 0x0000000012320000]
 total_blobs=10631 nmethods=9801 adapters=742
 compilation: enabled

Compilation events (10 events):
Event: 21.590 Thread 0x0000000017f4f000 11554       1       com.google.common.cache.LocalCache$StrongValueReference::isActive (2 bytes)
Event: 21.591 Thread 0x0000000017f4f000 nmethod 11554 0x000000000486a190 code [0x000000000486a2e0, 0x000000000486a3f0]
Event: 21.592 Thread 0x0000000017f4f000 11555       1       com.google.common.cache.RemovalCause$1::wasEvicted (2 bytes)
Event: 21.592 Thread 0x0000000017f4f000 nmethod 11555 0x000000000486a890 code [0x000000000486a9e0, 0x000000000486aaf0]
Event: 21.601 Thread 0x0000000017f4f000 11556       3       com.google.common.cache.LocalCache$Segment::enqueueNotification (67 bytes)
Event: 21.602 Thread 0x0000000017f4f000 nmethod 11556 0x0000000003c6f350 code [0x0000000003c6f520, 0x0000000003c6fd18]
Event: 21.657 Thread 0x0000000017f4f000 11557       3       java.util.AbstractQueue::clear (11 bytes)
Event: 21.657 Thread 0x0000000017f4f000 nmethod 11557 0x00000000038300d0 code [0x0000000003830240, 0x0000000003830508]
Event: 21.659 Thread 0x0000000017f4f000 11558  s!   3       org.gradle.internal.service.DefaultServiceRegistry$ManagedObjectServiceProvider::stop (59 bytes)
Event: 21.661 Thread 0x0000000017f4f000 nmethod 11558 0x0000000004862f10 code [0x0000000004863140, 0x0000000004863db8]

GC Heap History (10 events):
Event: 8.502 GC heap before
{Heap before GC invocations=11 (full 2):
 PSYoungGen      total 209408K, used 195584K [0x00000000d5580000, 0x00000000e4180000, 0x0000000100000000)
  eden space 195584K, 100% used [0x00000000d5580000,0x00000000e1480000,0x00000000e1480000)
  from space 13824K, 0% used [0x00000000e2200000,0x00000000e2200000,0x00000000e2f80000)
  to   space 13824K, 0% used [0x00000000e1480000,0x00000000e1480000,0x00000000e2200000)
 ParOldGen       total 57856K, used 14569K [0x0000000080000000, 0x0000000083880000, 0x00000000d5580000)
  object space 57856K, 25% used [0x0000000080000000,0x0000000080e3a778,0x0000000083880000)
 Metaspace       used 45706K, capacity 47508K, committed 47784K, reserved 1091584K
  class space    used 6179K, capacity 6514K, committed 6576K, reserved 1048576K
Event: 8.538 GC heap after
Heap after GC invocations=11 (full 2):
 PSYoungGen      total 209408K, used 13795K [0x00000000d5580000, 0x00000000e6c00000, 0x0000000100000000)
  eden space 195584K, 0% used [0x00000000d5580000,0x00000000d5580000,0x00000000e1480000)
  from space 13824K, 99% used [0x00000000e1480000,0x00000000e21f8c70,0x00000000e2200000)
  to   space 17408K, 0% used [0x00000000e5b00000,0x00000000e5b00000,0x00000000e6c00000)
 ParOldGen       total 57856K, used 17893K [0x0000000080000000, 0x0000000083880000, 0x00000000d5580000)
  object space 57856K, 30% used [0x0000000080000000,0x0000000081179758,0x0000000083880000)
 Metaspace       used 45706K, capacity 47508K, committed 47784K, reserved 1091584K
  class space    used 6179K, capacity 6514K, committed 6576K, reserved 1048576K
}
Event: 10.331 GC heap before
{Heap before GC invocations=12 (full 2):
 PSYoungGen      total 209408K, used 142583K [0x00000000d5580000, 0x00000000e6c00000, 0x0000000100000000)
  eden space 195584K, 65% used [0x00000000d5580000,0x00000000dd3452b8,0x00000000e1480000)
  from space 13824K, 99% used [0x00000000e1480000,0x00000000e21f8c70,0x00000000e2200000)
  to   space 17408K, 0% used [0x00000000e5b00000,0x00000000e5b00000,0x00000000e6c00000)
 ParOldGen       total 57856K, used 17893K [0x0000000080000000, 0x0000000083880000, 0x00000000d5580000)
  object space 57856K, 30% used [0x0000000080000000,0x0000000081179758,0x0000000083880000)
 Metaspace       used 56819K, capacity 59136K, committed 59160K, reserved 1099776K
  class space    used 7768K, capacity 8237K, committed 8240K, reserved 1048576K
Event: 10.388 GC heap after
Heap after GC invocations=12 (full 2):
 PSYoungGen      total 262656K, used 17397K [0x00000000d5580000, 0x00000000e7780000, 0x0000000100000000)
  eden space 245248K, 0% used [0x00000000d5580000,0x00000000d5580000,0x00000000e4500000)
  from space 17408K, 99% used [0x00000000e5b00000,0x00000000e6bfd470,0x00000000e6c00000)
  to   space 22528K, 0% used [0x00000000e4500000,0x00000000e4500000,0x00000000e5b00000)
 ParOldGen       total 57856K, used 25230K [0x0000000080000000, 0x0000000083880000, 0x00000000d5580000)
  object space 57856K, 43% used [0x0000000080000000,0x00000000818a3ac0,0x0000000083880000)
 Metaspace       used 56819K, capacity 59136K, committed 59160K, reserved 1099776K
  class space    used 7768K, capacity 8237K, committed 8240K, reserved 1048576K
}
Event: 10.388 GC heap before
{Heap before GC invocations=13 (full 3):
 PSYoungGen      total 262656K, used 17397K [0x00000000d5580000, 0x00000000e7780000, 0x0000000100000000)
  eden space 245248K, 0% used [0x00000000d5580000,0x00000000d5580000,0x00000000e4500000)
  from space 17408K, 99% used [0x00000000e5b00000,0x00000000e6bfd470,0x00000000e6c00000)
  to   space 22528K, 0% used [0x00000000e4500000,0x00000000e4500000,0x00000000e5b00000)
 ParOldGen       total 57856K, used 25230K [0x0000000080000000, 0x0000000083880000, 0x00000000d5580000)
  object space 57856K, 43% used [0x0000000080000000,0x00000000818a3ac0,0x0000000083880000)
 Metaspace       used 56819K, capacity 59136K, committed 59160K, reserved 1099776K
  class space    used 7768K, capacity 8237K, committed 8240K, reserved 1048576K
Event: 10.631 GC heap after
Heap after GC invocations=13 (full 3):
 PSYoungGen      total 262656K, used 0K [0x00000000d5580000, 0x00000000e7780000, 0x0000000100000000)
  eden space 245248K, 0% used [0x00000000d5580000,0x00000000d5580000,0x00000000e4500000)
  from space 17408K, 0% used [0x00000000e5b00000,0x00000000e5b00000,0x00000000e6c00000)
  to   space 22528K, 0% used [0x00000000e4500000,0x00000000e4500000,0x00000000e5b00000)
 ParOldGen       total 94720K, used 36586K [0x0000000080000000, 0x0000000085c80000, 0x00000000d5580000)
  object space 94720K, 38% used [0x0000000080000000,0x00000000823ba878,0x0000000085c80000)
 Metaspace       used 56798K, capacity 59064K, committed 59160K, reserved 1099776K
  class space    used 7762K, capacity 8225K, committed 8240K, reserved 1048576K
}
Event: 14.640 GC heap before
{Heap before GC invocations=14 (full 3):
 PSYoungGen      total 262656K, used 245248K [0x00000000d5580000, 0x00000000e7780000, 0x0000000100000000)
  eden space 245248K, 100% used [0x00000000d5580000,0x00000000e4500000,0x00000000e4500000)
  from space 17408K, 0% used [0x00000000e5b00000,0x00000000e5b00000,0x00000000e6c00000)
  to   space 22528K, 0% used [0x00000000e4500000,0x00000000e4500000,0x00000000e5b00000)
 ParOldGen       total 94720K, used 36586K [0x0000000080000000, 0x0000000085c80000, 0x00000000d5580000)
  object space 94720K, 38% used [0x0000000080000000,0x00000000823ba878,0x0000000085c80000)
 Metaspace       used 64568K, capacity 67690K, committed 67864K, reserved 1107968K
  class space    used 8862K, capacity 9470K, committed 9520K, reserved 1048576K
Event: 14.740 GC heap after
Heap after GC invocations=14 (full 3):
 PSYoungGen      total 267776K, used 21057K [0x00000000d5580000, 0x00000000eb080000, 0x0000000100000000)
  eden space 245248K, 0% used [0x00000000d5580000,0x00000000d5580000,0x00000000e4500000)
  from space 22528K, 93% used [0x00000000e4500000,0x00000000e59905b8,0x00000000e5b00000)
  to   space 25600K, 0% used [0x00000000e9780000,0x00000000e9780000,0x00000000eb080000)
 ParOldGen       total 94720K, used 36594K [0x0000000080000000, 0x0000000085c80000, 0x00000000d5580000)
  object space 94720K, 38% used [0x0000000080000000,0x00000000823bc878,0x0000000085c80000)
 Metaspace       used 64568K, capacity 67690K, committed 67864K, reserved 1107968K
  class space    used 8862K, capacity 9470K, committed 9520K, reserved 1048576K
}
Event: 17.342 GC heap before
{Heap before GC invocations=15 (full 3):
 PSYoungGen      total 267776K, used 266305K [0x00000000d5580000, 0x00000000eb080000, 0x0000000100000000)
  eden space 245248K, 100% used [0x00000000d5580000,0x00000000e4500000,0x00000000e4500000)
  from space 22528K, 93% used [0x00000000e4500000,0x00000000e59905b8,0x00000000e5b00000)
  to   space 25600K, 0% used [0x00000000e9780000,0x00000000e9780000,0x00000000eb080000)
 ParOldGen       total 94720K, used 36594K [0x0000000080000000, 0x0000000085c80000, 0x00000000d5580000)
  object space 94720K, 38% used [0x0000000080000000,0x00000000823bc878,0x0000000085c80000)
 Metaspace       used 74450K, capacity 78752K, committed 78872K, reserved 1116160K
  class space    used 10411K, capacity 11227K, committed 11312K, reserved 1048576K
Event: 17.418 GC heap after
Heap after GC invocations=15 (full 3):
 PSYoungGen      total 313344K, used 25594K [0x00000000d5580000, 0x00000000ed100000, 0x0000000100000000)
  eden space 287744K, 0% used [0x00000000d5580000,0x00000000d5580000,0x00000000e6e80000)
  from space 25600K, 99% used [0x00000000e9780000,0x00000000eb07e948,0x00000000eb080000)
  to   space 41984K, 0% used [0x00000000e6e80000,0x00000000e6e80000,0x00000000e9780000)
 ParOldGen       total 94720K, used 69871K [0x0000000080000000, 0x0000000085c80000, 0x00000000d5580000)
  object space 94720K, 73% used [0x0000000080000000,0x000000008443bf98,0x0000000085c80000)
 Metaspace       used 74450K, capacity 78752K, committed 78872K, reserved 1116160K
  class space    used 10411K, capacity 11227K, committed 11312K, reserved 1048576K
}

Deoptimization events (10 events):
Event: 21.557 Thread 0x000000001ab06000 Uncommon trap: reason=bimorphic action=maybe_recompile pc=0x0000000004cba2c8 method=org.gradle.internal.logging.sink.LogEventDispatcher.onOutput(Lorg/gradle/internal/logging/events/OutputEvent;)V @ 1
Event: 21.559 Thread 0x000000001ab06000 Uncommon trap: reason=class_check action=maybe_recompile pc=0x00000000037c7b50 method=org.gradle.internal.logging.text.AbstractLineChoppingStyledTextOutput$StateContext.flushLineText()V @ 110
Event: 21.559 Thread 0x000000001ab06000 Uncommon trap: reason=class_check action=maybe_recompile pc=0x00000000037c7b50 method=org.gradle.internal.logging.text.AbstractLineChoppingStyledTextOutput$StateContext.flushLineText()V @ 110
Event: 21.559 Thread 0x000000001ab06000 Uncommon trap: reason=bimorphic action=maybe_recompile pc=0x000000000415b810 method=org.gradle.internal.logging.sink.OutputEventRenderer.onOutput(Lorg/gradle/internal/logging/events/OutputEvent;)V @ 1
Event: 21.559 Thread 0x000000001ab06000 Uncommon trap: reason=class_check action=maybe_recompile pc=0x0000000004c62154 method=org.gradle.internal.logging.sink.OutputEventTransformer.onOutput(Lorg/gradle/internal/logging/events/OutputEvent;)V @ 225
Event: 21.654 Thread 0x000000001bc6a800 Uncommon trap: reason=class_check action=maybe_recompile pc=0x000000000449def4 method=java.util.concurrent.locks.ReentrantLock.lock()V @ 4
Event: 21.656 Thread 0x000000001ab06000 Uncommon trap: reason=class_check action=maybe_recompile pc=0x00000000047b0d04 method=java.util.HashMap.removeNode(ILjava/lang/Object;Ljava/lang/Object;ZZ)Ljava/util/HashMap$Node; @ 68
Event: 21.663 Thread 0x000000001a18e000 Uncommon trap: reason=class_check action=maybe_recompile pc=0x000000000449def4 method=java.util.concurrent.locks.ReentrantLock.lock()V @ 4
Event: 21.677 Thread 0x000000001ab06000 Uncommon trap: reason=class_check action=maybe_recompile pc=0x00000000047b0d80 method=java.util.HashMap.removeNode(ILjava/lang/Object;Ljava/lang/Object;ZZ)Ljava/util/HashMap$Node; @ 143
Event: 21.677 Thread 0x000000001a18c800 Uncommon trap: reason=class_check action=maybe_recompile pc=0x000000000449def4 method=java.util.concurrent.locks.ReentrantLock.lock()V @ 4

Classes redefined (0 events):
No events

Internal exceptions (10 events):
Event: 16.977 Thread 0x000000001ff30000 Exception <a 'sun/nio/fs/WindowsException'> (0x00000000e19a23a0) thrown at [C:\src\AOSP-openjdk-git\hotspot\src\share\vm\prims\jni.cpp, line 710]
Event: 17.306 Thread 0x000000001ff33000 Implicit null exception at 0x0000000003c8846f to 0x0000000003c88561
Event: 17.306 Thread 0x000000001ff2f000 Implicit null exception at 0x0000000003c8846f to 0x0000000003c88561
Event: 17.306 Thread 0x000000001ff2c000 Implicit null exception at 0x0000000003c8846f to 0x0000000003c88561
Event: 18.969 Thread 0x000000001ff2f000 Implicit null exception at 0x0000000004befb0f to 0x0000000004befc7d
Event: 19.978 Thread 0x000000001ff2f000 Exception <a 'sun/nio/fs/WindowsException'> (0x00000000df257148) thrown at [C:\src\AOSP-openjdk-git\hotspot\src\share\vm\prims\jni.cpp, line 710]
Event: 20.064 Thread 0x000000001a191000 Exception <a 'java/lang/NoSuchMethodError': java.lang.Object.lambda$comparingByKey$bbdbfea9$1(Ljava/util/Map$Entry;Ljava/util/Map$Entry;)I> (0x00000000df79e768) thrown at [C:\src\AOSP-openjdk-git\hotspot\src\share\vm\interpreter\linkResolver.cpp, line 620
Event: 20.733 Thread 0x000000001a191000 Exception <a 'java/lang/NoSuchMethodError': <clinit>> (0x00000000e29354a0) thrown at [C:\src\AOSP-openjdk-git\hotspot\src\share\vm\prims\jni.cpp, line 1615]
Event: 20.784 Thread 0x000000001ff2d800 Exception <a 'java/lang/NoSuchMethodError': java.lang.Object.newSystemTemporaryDirectory()Lcom/android/tools/build/apkzlib/bytestorage/TemporaryDirectory;> (0x00000000e2bfcf48) thrown at [C:\src\AOSP-openjdk-git\hotspot\src\share\vm\interpreter\linkResolv
Event: 20.871 Thread 0x000000001ff2d800 Exception <a 'java/lang/NoSuchMethodError': java.lang.Object.lambda$static$0(Lcom/android/apksig/util/RunnablesProvider;)V> (0x00000000e2edb8a8) thrown at [C:\src\AOSP-openjdk-git\hotspot\src\share\vm\interpreter\linkResolver.cpp, line 620]

Events (10 events):
Event: 21.682 loading class com/google/wireless/android/sdk/stats/LayoutEditorEventOrBuilder
Event: 21.682 loading class com/google/wireless/android/sdk/stats/LayoutEditorEventOrBuilder done
Event: 21.682 loading class com/google/wireless/android/sdk/stats/NavEditorEventOrBuilder
Event: 21.682 loading class com/google/wireless/android/sdk/stats/NavEditorEventOrBuilder done
Event: 21.683 loading class com/google/wireless/android/sdk/stats/ComposeSampleEventOrBuilder
Event: 21.683 loading class com/google/wireless/android/sdk/stats/ComposeSampleEventOrBuilder done
Event: 21.685 loading class com/google/wireless/android/sdk/stats/ResourceManagerEventOrBuilder
Event: 21.685 loading class com/google/wireless/android/sdk/stats/ResourceManagerEventOrBuilder done
Event: 21.686 loading class com/google/wireless/android/sdk/stats/PSDEventOrBuilder
Event: 21.686 loading class com/google/wireless/android/sdk/stats/PSDEventOrBuilder done


Dynamic libraries:
0x00007ff685400000 - 0x00007ff685431000 	C:\Program Files\Android\Android Studio\jre\bin\java.exe
0x00007ffb175b0000 - 0x00007ffb177a5000 	C:\WINDOWS\SYSTEM32\ntdll.dll
0x00007ffb16800000 - 0x00007ffb168bd000 	C:\WINDOWS\System32\KERNEL32.DLL
0x00007ffb15340000 - 0x00007ffb15609000 	C:\WINDOWS\System32\KERNELBASE.dll
0x00007ffb168c0000 - 0x00007ffb1696c000 	C:\WINDOWS\System32\ADVAPI32.dll
0x00007ffb16160000 - 0x00007ffb161fe000 	C:\WINDOWS\System32\msvcrt.dll
0x00007ffb16480000 - 0x00007ffb1651c000 	C:\WINDOWS\System32\sechost.dll
0x00007ffb17120000 - 0x00007ffb1724b000 	C:\WINDOWS\System32\RPCRT4.dll
0x00007ffb15f20000 - 0x00007ffb160c0000 	C:\WINDOWS\System32\USER32.dll
0x00007ffb151b0000 - 0x00007ffb151d2000 	C:\WINDOWS\System32\win32u.dll
0x00007ffb16130000 - 0x00007ffb1615a000 	C:\WINDOWS\System32\GDI32.dll
0x00007ffb14e50000 - 0x00007ffb14f5b000 	C:\WINDOWS\System32\gdi32full.dll
0x00007ffb14f60000 - 0x00007ffb14ffd000 	C:\WINDOWS\System32\msvcp_win.dll
0x00007ffb14cf0000 - 0x00007ffb14df0000 	C:\WINDOWS\System32\ucrtbase.dll
0x00007ffafcf40000 - 0x00007ffafd1da000 	C:\WINDOWS\WinSxS\amd64_microsoft.windows.common-controls_6595b64144ccf1df_6.0.19041.844_none_ca00b6081b84eb1d\COMCTL32.dll
0x00007ffb167d0000 - 0x00007ffb16800000 	C:\WINDOWS\System32\IMM32.DLL
0x000000005acb0000 - 0x000000005ad82000 	C:\Program Files\Android\Android Studio\jre\jre\bin\msvcr100.dll
0x000000005ae70000 - 0x000000005b6bb000 	C:\Program Files\Android\Android Studio\jre\jre\bin\server\jvm.dll
0x00007ffb16200000 - 0x00007ffb16208000 	C:\WINDOWS\System32\PSAPI.DLL
0x00007ffb00e30000 - 0x00007ffb00e39000 	C:\WINDOWS\SYSTEM32\WSOCK32.dll
0x00007ffb16410000 - 0x00007ffb1647b000 	C:\WINDOWS\System32\WS2_32.dll
0x00007ffb08920000 - 0x00007ffb08947000 	C:\WINDOWS\SYSTEM32\WINMM.dll
0x00007ffb08c20000 - 0x00007ffb08c2a000 	C:\WINDOWS\SYSTEM32\VERSION.dll
0x00007ffafb460000 - 0x00007ffafb46f000 	C:\Program Files\Android\Android Studio\jre\jre\bin\verify.dll
0x00007ffaf4a40000 - 0x00007ffaf4a69000 	C:\Program Files\Android\Android Studio\jre\jre\bin\java.dll
0x00007ffaf4850000 - 0x00007ffaf4866000 	C:\Program Files\Android\Android Studio\jre\jre\bin\zip.dll
0x00007ffb16970000 - 0x00007ffb170b2000 	C:\WINDOWS\System32\SHELL32.dll
0x00007ffb12e50000 - 0x00007ffb135e0000 	C:\WINDOWS\SYSTEM32\windows.storage.dll
0x00007ffb15bc0000 - 0x00007ffb15f15000 	C:\WINDOWS\System32\combase.dll
0x00007ffb14760000 - 0x00007ffb1478c000 	C:\WINDOWS\SYSTEM32\Wldp.dll
0x00007ffb16720000 - 0x00007ffb167ce000 	C:\WINDOWS\System32\SHCORE.dll
0x00007ffb170c0000 - 0x00007ffb17115000 	C:\WINDOWS\System32\shlwapi.dll
0x00007ffb14c30000 - 0x00007ffb14c4f000 	C:\WINDOWS\SYSTEM32\profapi.dll
0x00007ffae5fd0000 - 0x00007ffae5fea000 	C:\Program Files\Android\Android Studio\jre\jre\bin\net.dll
0x00007ffb144e0000 - 0x00007ffb1454a000 	C:\WINDOWS\system32\mswsock.dll
0x00007ffae56a0000 - 0x00007ffae56b3000 	C:\Program Files\Android\Android Studio\jre\jre\bin\nio.dll
0x00007ffafd4a0000 - 0x00007ffafd4c7000 	C:\Users\phan thanh toan\.gradle\native\f6784746aeab05261644944871eae4fe03e0ef1612fff0a4a95f87b438bc6780\windows-amd64\native-platform.dll
0x00007ffaeadf0000 - 0x00007ffaeadfd000 	C:\Program Files\Android\Android Studio\jre\jre\bin\management.dll
0x00007ffb146b0000 - 0x00007ffb146c8000 	C:\WINDOWS\SYSTEM32\CRYPTSP.dll
0x00007ffb13e10000 - 0x00007ffb13e44000 	C:\WINDOWS\system32\rsaenh.dll
0x00007ffb15080000 - 0x00007ffb150a7000 	C:\WINDOWS\System32\bcrypt.dll
0x00007ffb14bf0000 - 0x00007ffb14c1e000 	C:\WINDOWS\SYSTEM32\USERENV.dll
0x00007ffb15000000 - 0x00007ffb15080000 	C:\WINDOWS\System32\bcryptprimitives.dll
0x00007ffb146d0000 - 0x00007ffb146dc000 	C:\WINDOWS\SYSTEM32\CRYPTBASE.dll
0x00007ffb14180000 - 0x00007ffb141bb000 	C:\WINDOWS\SYSTEM32\IPHLPAPI.DLL
0x00007ffb160c0000 - 0x00007ffb160c8000 	C:\WINDOWS\System32\NSI.dll
0x00007ffb0bdd0000 - 0x00007ffb0bde7000 	C:\WINDOWS\SYSTEM32\dhcpcsvc6.DLL
0x00007ffb0c6e0000 - 0x00007ffb0c6fd000 	C:\WINDOWS\SYSTEM32\dhcpcsvc.DLL
0x00007ffb141d0000 - 0x00007ffb1429b000 	C:\WINDOWS\SYSTEM32\DNSAPI.dll
0x00007ffb0c950000 - 0x00007ffb0c95b000 	C:\WINDOWS\SYSTEM32\WINNSI.DLL

VM Arguments:
jvm_args: -Xmx2048m -Dfile.encoding=UTF-8 -Duser.country=US -Duser.language=en -Duser.variant 
java_command: org.gradle.launcher.daemon.bootstrap.GradleDaemon 6.5
java_class_path (initial): C:\Users\phan thanh toan\.gradle\wrapper\dists\gradle-6.5-bin\6nifqtx7604sqp1q6g8wikw7p\gradle-6.5\lib\gradle-launcher-6.5.jar
Launcher Type: SUN_STANDARD

Environment Variables:
PATH=C:\WINDOWS\system32;C:\WINDOWS;C:\WINDOWS\System32\Wbem;C:\WINDOWS\System32\WindowsPowerShell\v1.0\;C:\WINDOWS\System32\OpenSSH\;C:\Users\phan thanh toan\AppData\Local\Microsoft\WindowsApps;;D:\java and android\code java\Microsoft VS Code\bin
USERNAME=phan thanh toan
OS=Windows_NT
PROCESSOR_IDENTIFIER=Intel64 Family 6 Model 60 Stepping 3, GenuineIntel



---------------  S Y S T E M  ---------------

OS: Windows 10.0 , 64 bit Build 19041 (10.0.19041.804)

CPU:total 4 (initial active 4) (2 cores per cpu, 2 threads per core) family 6 model 60 stepping 3, cmov, cx8, fxsr, mmx, sse, sse2, sse3, ssse3, sse4.1, sse4.2, popcnt, avx, avx2, aes, clmul, erms, lzcnt, ht, tsc, tscinvbit, bmi1, bmi2

Memory: 4k page, physical 4117844k(273788k free), swap 6515588k(3016k free)

vm_info: OpenJDK 64-Bit Server VM (25.242-b01) for windows-amd64 JRE (1.8.0_242-release-1644-b01), built by "builder" with MS VC++ 10.0 (VS2010)

time: Fri Mar 26 09:42:35 2021
timezone: SE Asia Standard Time
elapsed time: 21 seconds (0d 0h 0m 21s)

