#
# There is insufficient memory for the Java Runtime Environment to continue.
# Native memory allocation (malloc) failed to allocate 1745856 bytes for Chunk::new
# Possible reasons:
#   The system is out of physical RAM or swap space
#   The process is running with CompressedOops enabled, and the Java Heap may be blocking the growth of the native heap
# Possible solutions:
#   Reduce memory load on the system
#   Increase physical memory or swap space
#   Check if swap backing store is full
#   Decrease Java heap size (-Xmx/-Xms)
#   Decrease number of Java threads
#   Decrease Java thread stack sizes (-Xss)
#   Set larger code cache with -XX:ReservedCodeCacheSize=
#   JVM is running with Unscaled Compressed Oops mode in which the Java heap is
#     placed in the first 4GB address space. The Java Heap base address is the
#     maximum limit for the native heap growth. Please use -XX:HeapBaseMinAddress
#     to set the Java Heap base and to place the Java Heap above 4GB virtual address.
# This output file may be truncated or incomplete.
#
#  Out of Memory Error (allocation.cpp:389), pid=5332, tid=0x0000000000000700
#
# JRE version: OpenJDK Runtime Environment (8.0_242-b01) (build 1.8.0_242-release-1644-b01)
# Java VM: OpenJDK 64-Bit Server VM (25.242-b01 mixed mode windows-amd64 compressed oops)
# Failed to write core dump. Minidumps are not enabled by default on client versions of Windows
#

---------------  T H R E A D  ---------------

Current thread (0x0000000017469800):  JavaThread "C2 CompilerThread1" daemon [_thread_in_native, id=1792, stack(0x0000000018bc0000,0x0000000018cc0000)]

Stack: [0x0000000018bc0000,0x0000000018cc0000]
[error occurred during error reporting (printing stack bounds), id 0xc0000005]

Native frames: (J=compiled Java code, j=interpreted, Vv=VM code, C=native code)


Current CompileTask:
C2:   6645 2589       4       groovy.lang.MetaClassImpl$1MOPIter::methodNameAction (325 bytes)


---------------  P R O C E S S  ---------------

Java Threads: ( => current thread )
  0x000000001b35a800 JavaThread "Cache worker for file content cache (C:\Users\phan thanh toan\.gradle\caches\6.5\fileContent)" [_thread_blocked, id=1284, stack(0x0000000021730000,0x0000000021830000)]
  0x000000001b359000 JavaThread "jar transforms" [_thread_blocked, id=6580, stack(0x0000000021630000,0x0000000021730000)]
  0x000000001b358000 JavaThread "Cache worker for execution history cache (C:\Users\phan thanh toan\.gradle\caches\6.5\executionHistory)" [_thread_blocked, id=10388, stack(0x0000000020f30000,0x0000000021030000)]
  0x000000001b356800 JavaThread "Cache worker for cache directory md-rule (C:\Users\phan thanh toan\.gradle\caches\6.5\md-rule)" [_thread_blocked, id=68, stack(0x000000001fbe0000,0x000000001fce0000)]
  0x000000001b355000 JavaThread "Cache worker for cache directory md-supplier (C:\Users\phan thanh toan\.gradle\caches\6.5\md-supplier)" [_thread_blocked, id=8648, stack(0x000000001fae0000,0x000000001fbe0000)]
  0x000000001b35b000 JavaThread "Cache worker for checksums cache (D:\login2\.gradle\checksums)" [_thread_blocked, id=8924, stack(0x000000001e7d0000,0x000000001e8d0000)]
  0x000000001b356000 JavaThread "Cache worker for file hash cache (D:\login2\.gradle\6.5\fileHashes)" [_thread_blocked, id=1144, stack(0x000000001d4e0000,0x000000001d5e0000)]
  0x000000001b357800 JavaThread "Cache worker for file hash cache (C:\Users\phan thanh toan\.gradle\caches\6.5\fileHashes)" [_thread_blocked, id=8352, stack(0x000000001d3e0000,0x000000001d4e0000)]
  0x000000001b35c000 JavaThread "File lock request listener" [_thread_in_native, id=8040, stack(0x000000001d2e0000,0x000000001d3e0000)]
  0x000000001b22c000 JavaThread "Cache worker for journal cache (C:\Users\phan thanh toan\.gradle\caches\journal-1)" [_thread_blocked, id=12752, stack(0x000000001d1e0000,0x000000001d2e0000)]
  0x000000001a44c800 JavaThread "Thread-9" [_thread_blocked, id=2744, stack(0x000000001cee0000,0x000000001cfe0000)]
  0x000000001a4c0000 JavaThread "Stdin handler" [_thread_blocked, id=6388, stack(0x000000001cde0000,0x000000001cee0000)]
  0x000000001a4bb000 JavaThread "Asynchronous log dispatcher for DefaultDaemonConnection: socket connection from /127.0.0.1:59708 to /127.0.0.1:59709" [_thread_blocked, id=3772, stack(0x000000001cce0000,0x000000001cde0000)]
  0x000000001aae2800 JavaThread "Daemon worker" [_thread_in_vm, id=5432, stack(0x000000001cbe0000,0x000000001cce0000)]
  0x000000001ae7a800 JavaThread "Cancel handler" [_thread_blocked, id=11020, stack(0x000000001cae0000,0x000000001cbe0000)]
  0x000000001a5fe800 JavaThread "Handler for socket connection from /127.0.0.1:59708 to /127.0.0.1:59709" [_thread_in_native, id=10552, stack(0x000000001c9e0000,0x000000001cae0000)]
  0x000000001a5fd800 JavaThread "Daemon" [_thread_blocked, id=10412, stack(0x000000001c8e0000,0x000000001c9e0000)]
  0x000000001b05b800 JavaThread "Daemon periodic checks" [_thread_blocked, id=8120, stack(0x000000001c5e0000,0x000000001c6e0000)]
  0x0000000019f04800 JavaThread "Incoming local TCP Connector on port 59708" [_thread_in_native, id=6224, stack(0x000000001c3a0000,0x000000001c4a0000)]
  0x000000001ad25000 JavaThread "Daemon health stats" [_thread_blocked, id=5564, stack(0x000000001bd60000,0x000000001be60000)]
  0x0000000018e30000 JavaThread "Service Thread" daemon [_thread_blocked, id=5884, stack(0x00000000191c0000,0x00000000192c0000)]
  0x00000000174b6800 JavaThread "C1 CompilerThread2" daemon [_thread_blocked, id=7476, stack(0x0000000018cc0000,0x0000000018dc0000)]
=>0x0000000017469800 JavaThread "C2 CompilerThread1" daemon [_thread_in_native, id=1792, stack(0x0000000018bc0000,0x0000000018cc0000)]
  0x0000000017465800 JavaThread "C2 CompilerThread0" daemon [_thread_in_native, id=13052, stack(0x0000000018ac0000,0x0000000018bc0000)]
  0x00000000174b2800 JavaThread "Attach Listener" daemon [_thread_blocked, id=7116, stack(0x00000000189c0000,0x0000000018ac0000)]
  0x00000000174b1800 JavaThread "Signal Dispatcher" daemon [_thread_blocked, id=9340, stack(0x00000000188c0000,0x00000000189c0000)]
  0x000000000283b000 JavaThread "Finalizer" daemon [_thread_blocked, id=1168, stack(0x00000000186c0000,0x00000000187c0000)]
  0x0000000017449000 JavaThread "Reference Handler" daemon [_thread_blocked, id=12256, stack(0x00000000185c0000,0x00000000186c0000)]
  0x000000000259e000 JavaThread "main" [_thread_blocked, id=8196, stack(0x0000000002640000,0x0000000002740000)]

Other Threads:
  0x0000000017426000 VMThread [stack: 0x00000000184c0000,0x00000000185c0000] [id=10452]
  0x0000000018e49000 WatcherThread [stack: 0x00000000192c0000,0x00000000193c0000] [id=5764]

VM state:not at safepoint (normal execution)

VM Mutex/Monitor currently owned by a thread: None

heap address: 0x0000000080000000, size: 2048 MB, Compressed Oops mode: 32-bit
Narrow klass base: 0x0000000000000000, Narrow klass shift: 3
Compressed class space size: 1073741824 Address: 0x0000000100000000

Heap:
 PSYoungGen      total 192512K, used 20474K [0x00000000d5580000, 0x00000000e2400000, 0x0000000100000000)
  eden space 180224K, 11% used [0x00000000d5580000,0x00000000d697ebd8,0x00000000e0580000)
  from space 12288K, 0% used [0x00000000e1200000,0x00000000e1200000,0x00000000e1e00000)
  to   space 12800K, 0% used [0x00000000e0580000,0x00000000e0580000,0x00000000e1200000)
 ParOldGen       total 49664K, used 14594K [0x0000000080000000, 0x0000000083080000, 0x00000000d5580000)
  object space 49664K, 29% used [0x0000000080000000,0x0000000080e40a40,0x0000000083080000)
 Metaspace       used 35451K, capacity 36656K, committed 37032K, reserved 1081344K
  class space    used 4878K, capacity 5169K, committed 5296K, reserved 1048576K

Card table byte_map: [0x0000000011c00000,0x0000000012010000] byte_map_base: 0x0000000011800000

Marking Bits: (ParMarkBitMap*) 0x0000000059eff030
 Begin Bits: [0x00000000126c0000, 0x00000000146c0000)
 End Bits:   [0x00000000146c0000, 0x00000000166c0000)

Polling page: 0x0000000000d70000

CodeCache: size=245760Kb used=10756Kb max_used=10756Kb free=235003Kb
 bounds [0x0000000002840000, 0x00000000032d0000, 0x0000000011840000]
 total_blobs=3491 nmethods=2791 adapters=612
 compilation: enabled

Compilation events (10 events):
Event: 6.639 Thread 0x00000000174b6800 2795   !   3       org.gradle.internal.serialize.kryo.KryoBackedDecoder::readSmallInt (16 bytes)
Event: 6.639 Thread 0x00000000174b6800 nmethod 2795 0x00000000032c2d10 code [0x00000000032c2ee0, 0x00000000032c35c8]
Event: 6.639 Thread 0x00000000174b6800 2796       3       org.gradle.api.internal.artifacts.ivyservice.modulecache.StringDeduplicatingDecoder::readSmallInt (10 bytes)
Event: 6.640 Thread 0x00000000174b6800 nmethod 2796 0x00000000032c3910 code [0x00000000032c3a80, 0x00000000032c3ca8]
Event: 6.640 Thread 0x00000000174b6800 2797       3       org.gradle.util.internal.SimpleMapInterner::intern (9 bytes)
Event: 6.640 Thread 0x00000000174b6800 nmethod 2797 0x00000000032c3d50 code [0x00000000032c3ec0, 0x00000000032c4148]
Event: 6.640 Thread 0x00000000174b6800 2798       3       org.gradle.api.internal.artifacts.ivyservice.modulecache.StringDeduplicatingDecoder::readString (22 bytes)
Event: 6.640 Thread 0x00000000174b6800 nmethod 2798 0x00000000032c4210 code [0x00000000032c43a0, 0x00000000032c4778]
Event: 6.641 Thread 0x00000000174b6800 2799       3       com.esotericsoftware.kryo.io.Input::readVarInt (192 bytes)
Event: 6.642 Thread 0x00000000174b6800 nmethod 2799 0x00000000032c4890 code [0x00000000032c4a20, 0x00000000032c4ed8]

GC Heap History (10 events):
Event: 4.020 GC heap before
{Heap before GC invocations=8 (full 0):
 PSYoungGen      total 71168K, used 17316K [0x00000000d5580000, 0x00000000de680000, 0x0000000100000000)
  eden space 64512K, 16% used [0x00000000d5580000,0x00000000d5fef4c0,0x00000000d9480000)
  from space 6656K, 99% used [0x00000000d9480000,0x00000000d9af9bc8,0x00000000d9b00000)
  to   space 9728K, 0% used [0x00000000ddd00000,0x00000000ddd00000,0x00000000de680000)
 ParOldGen       total 44032K, used 8492K [0x0000000080000000, 0x0000000082b00000, 0x00000000d5580000)
  object space 44032K, 19% used [0x0000000080000000,0x000000008084b340,0x0000000082b00000)
 Metaspace       used 20607K, capacity 21224K, committed 21296K, reserved 1067008K
  class space    used 2877K, capacity 3076K, committed 3120K, reserved 1048576K
Event: 4.027 GC heap after
Heap after GC invocations=8 (full 0):
 PSYoungGen      total 137728K, used 4284K [0x00000000d5580000, 0x00000000de580000, 0x0000000100000000)
  eden space 129024K, 0% used [0x00000000d5580000,0x00000000d5580000,0x00000000dd380000)
  from space 8704K, 49% used [0x00000000ddd00000,0x00000000de12f3e0,0x00000000de580000)
  to   space 9216K, 0% used [0x00000000dd380000,0x00000000dd380000,0x00000000ddc80000)
 ParOldGen       total 44032K, used 8956K [0x0000000080000000, 0x0000000082b00000, 0x00000000d5580000)
  object space 44032K, 20% used [0x0000000080000000,0x00000000808bf340,0x0000000082b00000)
 Metaspace       used 20607K, capacity 21224K, committed 21296K, reserved 1067008K
  class space    used 2877K, capacity 3076K, committed 3120K, reserved 1048576K
}
Event: 4.027 GC heap before
{Heap before GC invocations=9 (full 1):
 PSYoungGen      total 137728K, used 4284K [0x00000000d5580000, 0x00000000de580000, 0x0000000100000000)
  eden space 129024K, 0% used [0x00000000d5580000,0x00000000d5580000,0x00000000dd380000)
  from space 8704K, 49% used [0x00000000ddd00000,0x00000000de12f3e0,0x00000000de580000)
  to   space 9216K, 0% used [0x00000000dd380000,0x00000000dd380000,0x00000000ddc80000)
 ParOldGen       total 44032K, used 8956K [0x0000000080000000, 0x0000000082b00000, 0x00000000d5580000)
  object space 44032K, 20% used [0x0000000080000000,0x00000000808bf340,0x0000000082b00000)
 Metaspace       used 20607K, capacity 21224K, committed 21296K, reserved 1067008K
  class space    used 2877K, capacity 3076K, committed 3120K, reserved 1048576K
Event: 4.078 GC heap after
Heap after GC invocations=9 (full 1):
 PSYoungGen      total 137728K, used 0K [0x00000000d5580000, 0x00000000de580000, 0x0000000100000000)
  eden space 129024K, 0% used [0x00000000d5580000,0x00000000d5580000,0x00000000dd380000)
  from space 8704K, 0% used [0x00000000ddd00000,0x00000000ddd00000,0x00000000de580000)
  to   space 9216K, 0% used [0x00000000dd380000,0x00000000dd380000,0x00000000ddc80000)
 ParOldGen       total 32768K, used 7250K [0x0000000080000000, 0x0000000082000000, 0x00000000d5580000)
  object space 32768K, 22% used [0x0000000080000000,0x0000000080714b30,0x0000000082000000)
 Metaspace       used 20607K, capacity 21224K, committed 21296K, reserved 1067008K
  class space    used 2877K, capacity 3076K, committed 3120K, reserved 1048576K
}
Event: 5.935 GC heap before
{Heap before GC invocations=10 (full 1):
 PSYoungGen      total 137728K, used 129024K [0x00000000d5580000, 0x00000000de580000, 0x0000000100000000)
  eden space 129024K, 100% used [0x00000000d5580000,0x00000000dd380000,0x00000000dd380000)
  from space 8704K, 0% used [0x00000000ddd00000,0x00000000ddd00000,0x00000000de580000)
  to   space 9216K, 0% used [0x00000000dd380000,0x00000000dd380000,0x00000000ddc80000)
 ParOldGen       total 32768K, used 7250K [0x0000000080000000, 0x0000000082000000, 0x00000000d5580000)
  object space 32768K, 22% used [0x0000000080000000,0x0000000080714b30,0x0000000082000000)
 Metaspace       used 32773K, capacity 33796K, committed 33968K, reserved 1079296K
  class space    used 4474K, capacity 4750K, committed 4784K, reserved 1048576K
Event: 5.952 GC heap after
Heap after GC invocations=10 (full 1):
 PSYoungGen      total 138240K, used 9207K [0x00000000d5580000, 0x00000000e1e00000, 0x0000000100000000)
  eden space 129024K, 0% used [0x00000000d5580000,0x00000000d5580000,0x00000000dd380000)
  from space 9216K, 99% used [0x00000000dd380000,0x00000000ddc7dd78,0x00000000ddc80000)
  to   space 12288K, 0% used [0x00000000e1200000,0x00000000e1200000,0x00000000e1e00000)
 ParOldGen       total 32768K, used 12001K [0x0000000080000000, 0x0000000082000000, 0x00000000d5580000)
  object space 32768K, 36% used [0x0000000080000000,0x0000000080bb8788,0x0000000082000000)
 Metaspace       used 32773K, capacity 33796K, committed 33968K, reserved 1079296K
  class space    used 4474K, capacity 4750K, committed 4784K, reserved 1048576K
}
Event: 6.285 GC heap before
{Heap before GC invocations=11 (full 1):
 PSYoungGen      total 138240K, used 38872K [0x00000000d5580000, 0x00000000e1e00000, 0x0000000100000000)
  eden space 129024K, 22% used [0x00000000d5580000,0x00000000d7278530,0x00000000dd380000)
  from space 9216K, 99% used [0x00000000dd380000,0x00000000ddc7dd78,0x00000000ddc80000)
  to   space 12288K, 0% used [0x00000000e1200000,0x00000000e1200000,0x00000000e1e00000)
 ParOldGen       total 32768K, used 12001K [0x0000000080000000, 0x0000000082000000, 0x00000000d5580000)
  object space 32768K, 36% used [0x0000000080000000,0x0000000080bb8788,0x0000000082000000)
 Metaspace       used 34262K, capacity 35412K, committed 35496K, reserved 1079296K
  class space    used 4714K, capacity 5001K, committed 5040K, reserved 1048576K
Event: 6.306 GC heap after
Heap after GC invocations=11 (full 1):
 PSYoungGen      total 192512K, used 8020K [0x00000000d5580000, 0x00000000e2400000, 0x0000000100000000)
  eden space 180224K, 0% used [0x00000000d5580000,0x00000000d5580000,0x00000000e0580000)
  from space 12288K, 65% used [0x00000000e1200000,0x00000000e19d5018,0x00000000e1e00000)
  to   space 12800K, 0% used [0x00000000e0580000,0x00000000e0580000,0x00000000e1200000)
 ParOldGen       total 32768K, used 12009K [0x0000000080000000, 0x0000000082000000, 0x00000000d5580000)
  object space 32768K, 36% used [0x0000000080000000,0x0000000080bba788,0x0000000082000000)
 Metaspace       used 34262K, capacity 35412K, committed 35496K, reserved 1079296K
  class space    used 4714K, capacity 5001K, committed 5040K, reserved 1048576K
}
Event: 6.306 GC heap before
{Heap before GC invocations=12 (full 2):
 PSYoungGen      total 192512K, used 8020K [0x00000000d5580000, 0x00000000e2400000, 0x0000000100000000)
  eden space 180224K, 0% used [0x00000000d5580000,0x00000000d5580000,0x00000000e0580000)
  from space 12288K, 65% used [0x00000000e1200000,0x00000000e19d5018,0x00000000e1e00000)
  to   space 12800K, 0% used [0x00000000e0580000,0x00000000e0580000,0x00000000e1200000)
 ParOldGen       total 32768K, used 12009K [0x0000000080000000, 0x0000000082000000, 0x00000000d5580000)
  object space 32768K, 36% used [0x0000000080000000,0x0000000080bba788,0x0000000082000000)
 Metaspace       used 34262K, capacity 35412K, committed 35496K, reserved 1079296K
  class space    used 4714K, capacity 5001K, committed 5040K, reserved 1048576K
Event: 6.380 GC heap after
Heap after GC invocations=12 (full 2):
 PSYoungGen      total 192512K, used 0K [0x00000000d5580000, 0x00000000e2400000, 0x0000000100000000)
  eden space 180224K, 0% used [0x00000000d5580000,0x00000000d5580000,0x00000000e0580000)
  from space 12288K, 0% used [0x00000000e1200000,0x00000000e1200000,0x00000000e1e00000)
  to   space 12800K, 0% used [0x00000000e0580000,0x00000000e0580000,0x00000000e1200000)
 ParOldGen       total 49664K, used 14594K [0x0000000080000000, 0x0000000083080000, 0x00000000d5580000)
  object space 49664K, 29% used [0x0000000080000000,0x0000000080e40a40,0x0000000083080000)
 Metaspace       used 34262K, capacity 35412K, committed 35496K, reserved 1079296K
  class space    used 4714K, capacity 5001K, committed 5040K, reserved 1048576K
}

Deoptimization events (10 events):
Event: 5.599 Thread 0x000000001aae2800 Uncommon trap: reason=unstable_if action=reinterpret pc=0x000000000317d544 method=org.gradle.internal.reflect.PropertyAccessorType.isGetGetterName(Ljava/lang/String;)Z @ 14
Event: 5.637 Thread 0x000000001aae2800 Uncommon trap: reason=unstable_if action=reinterpret pc=0x0000000002f5aa40 method=org.objectweb.asm.ByteVector.putShort(I)Lorg/objectweb/asm/ByteVector; @ 13
Event: 5.758 Thread 0x000000001aae2800 Uncommon trap: reason=unstable_if action=reinterpret pc=0x0000000002e93d9c method=java.net.URLClassLoader.defineClass(Ljava/lang/String;Lsun/misc/Resource;)Ljava/lang/Class; @ 21
Event: 5.844 Thread 0x000000001aae2800 Uncommon trap: reason=unstable_if action=reinterpret pc=0x0000000003211e88 method=org.codehaus.groovy.runtime.metaclass.MetaMethodIndex.addMethodToList(Ljava/lang/Object;Lgroovy/lang/MetaMethod;)Ljava/lang/Object; @ 226
Event: 5.953 Thread 0x0000000017449000 Uncommon trap: reason=unstable_if action=reinterpret pc=0x0000000002e63a7c method=java.lang.ref.Reference.tryHandlePending(Z)Z @ 104
Event: 5.969 Thread 0x000000001aae2800 Uncommon trap: reason=range_check action=make_not_entrant pc=0x00000000031e2670 method=java.lang.String.charAt(I)C @ 27
Event: 6.125 Thread 0x000000001aae2800 Uncommon trap: reason=unstable_if action=reinterpret pc=0x0000000002b13598 method=java.net.URI.match(CJJ)Z @ 45
Event: 6.128 Thread 0x000000001aae2800 Uncommon trap: reason=unstable_if action=reinterpret pc=0x0000000002a129e0 method=java.net.URI.match(CJJ)Z @ 45
Event: 6.220 Thread 0x000000001aae2800 Uncommon trap: reason=unstable_if action=reinterpret pc=0x0000000002a193a0 method=java.net.URI.match(CJJ)Z @ 45
Event: 6.551 Thread 0x000000001aae2800 Uncommon trap: reason=bimorphic action=maybe_recompile pc=0x0000000002ff682c method=java.io.BufferedInputStream.read([BII)I @ 101

Classes redefined (0 events):
No events

Internal exceptions (10 events):
Event: 5.899 Thread 0x000000001aae2800 Exception <a 'java/lang/ClassNotFoundException': org/gradle/api/internal/artifacts/dsl/DefaultRepositoryHandler_DecoratedCustomizer> (0x00000000dd053900) thrown at [C:\src\AOSP-openjdk-git\hotspot\src\share\vm\classfile\systemDictionary.cpp, line 210]
Event: 6.091 Thread 0x000000001aae2800 Exception <a 'java/lang/ClassNotFoundException': org/gradle/api/internal/artifacts/dsl/dependencies/DefaultDependencyHandler_DecoratedBeanInfo> (0x00000000d602d200) thrown at [C:\src\AOSP-openjdk-git\hotspot\src\share\vm\classfile\systemDictionary.cpp, li
Event: 6.092 Thread 0x000000001aae2800 Exception <a 'java/lang/ClassNotFoundException': org/gradle/api/internal/artifacts/dsl/dependencies/DefaultDependencyHandlerBeanInfo> (0x00000000d6085b40) thrown at [C:\src\AOSP-openjdk-git\hotspot\src\share\vm\classfile\systemDictionary.cpp, line 210]
Event: 6.094 Thread 0x000000001aae2800 Exception <a 'java/lang/ClassNotFoundException': org/gradle/api/internal/artifacts/dsl/dependencies/DefaultDependencyHandlerCustomizer> (0x00000000d60df780) thrown at [C:\src\AOSP-openjdk-git\hotspot\src\share\vm\classfile\systemDictionary.cpp, line 210]
Event: 6.097 Thread 0x000000001aae2800 Exception <a 'java/lang/ClassNotFoundException': org/gradle/api/internal/artifacts/dsl/dependencies/DefaultDependencyHandler_DecoratedCustomizer> (0x00000000d616a4b8) thrown at [C:\src\AOSP-openjdk-git\hotspot\src\share\vm\classfile\systemDictionary.cpp, 
Event: 6.183 Thread 0x000000001aae2800 Exception <a 'java/lang/NoSuchMethodError': java.lang.Object.lambda$static$0(Lorg/gradle/api/internal/artifacts/configurations/MutationValidator$MutationType;)V> (0x00000000d67dbaf0) thrown at [C:\src\AOSP-openjdk-git\hotspot\src\share\vm\interpreter\link
Event: 6.420 Thread 0x000000001aae2800 Exception <a 'java/lang/NoSuchMethodError': java.lang.Object.lambda$static$0(Lorg/gradle/internal/component/model/DependencyMetadata;)Lorg/gradle/api/internal/artifacts/ivyservice/dependencysubstitution/DependencySubstitutionApplicator$SubstitutionResult;
Event: 6.479 Thread 0x000000001aae2800 Exception <a 'java/lang/IncompatibleClassChangeError': Found class java.lang.Object, but interface was expected> (0x00000000d5e22350) thrown at [C:\src\AOSP-openjdk-git\hotspot\src\share\vm\interpreter\linkResolver.cpp, line 653]
Event: 6.482 Thread 0x000000001aae2800 Exception <a 'java/lang/NoSuchMethodError': java.lang.Object.lambda$thenComparing$36697e65$1(Ljava/util/Comparator;Ljava/lang/Object;Ljava/lang/Object;)I> (0x00000000d5e2dc80) thrown at [C:\src\AOSP-openjdk-git\hotspot\src\share\vm\interpreter\linkResolve
Event: 6.617 Thread 0x000000001aae2800 Exception <a 'java/lang/NoSuchMethodError': java.lang.Object.lambda$static$0()Z> (0x00000000d6831ef0) thrown at [C:\src\AOSP-openjdk-git\hotspot\src\share\vm\interpreter\linkResolver.cpp, line 620]

Events (10 events):
Event: 6.627 loading class org/gradle/api/internal/artifacts/ivyservice/resolveengine/excludes/specs/ExcludeSpec
Event: 6.628 loading class org/gradle/api/internal/artifacts/ivyservice/resolveengine/excludes/specs/ExcludeSpec done
Event: 6.628 loading class org/gradle/api/internal/artifacts/ivyservice/resolveengine/excludes/specs/ExcludeSpec
Event: 6.628 loading class org/gradle/api/internal/artifacts/ivyservice/resolveengine/excludes/specs/ExcludeSpec done
Event: 6.628 loading class org/gradle/api/internal/artifacts/ivyservice/resolveengine/excludes/factories/OptimizingExcludeFactory
Event: 6.628 loading class org/gradle/api/internal/artifacts/ivyservice/resolveengine/excludes/factories/OptimizingExcludeFactory done
Event: 6.628 loading class org/gradle/api/internal/artifacts/ivyservice/resolveengine/excludes/factories/Optimizations
Event: 6.628 loading class org/gradle/api/internal/artifacts/ivyservice/resolveengine/excludes/factories/Optimizations done
Event: 6.629 loading class org/gradle/internal/component/external/model/ConfigurationBoundExternalDependencyMetadata
Event: 6.629 loading class org/gradle/internal/component/external/model/ConfigurationBoundExternalDependencyMetadata done


Dynamic libraries:
0x00007ff7c8dd0000 - 0x00007ff7c8e01000 	C:\Program Files\Android\Android Studio\jre\bin\java.exe
0x00007ffbf4a70000 - 0x00007ffbf4c65000 	C:\WINDOWS\SYSTEM32\ntdll.dll
0x00007ffbf4910000 - 0x00007ffbf49cd000 	C:\WINDOWS\System32\KERNEL32.DLL
0x00007ffbf2330000 - 0x00007ffbf25f9000 	C:\WINDOWS\System32\KERNELBASE.dll
0x00007ffbf2d50000 - 0x00007ffbf2dfc000 	C:\WINDOWS\System32\ADVAPI32.dll
0x00007ffbf43f0000 - 0x00007ffbf448e000 	C:\WINDOWS\System32\msvcrt.dll
0x00007ffbf4490000 - 0x00007ffbf452c000 	C:\WINDOWS\System32\sechost.dll
0x00007ffbf47e0000 - 0x00007ffbf490b000 	C:\WINDOWS\System32\RPCRT4.dll
0x00007ffbf3c80000 - 0x00007ffbf3e20000 	C:\WINDOWS\System32\USER32.dll
0x00007ffbf2650000 - 0x00007ffbf2672000 	C:\WINDOWS\System32\win32u.dll
0x00007ffbf4360000 - 0x00007ffbf438a000 	C:\WINDOWS\System32\GDI32.dll
0x00007ffbf29c0000 - 0x00007ffbf2acb000 	C:\WINDOWS\System32\gdi32full.dll
0x00007ffbf2290000 - 0x00007ffbf232d000 	C:\WINDOWS\System32\msvcp_win.dll
0x00007ffbf2700000 - 0x00007ffbf2800000 	C:\WINDOWS\System32\ucrtbase.dll
0x00007ffbd78d0000 - 0x00007ffbd7b6a000 	C:\WINDOWS\WinSxS\amd64_microsoft.windows.common-controls_6595b64144ccf1df_6.0.19041.844_none_ca00b6081b84eb1d\COMCTL32.dll
0x00007ffbf4680000 - 0x00007ffbf46b0000 	C:\WINDOWS\System32\IMM32.DLL
0x0000000059570000 - 0x0000000059642000 	C:\Program Files\Android\Android Studio\jre\jre\bin\msvcr100.dll
0x0000000059730000 - 0x0000000059f7b000 	C:\Program Files\Android\Android Studio\jre\jre\bin\server\jvm.dll
0x00007ffbf4530000 - 0x00007ffbf4538000 	C:\WINDOWS\System32\PSAPI.DLL
0x00007ffbeb310000 - 0x00007ffbeb319000 	C:\WINDOWS\SYSTEM32\WSOCK32.dll
0x00007ffbf4610000 - 0x00007ffbf467b000 	C:\WINDOWS\System32\WS2_32.dll
0x00007ffbe58d0000 - 0x00007ffbe58f7000 	C:\WINDOWS\SYSTEM32\WINMM.dll
0x00007ffbed8d0000 - 0x00007ffbed8da000 	C:\WINDOWS\SYSTEM32\VERSION.dll
0x00007ffbead70000 - 0x00007ffbead7f000 	C:\Program Files\Android\Android Studio\jre\jre\bin\verify.dll
0x00007ffbd5e30000 - 0x00007ffbd5e59000 	C:\Program Files\Android\Android Studio\jre\jre\bin\java.dll
0x00007ffbd5e10000 - 0x00007ffbd5e26000 	C:\Program Files\Android\Android Studio\jre\jre\bin\zip.dll
0x00007ffbf3530000 - 0x00007ffbf3c72000 	C:\WINDOWS\System32\SHELL32.dll
0x00007ffbf0310000 - 0x00007ffbf0aa0000 	C:\WINDOWS\SYSTEM32\windows.storage.dll
0x00007ffbf4000000 - 0x00007ffbf4355000 	C:\WINDOWS\System32\combase.dll
0x00007ffbf1c20000 - 0x00007ffbf1c4c000 	C:\WINDOWS\SYSTEM32\Wldp.dll
0x00007ffbf4540000 - 0x00007ffbf45ee000 	C:\WINDOWS\System32\SHCORE.dll
0x00007ffbf34c0000 - 0x00007ffbf3515000 	C:\WINDOWS\System32\shlwapi.dll
0x00007ffbf20f0000 - 0x00007ffbf210f000 	C:\WINDOWS\SYSTEM32\profapi.dll
0x00007ffbe0a40000 - 0x00007ffbe0a5a000 	C:\Program Files\Android\Android Studio\jre\jre\bin\net.dll
0x00007ffbf19a0000 - 0x00007ffbf1a0a000 	C:\WINDOWS\system32\mswsock.dll
0x00007ffbe0a20000 - 0x00007ffbe0a33000 	C:\Program Files\Android\Android Studio\jre\jre\bin\nio.dll
0x00007ffbec820000 - 0x00007ffbec847000 	C:\Users\phan thanh toan\.gradle\native\f6784746aeab05261644944871eae4fe03e0ef1612fff0a4a95f87b438bc6780\windows-amd64\native-platform.dll
0x00007ffbee8c0000 - 0x00007ffbee8cd000 	C:\Program Files\Android\Android Studio\jre\jre\bin\management.dll
0x00007ffbf1b70000 - 0x00007ffbf1b88000 	C:\WINDOWS\SYSTEM32\CRYPTSP.dll
0x00007ffbf12d0000 - 0x00007ffbf1304000 	C:\WINDOWS\system32\rsaenh.dll
0x00007ffbf21b0000 - 0x00007ffbf21d7000 	C:\WINDOWS\System32\bcrypt.dll
0x00007ffbf2070000 - 0x00007ffbf209e000 	C:\WINDOWS\SYSTEM32\USERENV.dll
0x00007ffbf2680000 - 0x00007ffbf2700000 	C:\WINDOWS\System32\bcryptprimitives.dll
0x00007ffbf1b90000 - 0x00007ffbf1b9c000 	C:\WINDOWS\SYSTEM32\CRYPTBASE.dll
0x00007ffbf1640000 - 0x00007ffbf167b000 	C:\WINDOWS\SYSTEM32\IPHLPAPI.DLL
0x00007ffbf3520000 - 0x00007ffbf3528000 	C:\WINDOWS\System32\NSI.dll
0x00007ffbe9350000 - 0x00007ffbe9367000 	C:\WINDOWS\SYSTEM32\dhcpcsvc6.DLL
0x00007ffbe93d0000 - 0x00007ffbe93ed000 	C:\WINDOWS\SYSTEM32\dhcpcsvc.DLL
0x00007ffbf1690000 - 0x00007ffbf175b000 	C:\WINDOWS\SYSTEM32\DNSAPI.dll
0x00007ffbe9530000 - 0x00007ffbe953b000 	C:\WINDOWS\SYSTEM32\WINNSI.DLL

VM Arguments:
jvm_args: -Xmx2048m -Dfile.encoding=UTF-8 -Duser.country=US -Duser.language=en -Duser.variant 
java_command: org.gradle.launcher.daemon.bootstrap.GradleDaemon 6.5
java_class_path (initial): C:\Users\phan thanh toan\.gradle\wrapper\dists\gradle-6.5-bin\6nifqtx7604sqp1q6g8wikw7p\gradle-6.5\lib\gradle-launcher-6.5.jar
Launcher Type: SUN_STANDARD

Environment Variables:
PATH=C:\WINDOWS\system32;C:\WINDOWS;C:\WINDOWS\System32\Wbem;C:\WINDOWS\System32\WindowsPowerShell\v1.0\;C:\WINDOWS\System32\OpenSSH\;C:\Users\phan thanh toan\AppData\Local\Microsoft\WindowsApps;;D:\java and android\code java\Microsoft VS Code\bin
USERNAME=phan thanh toan
OS=Windows_NT
PROCESSOR_IDENTIFIER=Intel64 Family 6 Model 60 Stepping 3, GenuineIntel



---------------  S Y S T E M  ---------------

OS: Windows 10.0 , 64 bit Build 19041 (10.0.19041.804)

CPU:total 4 (initial active 4) (2 cores per cpu, 2 threads per core) family 6 model 60 stepping 3, cmov, cx8, fxsr, mmx, sse, sse2, sse3, ssse3, sse4.1, sse4.2, popcnt, avx, avx2, aes, clmul, erms, lzcnt, ht, tsc, tscinvbit, bmi1, bmi2

Memory: 4k page, physical 4117844k(473936k free), swap 6934688k(6284k free)

vm_info: OpenJDK 64-Bit Server VM (25.242-b01) for windows-amd64 JRE (1.8.0_242-release-1644-b01), built by "builder" with MS VC++ 10.0 (VS2010)

time: Mon Mar 22 14:24:49 2021
timezone: SE Asia Standard Time
elapsed time: 6 seconds (0d 0h 0m 6s)

