#
# There is insufficient memory for the Java Runtime Environment to continue.
# Native memory allocation (malloc) failed to allocate 174960 bytes for Chunk::new
# Possible reasons:
#   The system is out of physical RAM or swap space
#   The process is running with CompressedOops enabled, and the Java Heap may be blocking the growth of the native heap
# Possible solutions:
#   Reduce memory load on the system
#   Increase physical memory or swap space
#   Check if swap backing store is full
#   Decrease Java heap size (-Xmx/-Xms)
#   Decrease number of Java threads
#   Decrease Java thread stack sizes (-Xss)
#   Set larger code cache with -XX:ReservedCodeCacheSize=
#   JVM is running with Unscaled Compressed Oops mode in which the Java heap is
#     placed in the first 4GB address space. The Java Heap base address is the
#     maximum limit for the native heap growth. Please use -XX:HeapBaseMinAddress
#     to set the Java Heap base and to place the Java Heap above 4GB virtual address.
# This output file may be truncated or incomplete.
#
#  Out of Memory Error (allocation.cpp:389), pid=9672, tid=0x0000000000001d4c
#
# JRE version: OpenJDK Runtime Environment (8.0_242-b01) (build 1.8.0_242-release-1644-b01)
# Java VM: OpenJDK 64-Bit Server VM (25.242-b01 mixed mode windows-amd64 compressed oops)
# Failed to write core dump. Minidumps are not enabled by default on client versions of Windows
#

---------------  T H R E A D  ---------------

Current thread (0x00000000170e9800):  JavaThread "C2 CompilerThread1" daemon [_thread_in_native, id=7500, stack(0x0000000018840000,0x0000000018940000)]

Stack: [0x0000000018840000,0x0000000018940000]
[error occurred during error reporting (printing stack bounds), id 0xc0000005]

Native frames: (J=compiled Java code, j=interpreted, Vv=VM code, C=native code)


Current CompileTask:
C2:  22597 9285       4       org.objectweb.asm.ClassReader::readMethod (1047 bytes)


---------------  P R O C E S S  ---------------

Java Threads: ( => current thread )
  0x000000001e370800 JavaThread "ForkJoinPool.commonPool-worker-3" daemon [_thread_in_Java, id=5024, stack(0x000000002b730000,0x000000002b830000)]
  0x000000001e369000 JavaThread "ForkJoinPool.commonPool-worker-2" daemon [_thread_in_Java, id=3192, stack(0x000000002b630000,0x000000002b730000)]
  0x000000001e370000 JavaThread "ForkJoinPool.commonPool-worker-1" daemon [_thread_in_Java, id=7476, stack(0x000000002aed0000,0x000000002afd0000)]
  0x000000001e36f000 JavaThread "Cache worker for Java compile cache (D:\login2\.gradle\6.5\javaCompile)" [_thread_blocked, id=5564, stack(0x000000002add0000,0x000000002aed0000)]
  0x000000001e36e800 JavaThread "Cache worker for Java compile cache (C:\Users\phan thanh toan\.gradle\caches\6.5\javaCompile)" [_thread_blocked, id=6612, stack(0x000000002acd0000,0x000000002add0000)]
  0x000000001e36a000 JavaThread "Cache worker for execution history cache (D:\login2\.gradle\6.5\executionHistory)" [_thread_blocked, id=3804, stack(0x000000002a010000,0x000000002a110000)]
  0x000000001e36d800 JavaThread "Execution worker for ':' Thread 3" [_thread_blocked, id=5736, stack(0x000000002a7d0000,0x000000002a8d0000)]
  0x000000001e36b800 JavaThread "Execution worker for ':' Thread 2" [_thread_blocked, id=7972, stack(0x000000002a6d0000,0x000000002a7d0000)]
  0x0000000019644800 JavaThread "Execution worker for ':'" [_thread_blocked, id=8892, stack(0x000000002a5d0000,0x000000002a6d0000)]
  0x0000000019643000 JavaThread "Cache worker for file content cache (D:\login2\.gradle\6.5\fileContent)" [_thread_blocked, id=8932, stack(0x0000000029d10000,0x0000000029e10000)]
  0x0000000019642800 JavaThread "Memory manager" [_thread_blocked, id=7020, stack(0x0000000029400000,0x0000000029500000)]
  0x0000000019644000 JavaThread "pool-1-thread-1" [_thread_blocked, id=1240, stack(0x0000000028bb0000,0x0000000028cb0000)]
  0x0000000019641800 JavaThread "Cache worker for Build Output Cleanup Cache (D:\login2\.gradle\buildOutputCleanup)" [_thread_blocked, id=7204, stack(0x0000000028d00000,0x0000000028e00000)]
  0x0000000019641000 JavaThread "jar transforms Thread 92" [_thread_blocked, id=5456, stack(0x00000000288b0000,0x00000000289b0000)]
  0x0000000019647000 JavaThread "jar transforms Thread 91" [_thread_blocked, id=10684, stack(0x00000000287b0000,0x00000000288b0000)]
  0x0000000019646000 JavaThread "jar transforms Thread 90" [_thread_blocked, id=10348, stack(0x00000000286b0000,0x00000000287b0000)]
  0x0000000019645800 JavaThread "jar transforms Thread 89" [_thread_blocked, id=9288, stack(0x00000000285b0000,0x00000000286b0000)]
  0x0000000019638800 JavaThread "jar transforms Thread 88" [_thread_blocked, id=10244, stack(0x00000000284b0000,0x00000000285b0000)]
  0x000000001963f800 JavaThread "jar transforms Thread 87" [_thread_blocked, id=2660, stack(0x00000000283b0000,0x00000000284b0000)]
  0x000000001963d000 JavaThread "jar transforms Thread 86" [_thread_blocked, id=10424, stack(0x00000000282b0000,0x00000000283b0000)]
  0x000000001963b800 JavaThread "jar transforms Thread 85" [_thread_blocked, id=1000, stack(0x00000000281b0000,0x00000000282b0000)]
  0x000000001963c800 JavaThread "jar transforms Thread 84" [_thread_blocked, id=6216, stack(0x00000000280b0000,0x00000000281b0000)]
  0x000000001963e000 JavaThread "jar transforms Thread 83" [_thread_blocked, id=10748, stack(0x0000000027fb0000,0x00000000280b0000)]
  0x000000001963b000 JavaThread "jar transforms Thread 82" [_thread_blocked, id=3472, stack(0x0000000027eb0000,0x0000000027fb0000)]
  0x000000001963a000 JavaThread "jar transforms Thread 81" [_thread_blocked, id=10732, stack(0x0000000027db0000,0x0000000027eb0000)]
  0x000000001963e800 JavaThread "jar transforms Thread 80" [_thread_blocked, id=216, stack(0x0000000027cb0000,0x0000000027db0000)]
  0x0000000019639800 JavaThread "jar transforms Thread 79" [_thread_blocked, id=9764, stack(0x0000000027bb0000,0x0000000027cb0000)]
  0x0000000019638000 JavaThread "jar transforms Thread 78" [_thread_blocked, id=6624, stack(0x0000000027ab0000,0x0000000027bb0000)]
  0x000000001b663800 JavaThread "jar transforms Thread 77" [_thread_blocked, id=404, stack(0x00000000279b0000,0x0000000027ab0000)]
  0x000000001b663000 JavaThread "jar transforms Thread 76" [_thread_blocked, id=9960, stack(0x00000000278b0000,0x00000000279b0000)]
  0x000000001b662000 JavaThread "jar transforms Thread 75" [_thread_blocked, id=1672, stack(0x00000000277b0000,0x00000000278b0000)]
  0x000000001b661000 JavaThread "jar transforms Thread 74" [_thread_blocked, id=6868, stack(0x00000000276b0000,0x00000000277b0000)]
  0x000000001b664800 JavaThread "jar transforms Thread 73" [_thread_blocked, id=8468, stack(0x00000000275b0000,0x00000000276b0000)]
  0x000000001b659800 JavaThread "jar transforms Thread 72" [_thread_blocked, id=8880, stack(0x00000000274b0000,0x00000000275b0000)]
  0x000000001b660800 JavaThread "jar transforms Thread 71" [_thread_blocked, id=10384, stack(0x00000000273b0000,0x00000000274b0000)]
  0x000000001b65f800 JavaThread "jar transforms Thread 70" [_thread_blocked, id=8796, stack(0x00000000272b0000,0x00000000273b0000)]
  0x000000001b65f000 JavaThread "jar transforms Thread 69" [_thread_blocked, id=5544, stack(0x00000000271b0000,0x00000000272b0000)]
  0x000000001b657800 JavaThread "jar transforms Thread 68" [_thread_blocked, id=5904, stack(0x00000000270b0000,0x00000000271b0000)]
  0x000000001b65e000 JavaThread "jar transforms Thread 67" [_thread_blocked, id=5856, stack(0x0000000026fb0000,0x00000000270b0000)]
  0x000000001b659000 JavaThread "jar transforms Thread 66" [_thread_blocked, id=1776, stack(0x0000000026eb0000,0x0000000026fb0000)]
  0x000000001b65d800 JavaThread "jar transforms Thread 65" [_thread_blocked, id=10548, stack(0x0000000026db0000,0x0000000026eb0000)]
  0x000000001b656000 JavaThread "jar transforms Thread 64" [_thread_blocked, id=10700, stack(0x0000000026cb0000,0x0000000026db0000)]
  0x000000001b656800 JavaThread "jar transforms Thread 63" [_thread_blocked, id=468, stack(0x0000000026bb0000,0x0000000026cb0000)]
  0x000000001b658000 JavaThread "jar transforms Thread 62" [_thread_blocked, id=10660, stack(0x0000000026ab0000,0x0000000026bb0000)]
  0x000000001b65c800 JavaThread "jar transforms Thread 61" [_thread_blocked, id=9484, stack(0x00000000269b0000,0x0000000026ab0000)]
  0x000000001b655000 JavaThread "jar transforms Thread 60" [_thread_blocked, id=10828, stack(0x00000000268b0000,0x00000000269b0000)]
  0x000000001b65c000 JavaThread "jar transforms Thread 59" [_thread_blocked, id=3452, stack(0x00000000267b0000,0x00000000268b0000)]
  0x000000001b65b000 JavaThread "jar transforms Thread 58" [_thread_blocked, id=2864, stack(0x00000000266b0000,0x00000000267b0000)]
  0x000000001b65a800 JavaThread "jar transforms Thread 57" [_thread_blocked, id=1604, stack(0x00000000265b0000,0x00000000266b0000)]
  0x0000000019176800 JavaThread "jar transforms Thread 56" [_thread_blocked, id=8492, stack(0x00000000264b0000,0x00000000265b0000)]
  0x0000000019176000 JavaThread "jar transforms Thread 55" [_thread_blocked, id=4180, stack(0x00000000263b0000,0x00000000264b0000)]
  0x0000000019175000 JavaThread "jar transforms Thread 54" [_thread_blocked, id=932, stack(0x00000000262b0000,0x00000000263b0000)]
  0x0000000019171000 JavaThread "jar transforms Thread 53" [_thread_blocked, id=2796, stack(0x00000000261b0000,0x00000000262b0000)]
  0x0000000019170800 JavaThread "jar transforms Thread 52" [_thread_blocked, id=8188, stack(0x00000000260b0000,0x00000000261b0000)]
  0x0000000019172800 JavaThread "jar transforms Thread 51" [_thread_blocked, id=8888, stack(0x0000000025fb0000,0x00000000260b0000)]
  0x000000001916f800 JavaThread "jar transforms Thread 50" [_thread_blocked, id=2556, stack(0x0000000025eb0000,0x0000000025fb0000)]
  0x0000000019172000 JavaThread "jar transforms Thread 49" [_thread_blocked, id=11140, stack(0x0000000025db0000,0x0000000025eb0000)]
  0x0000000019174800 JavaThread "jar transforms Thread 48" [_thread_blocked, id=10756, stack(0x0000000025cb0000,0x0000000025db0000)]
  0x0000000019173800 JavaThread "jar transforms Thread 47" [_thread_blocked, id=3284, stack(0x0000000025bb0000,0x0000000025cb0000)]
  0x0000000019169000 JavaThread "jar transforms Thread 46" [_thread_blocked, id=9736, stack(0x0000000025ab0000,0x0000000025bb0000)]
  0x0000000019168000 JavaThread "jar transforms Thread 45" [_thread_blocked, id=652, stack(0x00000000259b0000,0x0000000025ab0000)]
  0x000000001916f000 JavaThread "jar transforms Thread 44" [_thread_blocked, id=5040, stack(0x00000000258b0000,0x00000000259b0000)]
  0x000000001916e000 JavaThread "jar transforms Thread 43" [_thread_blocked, id=5132, stack(0x00000000257b0000,0x00000000258b0000)]
  0x000000001916c800 JavaThread "jar transforms Thread 42" [_thread_blocked, id=6096, stack(0x00000000256b0000,0x00000000257b0000)]
  0x000000001916c000 JavaThread "jar transforms Thread 41" [_thread_blocked, id=1380, stack(0x00000000255b0000,0x00000000256b0000)]
  0x0000000019169800 JavaThread "jar transforms Thread 40" [_thread_blocked, id=7188, stack(0x00000000254b0000,0x00000000255b0000)]
  0x000000001916b000 JavaThread "jar transforms Thread 39" [_thread_blocked, id=10996, stack(0x00000000253b0000,0x00000000254b0000)]
  0x000000001916a800 JavaThread "jar transforms Thread 38" [_thread_blocked, id=4952, stack(0x00000000252b0000,0x00000000253b0000)]
  0x000000001916d800 JavaThread "jar transforms Thread 37" [_thread_blocked, id=644, stack(0x00000000251b0000,0x00000000252b0000)]
  0x0000000019167800 JavaThread "jar transforms Thread 36" [_thread_blocked, id=9248, stack(0x00000000250b0000,0x00000000251b0000)]
  0x0000000019fb2800 JavaThread "jar transforms Thread 35" [_thread_blocked, id=7988, stack(0x0000000024fb0000,0x00000000250b0000)]
  0x0000000019fb2000 JavaThread "jar transforms Thread 34" [_thread_blocked, id=9200, stack(0x0000000024eb0000,0x0000000024fb0000)]
  0x0000000019fb0800 JavaThread "jar transforms Thread 33" [_thread_blocked, id=6392, stack(0x0000000024db0000,0x0000000024eb0000)]
  0x0000000019faf800 JavaThread "jar transforms Thread 32" [_thread_blocked, id=5596, stack(0x0000000024cb0000,0x0000000024db0000)]
  0x0000000019fb1000 JavaThread "jar transforms Thread 31" [_thread_blocked, id=10884, stack(0x0000000024bb0000,0x0000000024cb0000)]
  0x0000000019faf000 JavaThread "jar transforms Thread 30" [_thread_blocked, id=5320, stack(0x0000000024ab0000,0x0000000024bb0000)]
  0x0000000019fa7800 JavaThread "jar transforms Thread 29" [_thread_blocked, id=2064, stack(0x00000000249b0000,0x0000000024ab0000)]
  0x0000000019fae000 JavaThread "jar transforms Thread 28" [_thread_blocked, id=9928, stack(0x00000000248b0000,0x00000000249b0000)]
  0x0000000019fad800 JavaThread "jar transforms Thread 27" [_thread_blocked, id=5540, stack(0x00000000247b0000,0x00000000248b0000)]
  0x0000000019fac800 JavaThread "jar transforms Thread 26" [_thread_blocked, id=3400, stack(0x00000000246b0000,0x00000000247b0000)]
  0x0000000019fa5000 JavaThread "jar transforms Thread 25" [_thread_blocked, id=5800, stack(0x00000000245b0000,0x00000000246b0000)]
  0x0000000019fa6000 JavaThread "jar transforms Thread 24" [_thread_blocked, id=2936, stack(0x00000000244b0000,0x00000000245b0000)]
  0x0000000019fac000 JavaThread "jar transforms Thread 23" [_thread_blocked, id=8184, stack(0x00000000243b0000,0x00000000244b0000)]
  0x0000000019fa6800 JavaThread "jar transforms Thread 22" [_thread_blocked, id=9184, stack(0x00000000242b0000,0x00000000243b0000)]
  0x0000000019fa4800 JavaThread "jar transforms Thread 21" [_thread_blocked, id=9704, stack(0x00000000241b0000,0x00000000242b0000)]
  0x0000000019fab000 JavaThread "jar transforms Thread 20" [_thread_blocked, id=9636, stack(0x00000000240b0000,0x00000000241b0000)]
  0x0000000019fa9800 JavaThread "jar transforms Thread 19" [_thread_blocked, id=7540, stack(0x0000000023fb0000,0x00000000240b0000)]
  0x0000000019fa9000 JavaThread "jar transforms Thread 18" [_thread_blocked, id=10736, stack(0x0000000023eb0000,0x0000000023fb0000)]
  0x0000000019fa8000 JavaThread "jar transforms Thread 17" [_thread_blocked, id=8604, stack(0x0000000023db0000,0x0000000023eb0000)]
  0x0000000019faa800 JavaThread "jar transforms Thread 16" [_thread_blocked, id=8964, stack(0x0000000023cb0000,0x0000000023db0000)]
  0x0000000019fa3800 JavaThread "jar transforms Thread 15" [_thread_blocked, id=11116, stack(0x0000000023bb0000,0x0000000023cb0000)]
  0x000000001af88000 JavaThread "jar transforms Thread 14" [_thread_blocked, id=9892, stack(0x0000000023ab0000,0x0000000023bb0000)]
  0x000000001af88800 JavaThread "jar transforms Thread 13" [_thread_blocked, id=10688, stack(0x00000000239b0000,0x0000000023ab0000)]
  0x000000001af86800 JavaThread "jar transforms Thread 12" [_thread_blocked, id=6192, stack(0x00000000238b0000,0x00000000239b0000)]
  0x000000001af85800 JavaThread "jar transforms Thread 11" [_thread_blocked, id=5784, stack(0x00000000237b0000,0x00000000238b0000)]
  0x000000001af87000 JavaThread "jar transforms Thread 10" [_thread_blocked, id=1020, stack(0x00000000235b0000,0x00000000236b0000)]
  0x000000001af7e000 JavaThread "jar transforms Thread 9" [_thread_blocked, id=9920, stack(0x00000000234b0000,0x00000000235b0000)]
  0x000000001af85000 JavaThread "jar transforms Thread 8" [_thread_blocked, id=7100, stack(0x00000000233b0000,0x00000000234b0000)]
  0x000000001af83800 JavaThread "jar transforms Thread 7" [_thread_blocked, id=2252, stack(0x00000000232b0000,0x00000000233b0000)]
  0x000000001af82800 JavaThread "jar transforms Thread 6" [_thread_blocked, id=7132, stack(0x00000000231b0000,0x00000000232b0000)]
  0x000000001af82000 JavaThread "jar transforms Thread 5" [_thread_blocked, id=6528, stack(0x00000000230b0000,0x00000000231b0000)]
  0x000000001af81000 JavaThread "jar transforms Thread 4" [_thread_blocked, id=10376, stack(0x0000000022fb0000,0x00000000230b0000)]
  0x000000001af7f800 JavaThread "jar transforms Thread 3" [_thread_blocked, id=6152, stack(0x0000000022eb0000,0x0000000022fb0000)]
  0x000000001af80000 JavaThread "jar transforms Thread 2" [_thread_blocked, id=5820, stack(0x0000000022db0000,0x0000000022eb0000)]
  0x000000001af7d000 JavaThread "Build operations Thread 4" [_thread_blocked, id=10528, stack(0x0000000022cb0000,0x0000000022db0000)]
  0x000000001af7e800 JavaThread "Build operations Thread 3" [_thread_blocked, id=8608, stack(0x0000000022bb0000,0x0000000022cb0000)]
  0x000000001af84000 JavaThread "Build operations Thread 2" [_thread_blocked, id=7904, stack(0x0000000022ab0000,0x0000000022bb0000)]
  0x000000001af7c800 JavaThread "Build operations" [_thread_blocked, id=10256, stack(0x00000000229b0000,0x0000000022ab0000)]
  0x000000001b1f9000 JavaThread "Cache worker for file content cache (C:\Users\phan thanh toan\.gradle\caches\6.5\fileContent)" [_thread_blocked, id=10524, stack(0x00000000212e0000,0x00000000213e0000)]
  0x000000001b1f9800 JavaThread "jar transforms" [_thread_blocked, id=8376, stack(0x000000001fc00000,0x000000001fd00000)]
  0x000000001b1f6800 JavaThread "Cache worker for execution history cache (C:\Users\phan thanh toan\.gradle\caches\6.5\executionHistory)" [_thread_blocked, id=10428, stack(0x000000001fb00000,0x000000001fc00000)]
  0x000000001b1fb000 JavaThread "Cache worker for cache directory md-rule (C:\Users\phan thanh toan\.gradle\caches\6.5\md-rule)" [_thread_blocked, id=7704, stack(0x000000001fa00000,0x000000001fb00000)]
  0x000000001b1fc000 JavaThread "Cache worker for cache directory md-supplier (C:\Users\phan thanh toan\.gradle\caches\6.5\md-supplier)" [_thread_blocked, id=2112, stack(0x000000001f900000,0x000000001fa00000)]
  0x000000001b1f8000 JavaThread "Cache worker for checksums cache (D:\login2\.gradle\checksums)" [_thread_blocked, id=7364, stack(0x000000001f800000,0x000000001f900000)]
  0x000000001b1f6000 JavaThread "Cache worker for file hash cache (D:\login2\.gradle\6.5\fileHashes)" [_thread_blocked, id=2888, stack(0x000000001f500000,0x000000001f600000)]
  0x000000001b1fa800 JavaThread "Cache worker for file hash cache (C:\Users\phan thanh toan\.gradle\caches\6.5\fileHashes)" [_thread_blocked, id=6252, stack(0x000000001e030000,0x000000001e130000)]
  0x000000001b1fc800 JavaThread "File lock request listener" [_thread_in_native, id=7608, stack(0x000000001cf60000,0x000000001d060000)]
  0x000000001b1f7800 JavaThread "Cache worker for journal cache (C:\Users\phan thanh toan\.gradle\caches\journal-1)" [_thread_blocked, id=5240, stack(0x000000001ce60000,0x000000001cf60000)]
  0x000000001aab7000 JavaThread "Thread-9" [_thread_blocked, id=7084, stack(0x000000001cb60000,0x000000001cc60000)]
  0x000000001aab4000 JavaThread "Stdin handler" [_thread_blocked, id=9924, stack(0x000000001ca60000,0x000000001cb60000)]
  0x000000001aaad000 JavaThread "Asynchronous log dispatcher for DefaultDaemonConnection: socket connection from /127.0.0.1:52987 to /127.0.0.1:52988" [_thread_blocked, id=2044, stack(0x000000001c960000,0x000000001ca60000)]
  0x0000000019b8f000 JavaThread "Daemon worker" [_thread_blocked, id=5220, stack(0x000000001c860000,0x000000001c960000)]
  0x0000000019ba3000 JavaThread "Cancel handler" [_thread_blocked, id=328, stack(0x000000001c760000,0x000000001c860000)]
  0x0000000019ae7000 JavaThread "Handler for socket connection from /127.0.0.1:52987 to /127.0.0.1:52988" [_thread_in_native, id=2204, stack(0x000000001c660000,0x000000001c760000)]
  0x000000001a519800 JavaThread "Daemon" [_thread_blocked, id=2440, stack(0x000000001c560000,0x000000001c660000)]
  0x000000001a9b4000 JavaThread "Daemon periodic checks" [_thread_blocked, id=9776, stack(0x000000001c260000,0x000000001c360000)]
  0x0000000019b34800 JavaThread "Incoming local TCP Connector on port 52987" [_thread_in_native, id=1624, stack(0x000000001c020000,0x000000001c120000)]
  0x000000001a889000 JavaThread "Daemon health stats" [_thread_blocked, id=7648, stack(0x000000001b9e0000,0x000000001bae0000)]
  0x0000000018a93800 JavaThread "Service Thread" daemon [_thread_blocked, id=10280, stack(0x0000000018e40000,0x0000000018f40000)]
  0x0000000017136000 JavaThread "C1 CompilerThread2" daemon [_thread_blocked, id=7624, stack(0x0000000018940000,0x0000000018a40000)]
=>0x00000000170e9800 JavaThread "C2 CompilerThread1" daemon [_thread_in_native, id=7500, stack(0x0000000018840000,0x0000000018940000)]
  0x00000000170e5800 JavaThread "C2 CompilerThread0" daemon [_thread_in_native, id=3928, stack(0x0000000018740000,0x0000000018840000)]
  0x00000000170e4000 JavaThread "Attach Listener" daemon [_thread_blocked, id=5576, stack(0x0000000018640000,0x0000000018740000)]
  0x0000000017132800 JavaThread "Signal Dispatcher" daemon [_thread_blocked, id=10968, stack(0x0000000018540000,0x0000000018640000)]
  0x00000000024bb000 JavaThread "Finalizer" daemon [_thread_blocked, id=7024, stack(0x0000000018340000,0x0000000018440000)]
  0x00000000170c9000 JavaThread "Reference Handler" daemon [_thread_blocked, id=6896, stack(0x0000000018240000,0x0000000018340000)]
  0x0000000000a0e000 JavaThread "main" [_thread_blocked, id=10308, stack(0x00000000022c0000,0x00000000023c0000)]

Other Threads:
  0x00000000170a6000 VMThread [stack: 0x0000000018140000,0x0000000018240000] [id=10320]
  0x0000000018a94000 WatcherThread [stack: 0x0000000018f40000,0x0000000019040000] [id=5460]

VM state:not at safepoint (normal execution)

VM Mutex/Monitor currently owned by a thread: None

heap address: 0x0000000080000000, size: 2048 MB, Compressed Oops mode: 32-bit
Narrow klass base: 0x0000000000000000, Narrow klass shift: 3
Compressed class space size: 1073741824 Address: 0x0000000100000000

Heap:
 PSYoungGen      total 256000K, used 127431K [0x00000000d5580000, 0x00000000e6980000, 0x0000000100000000)
  eden space 235008K, 45% used [0x00000000d5580000,0x00000000dbd76cd0,0x00000000e3b00000)
  from space 20992K, 99% used [0x00000000e3b00000,0x00000000e4f7b170,0x00000000e4f80000)
  to   space 15360K, 0% used [0x00000000e4f80000,0x00000000e4f80000,0x00000000e5e80000)
 ParOldGen       total 84992K, used 43470K [0x0000000080000000, 0x0000000085300000, 0x00000000d5580000)
  object space 84992K, 51% used [0x0000000080000000,0x0000000082a73858,0x0000000085300000)
 Metaspace       used 70919K, capacity 74082K, committed 74264K, reserved 1114112K
  class space    used 9626K, capacity 10229K, committed 10288K, reserved 1048576K

Card table byte_map: [0x0000000011880000,0x0000000011c90000] byte_map_base: 0x0000000011480000

Marking Bits: (ParMarkBitMap*) 0x000000005b63f030
 Begin Bits: [0x0000000012340000, 0x0000000014340000)
 End Bits:   [0x0000000014340000, 0x0000000016340000)

Polling page: 0x0000000000680000

CodeCache: size=245760Kb used=27092Kb max_used=27102Kb free=218667Kb
 bounds [0x00000000024c0000, 0x0000000003f60000, 0x00000000114c0000]
 total_blobs=9050 nmethods=8239 adapters=723
 compilation: enabled

Compilation events (10 events):
Event: 22.557 Thread 0x00000000170e9800 nmethod 9246 0x0000000003baa2d0 code [0x0000000003baa400, 0x0000000003baa478]
Event: 22.557 Thread 0x00000000170e9800 9278       4       org.objectweb.asm.Label::accept (65 bytes)
Event: 22.558 Thread 0x00000000170e9800 nmethod 9278 0x0000000003f395d0 code [0x0000000003f39720, 0x0000000003f397f8]
Event: 22.558 Thread 0x00000000170e9800 9281       4       org.objectweb.asm.MethodVisitor::visitLabel (16 bytes)
Event: 22.559 Thread 0x00000000170e9800 nmethod 9281 0x0000000003c41950 code [0x0000000003c41a80, 0x0000000003c41af8]
Event: 22.559 Thread 0x00000000170e9800 9237       4       java.util.HashSet::<init> (16 bytes)
Event: 22.560 Thread 0x00000000170e9800 nmethod 9237 0x0000000003f50410 code [0x0000000003f50560, 0x0000000003f50658]
Event: 22.560 Thread 0x00000000170e9800 9285       4       org.objectweb.asm.ClassReader::readMethod (1047 bytes)
Event: 22.595 Thread 0x0000000017136000 9292       3       org.objectweb.asm.ClassReader::readLong (29 bytes)
Event: 22.596 Thread 0x0000000017136000 nmethod 9292 0x0000000003f4ff10 code [0x0000000003f50080, 0x0000000003f50298]

GC Heap History (10 events):
Event: 9.560 GC heap before
{Heap before GC invocations=12 (full 2):
 PSYoungGen      total 192512K, used 8090K [0x00000000d5580000, 0x00000000e2300000, 0x0000000100000000)
  eden space 180224K, 0% used [0x00000000d5580000,0x00000000d5580000,0x00000000e0580000)
  from space 12288K, 65% used [0x00000000e1200000,0x00000000e19e6ae8,0x00000000e1e00000)
  to   space 12800K, 0% used [0x00000000e0580000,0x00000000e0580000,0x00000000e1200000)
 ParOldGen       total 32768K, used 12003K [0x0000000080000000, 0x0000000082000000, 0x00000000d5580000)
  object space 32768K, 36% used [0x0000000080000000,0x0000000080bb8f68,0x0000000082000000)
 Metaspace       used 34315K, capacity 35414K, committed 35496K, reserved 1079296K
  class space    used 4713K, capacity 5002K, committed 5040K, reserved 1048576K
Event: 9.648 GC heap after
Heap after GC invocations=12 (full 2):
 PSYoungGen      total 192512K, used 0K [0x00000000d5580000, 0x00000000e2300000, 0x0000000100000000)
  eden space 180224K, 0% used [0x00000000d5580000,0x00000000d5580000,0x00000000e0580000)
  from space 12288K, 0% used [0x00000000e1200000,0x00000000e1200000,0x00000000e1e00000)
  to   space 12800K, 0% used [0x00000000e0580000,0x00000000e0580000,0x00000000e1200000)
 ParOldGen       total 50176K, used 14630K [0x0000000080000000, 0x0000000083100000, 0x00000000d5580000)
  object space 50176K, 29% used [0x0000000080000000,0x0000000080e49a78,0x0000000083100000)
 Metaspace       used 34315K, capacity 35414K, committed 35496K, reserved 1079296K
  class space    used 4713K, capacity 5002K, committed 5040K, reserved 1048576K
}
Event: 12.153 GC heap before
{Heap before GC invocations=13 (full 2):
 PSYoungGen      total 192512K, used 180224K [0x00000000d5580000, 0x00000000e2300000, 0x0000000100000000)
  eden space 180224K, 100% used [0x00000000d5580000,0x00000000e0580000,0x00000000e0580000)
  from space 12288K, 0% used [0x00000000e1200000,0x00000000e1200000,0x00000000e1e00000)
  to   space 12800K, 0% used [0x00000000e0580000,0x00000000e0580000,0x00000000e1200000)
 ParOldGen       total 50176K, used 14630K [0x0000000080000000, 0x0000000083100000, 0x00000000d5580000)
  object space 50176K, 29% used [0x0000000080000000,0x0000000080e49a78,0x0000000083100000)
 Metaspace       used 44484K, capacity 46286K, committed 46632K, reserved 1089536K
  class space    used 6035K, capacity 6383K, committed 6448K, reserved 1048576K
Event: 12.188 GC heap after
Heap after GC invocations=13 (full 2):
 PSYoungGen      total 193024K, used 12788K [0x00000000d5580000, 0x00000000e5e80000, 0x0000000100000000)
  eden space 180224K, 0% used [0x00000000d5580000,0x00000000d5580000,0x00000000e0580000)
  from space 12800K, 99% used [0x00000000e0580000,0x00000000e11fd1b8,0x00000000e1200000)
  to   space 15360K, 0% used [0x00000000e4f80000,0x00000000e4f80000,0x00000000e5e80000)
 ParOldGen       total 50176K, used 15912K [0x0000000080000000, 0x0000000083100000, 0x00000000d5580000)
  object space 50176K, 31% used [0x0000000080000000,0x0000000080f8a148,0x0000000083100000)
 Metaspace       used 44484K, capacity 46286K, committed 46632K, reserved 1089536K
  class space    used 6035K, capacity 6383K, committed 6448K, reserved 1048576K
}
Event: 14.991 GC heap before
{Heap before GC invocations=14 (full 2):
 PSYoungGen      total 193024K, used 164351K [0x00000000d5580000, 0x00000000e5e80000, 0x0000000100000000)
  eden space 180224K, 84% used [0x00000000d5580000,0x00000000de982d00,0x00000000e0580000)
  from space 12800K, 99% used [0x00000000e0580000,0x00000000e11fd1b8,0x00000000e1200000)
  to   space 15360K, 0% used [0x00000000e4f80000,0x00000000e4f80000,0x00000000e5e80000)
 ParOldGen       total 50176K, used 15912K [0x0000000080000000, 0x0000000083100000, 0x00000000d5580000)
  object space 50176K, 31% used [0x0000000080000000,0x0000000080f8a148,0x0000000083100000)
 Metaspace       used 56693K, capacity 59004K, committed 59160K, reserved 1099776K
  class space    used 7759K, capacity 8231K, committed 8240K, reserved 1048576K
Event: 15.054 GC heap after
Heap after GC invocations=14 (full 2):
 PSYoungGen      total 250368K, used 15350K [0x00000000d5580000, 0x00000000e6980000, 0x0000000100000000)
  eden space 235008K, 0% used [0x00000000d5580000,0x00000000d5580000,0x00000000e3b00000)
  from space 15360K, 99% used [0x00000000e4f80000,0x00000000e5e7d870,0x00000000e5e80000)
  to   space 20992K, 0% used [0x00000000e3b00000,0x00000000e3b00000,0x00000000e4f80000)
 ParOldGen       total 50176K, used 25605K [0x0000000080000000, 0x0000000083100000, 0x00000000d5580000)
  object space 50176K, 51% used [0x0000000080000000,0x0000000081901790,0x0000000083100000)
 Metaspace       used 56693K, capacity 59004K, committed 59160K, reserved 1099776K
  class space    used 7759K, capacity 8231K, committed 8240K, reserved 1048576K
}
Event: 15.054 GC heap before
{Heap before GC invocations=15 (full 3):
 PSYoungGen      total 250368K, used 15350K [0x00000000d5580000, 0x00000000e6980000, 0x0000000100000000)
  eden space 235008K, 0% used [0x00000000d5580000,0x00000000d5580000,0x00000000e3b00000)
  from space 15360K, 99% used [0x00000000e4f80000,0x00000000e5e7d870,0x00000000e5e80000)
  to   space 20992K, 0% used [0x00000000e3b00000,0x00000000e3b00000,0x00000000e4f80000)
 ParOldGen       total 50176K, used 25605K [0x0000000080000000, 0x0000000083100000, 0x00000000d5580000)
  object space 50176K, 51% used [0x0000000080000000,0x0000000081901790,0x0000000083100000)
 Metaspace       used 56693K, capacity 59004K, committed 59160K, reserved 1099776K
  class space    used 7759K, capacity 8231K, committed 8240K, reserved 1048576K
Event: 15.315 GC heap after
Heap after GC invocations=15 (full 3):
 PSYoungGen      total 250368K, used 0K [0x00000000d5580000, 0x00000000e6980000, 0x0000000100000000)
  eden space 235008K, 0% used [0x00000000d5580000,0x00000000d5580000,0x00000000e3b00000)
  from space 15360K, 0% used [0x00000000e4f80000,0x00000000e4f80000,0x00000000e5e80000)
  to   space 20992K, 0% used [0x00000000e3b00000,0x00000000e3b00000,0x00000000e4f80000)
 ParOldGen       total 84992K, used 36805K [0x0000000080000000, 0x0000000085300000, 0x00000000d5580000)
  object space 84992K, 43% used [0x0000000080000000,0x00000000823f1590,0x0000000085300000)
 Metaspace       used 56676K, capacity 58950K, committed 59160K, reserved 1099776K
  class space    used 7754K, capacity 8222K, committed 8240K, reserved 1048576K
}
Event: 21.002 GC heap before
{Heap before GC invocations=16 (full 3):
 PSYoungGen      total 250368K, used 235008K [0x00000000d5580000, 0x00000000e6980000, 0x0000000100000000)
  eden space 235008K, 100% used [0x00000000d5580000,0x00000000e3b00000,0x00000000e3b00000)
  from space 15360K, 0% used [0x00000000e4f80000,0x00000000e4f80000,0x00000000e5e80000)
  to   space 20992K, 0% used [0x00000000e3b00000,0x00000000e3b00000,0x00000000e4f80000)
 ParOldGen       total 84992K, used 36805K [0x0000000080000000, 0x0000000085300000, 0x00000000d5580000)
  object space 84992K, 43% used [0x0000000080000000,0x00000000823f1590,0x0000000085300000)
 Metaspace       used 69783K, capacity 72996K, committed 73240K, reserved 1112064K
  class space    used 9541K, capacity 10168K, committed 10288K, reserved 1048576K
Event: 21.042 GC heap after
Heap after GC invocations=16 (full 3):
 PSYoungGen      total 256000K, used 20972K [0x00000000d5580000, 0x00000000e6980000, 0x0000000100000000)
  eden space 235008K, 0% used [0x00000000d5580000,0x00000000d5580000,0x00000000e3b00000)
  from space 20992K, 99% used [0x00000000e3b00000,0x00000000e4f7b170,0x00000000e4f80000)
  to   space 15360K, 0% used [0x00000000e4f80000,0x00000000e4f80000,0x00000000e5e80000)
 ParOldGen       total 84992K, used 43470K [0x0000000080000000, 0x0000000085300000, 0x00000000d5580000)
  object space 84992K, 51% used [0x0000000080000000,0x0000000082a73858,0x0000000085300000)
 Metaspace       used 69783K, capacity 72996K, committed 73240K, reserved 1112064K
  class space    used 9541K, capacity 10168K, committed 10288K, reserved 1048576K
}

Deoptimization events (10 events):
Event: 21.279 Thread 0x0000000019b8f000 Uncommon trap: reason=unstable_if action=reinterpret pc=0x0000000003ac8298 method=com.sun.tools.javac.util.ListBuffer.append(Ljava/lang/Object;)Lcom/sun/tools/javac/util/ListBuffer; @ 9
Event: 21.840 Thread 0x000000001e36f000 Uncommon trap: reason=unstable_if action=reinterpret pc=0x0000000002f5c690 method=com.esotericsoftware.kryo.io.Output.writeString(Ljava/lang/CharSequence;)V @ 50
Event: 21.843 Thread 0x000000001e36f000 Uncommon trap: reason=unstable_if action=reinterpret pc=0x0000000002693dd0 method=com.esotericsoftware.kryo.io.Output.writeString(Ljava/lang/CharSequence;)V @ 50
Event: 21.870 Thread 0x0000000019b8f000 Uncommon trap: reason=unstable_if action=reinterpret pc=0x0000000002e764d8 method=com.google.common.collect.MapMakerInternalMap$Segment.drainKeyReferenceQueue(Ljava/lang/ref/ReferenceQueue;)V @ 8
Event: 21.871 Thread 0x0000000019b8f000 Uncommon trap: reason=unstable_if action=reinterpret pc=0x000000000282a9d8 method=com.google.common.collect.MapMakerInternalMap$Segment.drainKeyReferenceQueue(Ljava/lang/ref/ReferenceQueue;)V @ 8
Event: 21.897 Thread 0x000000001e36a000 Uncommon trap: reason=bimorphic action=maybe_recompile pc=0x0000000003a323d0 method=java.util.Collections.indexedBinarySearch(Ljava/util/List;Ljava/lang/Object;)I @ 39
Event: 21.897 Thread 0x000000001e36a000 Uncommon trap: reason=bimorphic action=maybe_recompile pc=0x0000000003a323d0 method=java.util.Collections.indexedBinarySearch(Ljava/util/List;Ljava/lang/Object;)I @ 39
Event: 21.898 Thread 0x000000001e36a000 Uncommon trap: reason=unstable_if action=reinterpret pc=0x000000000332b76c method=org.gradle.internal.io.StreamByteBuffer.prepareRead()I @ 30
Event: 22.511 Thread 0x000000001e370800 Uncommon trap: reason=unstable_if action=reinterpret pc=0x0000000003eb1234 method=org.objectweb.asm.ClassReader.readUtf(II[C)Ljava/lang/String; @ 41
Event: 22.519 Thread 0x000000001e369000 Uncommon trap: reason=unstable_if action=reinterpret pc=0x0000000003f3c1fc method=org.objectweb.asm.ClassReader.readField(Lorg/objectweb/asm/ClassVisitor;Lorg/objectweb/asm/Context;I)I @ 178

Classes redefined (0 events):
No events

Internal exceptions (10 events):
Event: 18.803 Thread 0x0000000019b8f000 Exception <a 'sun/nio/fs/WindowsException'> (0x00000000dfe676e0) thrown at [C:\src\AOSP-openjdk-git\hotspot\src\share\vm\prims\jni.cpp, line 710]
Event: 18.856 Thread 0x0000000019b8f000 Exception <a 'java/lang/NoSuchMethodError': java.lang.Object.lambda$comparingByKey$bbdbfea9$1(Ljava/util/Map$Entry;Ljava/util/Map$Entry;)I> (0x00000000dff91f38) thrown at [C:\src\AOSP-openjdk-git\hotspot\src\share\vm\interpreter\linkResolver.cpp, line 620
Event: 20.148 Thread 0x0000000019642800 Exception <a 'java/lang/NoSuchMethodError': java.lang.Object.lambda$comparingInt$7b0bb60$1(Ljava/util/function/ToIntFunction;Ljava/lang/Object;Ljava/lang/Object;)I> (0x00000000e2cccf00) thrown at [C:\src\AOSP-openjdk-git\hotspot\src\share\vm\interpreter\l
Event: 21.095 Thread 0x0000000019b8f000 Implicit null exception at 0x0000000003a7f7f1 to 0x0000000003a7fc81
Event: 21.903 Thread 0x000000001aab7000 Exception <a 'java/lang/NoSuchMethodError': <clinit>> (0x00000000d58d5160) thrown at [C:\src\AOSP-openjdk-git\hotspot\src\share\vm\prims\jni.cpp, line 1615]
Event: 21.906 Thread 0x000000001aab7000 Exception <a 'java/lang/NoSuchMethodError': <clinit>> (0x00000000d58ef040) thrown at [C:\src\AOSP-openjdk-git\hotspot\src\share\vm\prims\jni.cpp, line 1615]
Event: 22.148 Thread 0x000000001e36b800 Exception <a 'sun/nio/fs/WindowsException'> (0x00000000d6e025f8) thrown at [C:\src\AOSP-openjdk-git\hotspot\src\share\vm\prims\jni.cpp, line 710]
Event: 22.148 Thread 0x000000001e36b800 Exception <a 'sun/nio/fs/WindowsException'> (0x00000000d6e032d0) thrown at [C:\src\AOSP-openjdk-git\hotspot\src\share\vm\prims\jni.cpp, line 710]
Event: 22.392 Thread 0x000000001e369000 Exception <a 'sun/nio/fs/WindowsException'> (0x00000000d7edc4e8) thrown at [C:\src\AOSP-openjdk-git\hotspot\src\share\vm\prims\jni.cpp, line 710]
Event: 22.399 Thread 0x000000001e369000 Exception <a 'java/lang/NoSuchMethodError': java.lang.Object.lambda$static$0(Ljava/lang/String;)Z> (0x00000000d7ee7560) thrown at [C:\src\AOSP-openjdk-git\hotspot\src\share\vm\interpreter\linkResolver.cpp, line 620]

Events (10 events):
Event: 22.539 Thread 0x000000001e370000 DEOPT PACKING pc=0x0000000003f09f6c sp=0x000000002afcf150
Event: 22.539 Thread 0x000000001e370000 DEOPT UNPACKING pc=0x00000000025075d0 sp=0x000000002afcee98 mode 0
Event: 22.542 Thread 0x000000001e370000 DEOPT PACKING pc=0x0000000003f09f6c sp=0x000000002afcf150
Event: 22.542 Thread 0x000000001e370000 DEOPT UNPACKING pc=0x00000000025075d0 sp=0x000000002afcee98 mode 0
Event: 22.545 Thread 0x000000001e369000 DEOPT PACKING pc=0x0000000003f09f6c sp=0x000000002b72ef20
Event: 22.545 Thread 0x000000001e369000 DEOPT UNPACKING pc=0x00000000025075d0 sp=0x000000002b72ec68 mode 0
Event: 22.548 Thread 0x000000001e369000 DEOPT PACKING pc=0x0000000003f09f6c sp=0x000000002b72ef20
Event: 22.548 Thread 0x000000001e369000 DEOPT UNPACKING pc=0x00000000025075d0 sp=0x000000002b72ec68 mode 0
Event: 22.554 Thread 0x000000001e370000 DEOPT PACKING pc=0x0000000003f09f6c sp=0x000000002afcf150
Event: 22.554 Thread 0x000000001e370000 DEOPT UNPACKING pc=0x00000000025075d0 sp=0x000000002afcee98 mode 0


Dynamic libraries:
0x00007ff685400000 - 0x00007ff685431000 	C:\Program Files\Android\Android Studio\jre\bin\java.exe
0x00007ffb175b0000 - 0x00007ffb177a5000 	C:\WINDOWS\SYSTEM32\ntdll.dll
0x00007ffb16800000 - 0x00007ffb168bd000 	C:\WINDOWS\System32\KERNEL32.DLL
0x00007ffb15340000 - 0x00007ffb15609000 	C:\WINDOWS\System32\KERNELBASE.dll
0x00007ffb168c0000 - 0x00007ffb1696c000 	C:\WINDOWS\System32\ADVAPI32.dll
0x00007ffb16160000 - 0x00007ffb161fe000 	C:\WINDOWS\System32\msvcrt.dll
0x00007ffb16480000 - 0x00007ffb1651c000 	C:\WINDOWS\System32\sechost.dll
0x00007ffb17120000 - 0x00007ffb1724b000 	C:\WINDOWS\System32\RPCRT4.dll
0x00007ffb15f20000 - 0x00007ffb160c0000 	C:\WINDOWS\System32\USER32.dll
0x00007ffb151b0000 - 0x00007ffb151d2000 	C:\WINDOWS\System32\win32u.dll
0x00007ffb16130000 - 0x00007ffb1615a000 	C:\WINDOWS\System32\GDI32.dll
0x00007ffb14e50000 - 0x00007ffb14f5b000 	C:\WINDOWS\System32\gdi32full.dll
0x00007ffb14f60000 - 0x00007ffb14ffd000 	C:\WINDOWS\System32\msvcp_win.dll
0x00007ffb14cf0000 - 0x00007ffb14df0000 	C:\WINDOWS\System32\ucrtbase.dll
0x00007ffafcf40000 - 0x00007ffafd1da000 	C:\WINDOWS\WinSxS\amd64_microsoft.windows.common-controls_6595b64144ccf1df_6.0.19041.844_none_ca00b6081b84eb1d\COMCTL32.dll
0x00007ffb167d0000 - 0x00007ffb16800000 	C:\WINDOWS\System32\IMM32.DLL
0x000000005acb0000 - 0x000000005ad82000 	C:\Program Files\Android\Android Studio\jre\jre\bin\msvcr100.dll
0x000000005ae70000 - 0x000000005b6bb000 	C:\Program Files\Android\Android Studio\jre\jre\bin\server\jvm.dll
0x00007ffb16200000 - 0x00007ffb16208000 	C:\WINDOWS\System32\PSAPI.DLL
0x00007ffb00e30000 - 0x00007ffb00e39000 	C:\WINDOWS\SYSTEM32\WSOCK32.dll
0x00007ffb16410000 - 0x00007ffb1647b000 	C:\WINDOWS\System32\WS2_32.dll
0x00007ffb08920000 - 0x00007ffb08947000 	C:\WINDOWS\SYSTEM32\WINMM.dll
0x00007ffb08c20000 - 0x00007ffb08c2a000 	C:\WINDOWS\SYSTEM32\VERSION.dll
0x00007ffafb460000 - 0x00007ffafb46f000 	C:\Program Files\Android\Android Studio\jre\jre\bin\verify.dll
0x00007ffaf4a40000 - 0x00007ffaf4a69000 	C:\Program Files\Android\Android Studio\jre\jre\bin\java.dll
0x00007ffaf4850000 - 0x00007ffaf4866000 	C:\Program Files\Android\Android Studio\jre\jre\bin\zip.dll
0x00007ffb16970000 - 0x00007ffb170b2000 	C:\WINDOWS\System32\SHELL32.dll
0x00007ffb12e50000 - 0x00007ffb135e0000 	C:\WINDOWS\SYSTEM32\windows.storage.dll
0x00007ffb15bc0000 - 0x00007ffb15f15000 	C:\WINDOWS\System32\combase.dll
0x00007ffb14760000 - 0x00007ffb1478c000 	C:\WINDOWS\SYSTEM32\Wldp.dll
0x00007ffb16720000 - 0x00007ffb167ce000 	C:\WINDOWS\System32\SHCORE.dll
0x00007ffb170c0000 - 0x00007ffb17115000 	C:\WINDOWS\System32\shlwapi.dll
0x00007ffb14c30000 - 0x00007ffb14c4f000 	C:\WINDOWS\SYSTEM32\profapi.dll
0x00007ffae5fd0000 - 0x00007ffae5fea000 	C:\Program Files\Android\Android Studio\jre\jre\bin\net.dll
0x00007ffb144e0000 - 0x00007ffb1454a000 	C:\WINDOWS\system32\mswsock.dll
0x00007ffae56a0000 - 0x00007ffae56b3000 	C:\Program Files\Android\Android Studio\jre\jre\bin\nio.dll
0x00007ffafd4a0000 - 0x00007ffafd4c7000 	C:\Users\phan thanh toan\.gradle\native\f6784746aeab05261644944871eae4fe03e0ef1612fff0a4a95f87b438bc6780\windows-amd64\native-platform.dll
0x00007ffaeadf0000 - 0x00007ffaeadfd000 	C:\Program Files\Android\Android Studio\jre\jre\bin\management.dll
0x00007ffb146b0000 - 0x00007ffb146c8000 	C:\WINDOWS\SYSTEM32\CRYPTSP.dll
0x00007ffb13e10000 - 0x00007ffb13e44000 	C:\WINDOWS\system32\rsaenh.dll
0x00007ffb15080000 - 0x00007ffb150a7000 	C:\WINDOWS\System32\bcrypt.dll
0x00007ffb14bf0000 - 0x00007ffb14c1e000 	C:\WINDOWS\SYSTEM32\USERENV.dll
0x00007ffb15000000 - 0x00007ffb15080000 	C:\WINDOWS\System32\bcryptprimitives.dll
0x00007ffb146d0000 - 0x00007ffb146dc000 	C:\WINDOWS\SYSTEM32\CRYPTBASE.dll
0x00007ffb14180000 - 0x00007ffb141bb000 	C:\WINDOWS\SYSTEM32\IPHLPAPI.DLL
0x00007ffb160c0000 - 0x00007ffb160c8000 	C:\WINDOWS\System32\NSI.dll
0x00007ffb0bdd0000 - 0x00007ffb0bde7000 	C:\WINDOWS\SYSTEM32\dhcpcsvc6.DLL
0x00007ffb0c6e0000 - 0x00007ffb0c6fd000 	C:\WINDOWS\SYSTEM32\dhcpcsvc.DLL
0x00007ffb141d0000 - 0x00007ffb1429b000 	C:\WINDOWS\SYSTEM32\DNSAPI.dll
0x00007ffb0c950000 - 0x00007ffb0c95b000 	C:\WINDOWS\SYSTEM32\WINNSI.DLL

VM Arguments:
jvm_args: -Xmx2048m -Dfile.encoding=UTF-8 -Duser.country=US -Duser.language=en -Duser.variant 
java_command: org.gradle.launcher.daemon.bootstrap.GradleDaemon 6.5
java_class_path (initial): C:\Users\phan thanh toan\.gradle\wrapper\dists\gradle-6.5-bin\6nifqtx7604sqp1q6g8wikw7p\gradle-6.5\lib\gradle-launcher-6.5.jar
Launcher Type: SUN_STANDARD

Environment Variables:
PATH=C:\WINDOWS\system32;C:\WINDOWS;C:\WINDOWS\System32\Wbem;C:\WINDOWS\System32\WindowsPowerShell\v1.0\;C:\WINDOWS\System32\OpenSSH\;C:\Users\phan thanh toan\AppData\Local\Microsoft\WindowsApps;;D:\java and android\code java\Microsoft VS Code\bin
USERNAME=phan thanh toan
OS=Windows_NT
PROCESSOR_IDENTIFIER=Intel64 Family 6 Model 60 Stepping 3, GenuineIntel



---------------  S Y S T E M  ---------------

OS: Windows 10.0 , 64 bit Build 19041 (10.0.19041.804)

CPU:total 4 (initial active 4) (2 cores per cpu, 2 threads per core) family 6 model 60 stepping 3, cmov, cx8, fxsr, mmx, sse, sse2, sse3, ssse3, sse4.1, sse4.2, popcnt, avx, avx2, aes, clmul, erms, lzcnt, ht, tsc, tscinvbit, bmi1, bmi2

Memory: 4k page, physical 4117844k(364236k free), swap 6515588k(3612k free)

vm_info: OpenJDK 64-Bit Server VM (25.242-b01) for windows-amd64 JRE (1.8.0_242-release-1644-b01), built by "builder" with MS VC++ 10.0 (VS2010)

time: Fri Mar 26 09:42:10 2021
timezone: SE Asia Standard Time
elapsed time: 22 seconds (0d 0h 0m 22s)

