#
# There is insufficient memory for the Java Runtime Environment to continue.
# Native memory allocation (malloc) failed to allocate 1331456 bytes for Chunk::new
# Possible reasons:
#   The system is out of physical RAM or swap space
#   The process is running with CompressedOops enabled, and the Java Heap may be blocking the growth of the native heap
# Possible solutions:
#   Reduce memory load on the system
#   Increase physical memory or swap space
#   Check if swap backing store is full
#   Decrease Java heap size (-Xmx/-Xms)
#   Decrease number of Java threads
#   Decrease Java thread stack sizes (-Xss)
#   Set larger code cache with -XX:ReservedCodeCacheSize=
#   JVM is running with Unscaled Compressed Oops mode in which the Java heap is
#     placed in the first 4GB address space. The Java Heap base address is the
#     maximum limit for the native heap growth. Please use -XX:HeapBaseMinAddress
#     to set the Java Heap base and to place the Java Heap above 4GB virtual address.
# This output file may be truncated or incomplete.
#
#  Out of Memory Error (allocation.cpp:389), pid=1284, tid=0x0000000000001140
#
# JRE version: OpenJDK Runtime Environment (8.0_242-b01) (build 1.8.0_242-release-1644-b01)
# Java VM: OpenJDK 64-Bit Server VM (25.242-b01 mixed mode windows-amd64 compressed oops)
# Failed to write core dump. Minidumps are not enabled by default on client versions of Windows
#

---------------  T H R E A D  ---------------

Current thread (0x00000000175aa800):  JavaThread "C2 CompilerThread1" daemon [_thread_in_native, id=4416, stack(0x0000000018cf0000,0x0000000018df0000)]

Stack: [0x0000000018cf0000,0x0000000018df0000]
[error occurred during error reporting (printing stack bounds), id 0xc0000005]

Native frames: (J=compiled Java code, j=interpreted, Vv=VM code, C=native code)


Current CompileTask:
C2:  21906 10427       4       com.android.tools.r8.graph.x::a (95 bytes)


---------------  P R O C E S S  ---------------

Java Threads: ( => current thread )
  0x000000001df07000 JavaThread "ForkJoinPool-1-worker-0" daemon [_thread_in_Java, id=8856, stack(0x000000002ceb0000,0x000000002cfb0000)]
  0x000000001df0e000 JavaThread "ForkJoinPool-1-worker-3" daemon [_thread_blocked, id=12728, stack(0x000000002bfe0000,0x000000002c0e0000)]
  0x000000001df0d000 JavaThread "ForkJoinPool-1-worker-2" daemon [_thread_blocked, id=12072, stack(0x000000002bc80000,0x000000002bd80000)]
  0x000000001dade000 JavaThread "ForkJoinPool-1-worker-1" daemon [_thread_blocked, id=1300, stack(0x000000002bb80000,0x000000002bc80000)]
  0x000000001dae2000 JavaThread "WorkerExecutor Queue Thread 3" [_thread_blocked, id=3940, stack(0x000000002c390000,0x000000002c490000)]
  0x000000001dadf000 JavaThread "WorkerExecutor Queue Thread 2" [_thread_blocked, id=12096, stack(0x000000002c290000,0x000000002c390000)]
  0x000000001dae0800 JavaThread "WorkerExecutor Queue" [_thread_blocked, id=8280, stack(0x000000002c190000,0x000000002c290000)]
  0x000000001dadd800 JavaThread "ForkJoinPool.commonPool-worker-2" daemon [_thread_blocked, id=5220, stack(0x000000002ba80000,0x000000002bb80000)]
  0x000000001dadc800 JavaThread "ForkJoinPool.commonPool-worker-1" daemon [_thread_blocked, id=10728, stack(0x000000002b980000,0x000000002ba80000)]
  0x000000001dae1000 JavaThread "Cache worker for Java compile cache (D:\login2\.gradle\6.5\javaCompile)" [_thread_blocked, id=10704, stack(0x000000002b480000,0x000000002b580000)]
  0x000000001dae3800 JavaThread "Cache worker for Java compile cache (C:\Users\phan thanh toan\.gradle\caches\6.5\javaCompile)" [_thread_blocked, id=9296, stack(0x000000002b380000,0x000000002b480000)]
  0x000000001dad7800 JavaThread "Cache worker for execution history cache (D:\login2\.gradle\6.5\executionHistory)" [_thread_blocked, id=9876, stack(0x000000002ae80000,0x000000002af80000)]
  0x000000001dad9000 JavaThread "Execution worker for ':' Thread 3" [_thread_blocked, id=5792, stack(0x000000002ad80000,0x000000002ae80000)]
  0x000000001dad9800 JavaThread "Execution worker for ':' Thread 2" [_thread_blocked, id=10544, stack(0x000000002aa20000,0x000000002ab20000)]
  0x000000001dad6800 JavaThread "Execution worker for ':'" [_thread_blocked, id=9816, stack(0x0000000029900000,0x0000000029a00000)]
  0x000000001dada800 JavaThread "Cache worker for file content cache (D:\login2\.gradle\6.5\fileContent)" [_thread_blocked, id=5284, stack(0x0000000029600000,0x0000000029700000)]
  0x000000001a332000 JavaThread "Memory manager" [_thread_blocked, id=12772, stack(0x0000000028340000,0x0000000028440000)]
  0x000000001a331800 JavaThread "pool-1-thread-1" [_thread_blocked, id=2372, stack(0x0000000028240000,0x0000000028340000)]
  0x000000001a330800 JavaThread "Cache worker for Build Output Cleanup Cache (D:\login2\.gradle\buildOutputCleanup)" [_thread_blocked, id=2992, stack(0x0000000028500000,0x0000000028600000)]
  0x000000001a32e800 JavaThread "jar transforms Thread 92" [_thread_blocked, id=4924, stack(0x0000000027f40000,0x0000000028040000)]
  0x000000001a326800 JavaThread "jar transforms Thread 91" [_thread_blocked, id=1180, stack(0x0000000027e40000,0x0000000027f40000)]
  0x000000001a32c000 JavaThread "jar transforms Thread 90" [_thread_blocked, id=13264, stack(0x0000000027d40000,0x0000000027e40000)]
  0x000000001a32d800 JavaThread "jar transforms Thread 89" [_thread_blocked, id=7044, stack(0x0000000027c40000,0x0000000027d40000)]
  0x000000001a329000 JavaThread "jar transforms Thread 88" [_thread_blocked, id=7496, stack(0x0000000027b40000,0x0000000027c40000)]
  0x000000001a32b000 JavaThread "jar transforms Thread 87" [_thread_blocked, id=8608, stack(0x0000000027a40000,0x0000000027b40000)]
  0x000000001a32c800 JavaThread "jar transforms Thread 86" [_thread_blocked, id=13072, stack(0x0000000027940000,0x0000000027a40000)]
  0x000000001a323800 JavaThread "jar transforms Thread 85" [_thread_blocked, id=4508, stack(0x0000000027840000,0x0000000027940000)]
  0x000000001a32a800 JavaThread "jar transforms Thread 84" [_thread_blocked, id=6740, stack(0x0000000027740000,0x0000000027840000)]
  0x000000001a325000 JavaThread "jar transforms Thread 83" [_thread_blocked, id=7508, stack(0x0000000027640000,0x0000000027740000)]
  0x000000001a324800 JavaThread "jar transforms Thread 82" [_thread_blocked, id=8004, stack(0x0000000027540000,0x0000000027640000)]
  0x000000001a323000 JavaThread "jar transforms Thread 81" [_thread_blocked, id=2156, stack(0x0000000027440000,0x0000000027540000)]
  0x000000001a326000 JavaThread "jar transforms Thread 80" [_thread_blocked, id=8744, stack(0x0000000027340000,0x0000000027440000)]
  0x000000001a327800 JavaThread "jar transforms Thread 79" [_thread_blocked, id=10028, stack(0x0000000027240000,0x0000000027340000)]
  0x000000001a329800 JavaThread "jar transforms Thread 78" [_thread_blocked, id=12732, stack(0x0000000027140000,0x0000000027240000)]
  0x000000001e58f800 JavaThread "jar transforms Thread 77" [_thread_blocked, id=1972, stack(0x0000000027040000,0x0000000027140000)]
  0x000000001e58f000 JavaThread "jar transforms Thread 76" [_thread_blocked, id=5944, stack(0x0000000026f40000,0x0000000027040000)]
  0x000000001e58e000 JavaThread "jar transforms Thread 75" [_thread_blocked, id=1804, stack(0x0000000026e40000,0x0000000026f40000)]
  0x000000001e58d800 JavaThread "jar transforms Thread 74" [_thread_blocked, id=1444, stack(0x0000000026d40000,0x0000000026e40000)]
  0x000000001e58c800 JavaThread "jar transforms Thread 73" [_thread_blocked, id=1244, stack(0x0000000026c40000,0x0000000026d40000)]
  0x000000001e58c000 JavaThread "jar transforms Thread 72" [_thread_blocked, id=13112, stack(0x0000000026b40000,0x0000000026c40000)]
  0x000000001e58a800 JavaThread "jar transforms Thread 71" [_thread_blocked, id=3844, stack(0x0000000026a40000,0x0000000026b40000)]
  0x000000001e58b000 JavaThread "jar transforms Thread 70" [_thread_blocked, id=12224, stack(0x0000000026940000,0x0000000026a40000)]
  0x000000001e583800 JavaThread "jar transforms Thread 69" [_thread_blocked, id=4840, stack(0x0000000026840000,0x0000000026940000)]
  0x000000001e583000 JavaThread "jar transforms Thread 68" [_thread_blocked, id=10592, stack(0x0000000026740000,0x0000000026840000)]
  0x000000001e589800 JavaThread "jar transforms Thread 67" [_thread_blocked, id=2956, stack(0x0000000026640000,0x0000000026740000)]
  0x000000001e582000 JavaThread "jar transforms Thread 66" [_thread_blocked, id=12932, stack(0x0000000026540000,0x0000000026640000)]
  0x000000001e589000 JavaThread "jar transforms Thread 65" [_thread_blocked, id=13156, stack(0x0000000026440000,0x0000000026540000)]
  0x000000001e584800 JavaThread "jar transforms Thread 64" [_thread_blocked, id=7916, stack(0x0000000026340000,0x0000000026440000)]
  0x000000001e588000 JavaThread "jar transforms Thread 63" [_thread_blocked, id=9580, stack(0x0000000026240000,0x0000000026340000)]
  0x000000001e580800 JavaThread "jar transforms Thread 62" [_thread_blocked, id=1240, stack(0x0000000026140000,0x0000000026240000)]
  0x000000001e586800 JavaThread "jar transforms Thread 61" [_thread_blocked, id=9644, stack(0x0000000026040000,0x0000000026140000)]
  0x000000001e585000 JavaThread "jar transforms Thread 60" [_thread_blocked, id=3584, stack(0x0000000025f40000,0x0000000026040000)]
  0x000000001e587800 JavaThread "jar transforms Thread 59" [_thread_blocked, id=3228, stack(0x0000000025e40000,0x0000000025f40000)]
  0x000000001e581800 JavaThread "jar transforms Thread 58" [_thread_blocked, id=5656, stack(0x0000000025d40000,0x0000000025e40000)]
  0x000000001e586000 JavaThread "jar transforms Thread 57" [_thread_blocked, id=3612, stack(0x0000000025c40000,0x0000000025d40000)]
  0x00000000199c3800 JavaThread "jar transforms Thread 56" [_thread_blocked, id=4064, stack(0x0000000025b40000,0x0000000025c40000)]
  0x00000000199c5000 JavaThread "jar transforms Thread 55" [_thread_blocked, id=11404, stack(0x0000000025a40000,0x0000000025b40000)]
  0x00000000199c0000 JavaThread "jar transforms Thread 54" [_thread_blocked, id=8084, stack(0x0000000025940000,0x0000000025a40000)]
  0x00000000199c2000 JavaThread "jar transforms Thread 53" [_thread_blocked, id=6908, stack(0x0000000025840000,0x0000000025940000)]
  0x00000000199c1800 JavaThread "jar transforms Thread 52" [_thread_blocked, id=10004, stack(0x0000000025740000,0x0000000025840000)]
  0x00000000199c0800 JavaThread "jar transforms Thread 51" [_thread_blocked, id=9020, stack(0x0000000025640000,0x0000000025740000)]
  0x00000000199c3000 JavaThread "jar transforms Thread 50" [_thread_blocked, id=11064, stack(0x0000000025540000,0x0000000025640000)]
  0x00000000199c4800 JavaThread "jar transforms Thread 49" [_thread_blocked, id=12468, stack(0x0000000025440000,0x0000000025540000)]
  0x00000000199bf000 JavaThread "jar transforms Thread 48" [_thread_blocked, id=12412, stack(0x0000000025340000,0x0000000025440000)]
  0x00000000199b7800 JavaThread "jar transforms Thread 47" [_thread_blocked, id=9180, stack(0x0000000025240000,0x0000000025340000)]
  0x00000000199be800 JavaThread "jar transforms Thread 46" [_thread_blocked, id=1724, stack(0x0000000025140000,0x0000000025240000)]
  0x00000000199b7000 JavaThread "jar transforms Thread 45" [_thread_blocked, id=8804, stack(0x0000000025040000,0x0000000025140000)]
  0x00000000199bd800 JavaThread "jar transforms Thread 44" [_thread_blocked, id=11524, stack(0x0000000024f40000,0x0000000025040000)]
  0x00000000199b6000 JavaThread "jar transforms Thread 43" [_thread_blocked, id=8864, stack(0x0000000024e40000,0x0000000024f40000)]
  0x00000000199bc000 JavaThread "jar transforms Thread 42" [_thread_blocked, id=11496, stack(0x0000000024d40000,0x0000000024e40000)]
  0x00000000199ba000 JavaThread "jar transforms Thread 41" [_thread_blocked, id=9936, stack(0x0000000024c40000,0x0000000024d40000)]
  0x00000000199bb800 JavaThread "jar transforms Thread 40" [_thread_blocked, id=8616, stack(0x0000000024b40000,0x0000000024c40000)]
  0x00000000199b9000 JavaThread "jar transforms Thread 39" [_thread_blocked, id=11240, stack(0x0000000024a40000,0x0000000024b40000)]
  0x00000000199bd000 JavaThread "jar transforms Thread 38" [_thread_blocked, id=13200, stack(0x0000000024940000,0x0000000024a40000)]
  0x00000000199b8800 JavaThread "jar transforms Thread 37" [_thread_blocked, id=1248, stack(0x0000000024840000,0x0000000024940000)]
  0x00000000199ba800 JavaThread "jar transforms Thread 36" [_thread_blocked, id=11436, stack(0x0000000024740000,0x0000000024840000)]
  0x000000001f045800 JavaThread "jar transforms Thread 35" [_thread_blocked, id=7832, stack(0x0000000024640000,0x0000000024740000)]
  0x000000001f041000 JavaThread "jar transforms Thread 34" [_thread_blocked, id=12044, stack(0x0000000024540000,0x0000000024640000)]
  0x000000001f042000 JavaThread "jar transforms Thread 33" [_thread_blocked, id=9520, stack(0x0000000024440000,0x0000000024540000)]
  0x000000001f045000 JavaThread "jar transforms Thread 32" [_thread_blocked, id=4860, stack(0x0000000024340000,0x0000000024440000)]
  0x000000001f043800 JavaThread "jar transforms Thread 31" [_thread_blocked, id=6600, stack(0x0000000024240000,0x0000000024340000)]
  0x000000001f042800 JavaThread "jar transforms Thread 30" [_thread_blocked, id=10152, stack(0x0000000024140000,0x0000000024240000)]
  0x000000001f040800 JavaThread "jar transforms Thread 29" [_thread_blocked, id=5600, stack(0x0000000024040000,0x0000000024140000)]
  0x000000001f03f800 JavaThread "jar transforms Thread 28" [_thread_blocked, id=13144, stack(0x0000000023f40000,0x0000000024040000)]
  0x000000001f044000 JavaThread "jar transforms Thread 27" [_thread_blocked, id=11044, stack(0x0000000023e40000,0x0000000023f40000)]
  0x000000001f03f000 JavaThread "jar transforms Thread 26" [_thread_blocked, id=6696, stack(0x0000000023d40000,0x0000000023e40000)]
  0x000000001f037800 JavaThread "jar transforms Thread 25" [_thread_blocked, id=7576, stack(0x0000000023c40000,0x0000000023d40000)]
  0x000000001f03e000 JavaThread "jar transforms Thread 24" [_thread_blocked, id=6476, stack(0x0000000023b40000,0x0000000023c40000)]
  0x000000001f03c800 JavaThread "jar transforms Thread 23" [_thread_blocked, id=9124, stack(0x0000000023a40000,0x0000000023b40000)]
  0x000000001f036800 JavaThread "jar transforms Thread 22" [_thread_blocked, id=10940, stack(0x0000000023940000,0x0000000023a40000)]
  0x000000001f03c000 JavaThread "jar transforms Thread 21" [_thread_blocked, id=12852, stack(0x0000000023840000,0x0000000023940000)]
  0x000000001f039000 JavaThread "jar transforms Thread 20" [_thread_blocked, id=1296, stack(0x0000000023740000,0x0000000023840000)]
  0x000000001f03a800 JavaThread "jar transforms Thread 19" [_thread_blocked, id=1216, stack(0x0000000023640000,0x0000000023740000)]
  0x000000001f03b000 JavaThread "jar transforms Thread 18" [_thread_blocked, id=2336, stack(0x0000000023540000,0x0000000023640000)]
  0x000000001f039800 JavaThread "jar transforms Thread 17" [_thread_blocked, id=8988, stack(0x0000000023440000,0x0000000023540000)]
  0x000000001f03d800 JavaThread "jar transforms Thread 16" [_thread_blocked, id=8448, stack(0x0000000023340000,0x0000000023440000)]
  0x000000001f038000 JavaThread "jar transforms Thread 15" [_thread_blocked, id=6652, stack(0x0000000023140000,0x0000000023240000)]
  0x000000001a1de800 JavaThread "jar transforms Thread 14" [_thread_blocked, id=12652, stack(0x0000000023040000,0x0000000023140000)]
  0x000000001a1dd800 JavaThread "jar transforms Thread 13" [_thread_blocked, id=1632, stack(0x0000000022f40000,0x0000000023040000)]
  0x000000001a1dc800 JavaThread "jar transforms Thread 12" [_thread_blocked, id=6316, stack(0x0000000022e40000,0x0000000022f40000)]
  0x000000001a1dc000 JavaThread "jar transforms Thread 11" [_thread_blocked, id=2872, stack(0x0000000022d40000,0x0000000022e40000)]
  0x000000001a1da800 JavaThread "jar transforms Thread 10" [_thread_blocked, id=12388, stack(0x0000000022c40000,0x0000000022d40000)]
  0x000000001a1d9800 JavaThread "jar transforms Thread 9" [_thread_blocked, id=2736, stack(0x0000000022b40000,0x0000000022c40000)]
  0x000000001a1d9000 JavaThread "jar transforms Thread 8" [_thread_blocked, id=12976, stack(0x0000000022a40000,0x0000000022b40000)]
  0x000000001a1e0000 JavaThread "jar transforms Thread 7" [_thread_blocked, id=6320, stack(0x0000000022940000,0x0000000022a40000)]
  0x000000001a1db000 JavaThread "jar transforms Thread 6" [_thread_blocked, id=2708, stack(0x0000000022840000,0x0000000022940000)]
  0x000000001a1df000 JavaThread "jar transforms Thread 5" [_thread_blocked, id=6384, stack(0x0000000022740000,0x0000000022840000)]
  0x000000001a1d1800 JavaThread "jar transforms Thread 4" [_thread_blocked, id=6996, stack(0x0000000022640000,0x0000000022740000)]
  0x000000001a1d8000 JavaThread "jar transforms Thread 3" [_thread_blocked, id=8248, stack(0x0000000022540000,0x0000000022640000)]
  0x000000001a1d0800 JavaThread "jar transforms Thread 2" [_thread_blocked, id=7080, stack(0x0000000022440000,0x0000000022540000)]
  0x000000001a1d7800 JavaThread "Build operations Thread 4" [_thread_blocked, id=10268, stack(0x0000000022340000,0x0000000022440000)]
  0x000000001a1d6000 JavaThread "Build operations Thread 3" [_thread_blocked, id=3552, stack(0x0000000022240000,0x0000000022340000)]
  0x000000001a1d6800 JavaThread "Build operations Thread 2" [_thread_blocked, id=3200, stack(0x0000000022140000,0x0000000022240000)]
  0x000000001a1d5000 JavaThread "Build operations" [_thread_blocked, id=6204, stack(0x0000000022040000,0x0000000022140000)]
  0x000000001b8e4800 JavaThread "Cache worker for file content cache (C:\Users\phan thanh toan\.gradle\caches\6.5\fileContent)" [_thread_blocked, id=8512, stack(0x0000000021940000,0x0000000021a40000)]
  0x000000001b8e3000 JavaThread "jar transforms" [_thread_blocked, id=11200, stack(0x0000000021840000,0x0000000021940000)]
  0x000000001b8e1800 JavaThread "Cache worker for execution history cache (C:\Users\phan thanh toan\.gradle\caches\6.5\executionHistory)" [_thread_blocked, id=1792, stack(0x0000000020ea0000,0x0000000020fa0000)]
  0x000000001b8e6000 JavaThread "Cache worker for cache directory md-rule (C:\Users\phan thanh toan\.gradle\caches\6.5\md-rule)" [_thread_blocked, id=3972, stack(0x0000000020da0000,0x0000000020ea0000)]
  0x000000001b8e0800 JavaThread "Cache worker for cache directory md-supplier (C:\Users\phan thanh toan\.gradle\caches\6.5\md-supplier)" [_thread_blocked, id=7076, stack(0x000000001fb20000,0x000000001fc20000)]
  0x000000001b8e5000 JavaThread "Cache worker for checksums cache (D:\login2\.gradle\checksums)" [_thread_blocked, id=4172, stack(0x000000001fa20000,0x000000001fb20000)]
  0x000000001b8df000 JavaThread "Cache worker for file hash cache (D:\login2\.gradle\6.5\fileHashes)" [_thread_blocked, id=3336, stack(0x0000000020ca0000,0x0000000020da0000)]
  0x000000001b8e0000 JavaThread "Cache worker for file hash cache (C:\Users\phan thanh toan\.gradle\caches\6.5\fileHashes)" [_thread_blocked, id=1040, stack(0x000000001d580000,0x000000001d680000)]
  0x000000001b8e2000 JavaThread "File lock request listener" [_thread_in_native, id=2096, stack(0x000000001d480000,0x000000001d580000)]
  0x000000001b8de000 JavaThread "Cache worker for journal cache (C:\Users\phan thanh toan\.gradle\caches\journal-1)" [_thread_blocked, id=764, stack(0x000000001d380000,0x000000001d480000)]
  0x000000001b370800 JavaThread "Thread-9" [_thread_blocked, id=5468, stack(0x000000001d080000,0x000000001d180000)]
  0x000000001b34b800 JavaThread "Stdin handler" [_thread_blocked, id=9428, stack(0x000000001cf80000,0x000000001d080000)]
  0x000000001b34a800 JavaThread "Asynchronous log dispatcher for DefaultDaemonConnection: socket connection from /127.0.0.1:56400 to /127.0.0.1:56401" [_thread_blocked, id=7236, stack(0x000000001ce80000,0x000000001cf80000)]
  0x000000001b337800 JavaThread "Daemon worker" [_thread_blocked, id=2104, stack(0x000000001cd80000,0x000000001ce80000)]
  0x000000001b337000 JavaThread "Cancel handler" [_thread_blocked, id=2772, stack(0x000000001cc80000,0x000000001cd80000)]
  0x000000001aa84000 JavaThread "Handler for socket connection from /127.0.0.1:56400 to /127.0.0.1:56401" [_thread_in_native, id=10876, stack(0x000000001cb80000,0x000000001cc80000)]
  0x000000001aa81000 JavaThread "Daemon" [_thread_blocked, id=11380, stack(0x000000001ca80000,0x000000001cb80000)]
  0x000000001b302000 JavaThread "Daemon periodic checks" [_thread_blocked, id=1980, stack(0x000000001c780000,0x000000001c880000)]
  0x000000001b290000 JavaThread "Incoming local TCP Connector on port 56400" [_thread_in_native, id=2476, stack(0x000000001c540000,0x000000001c640000)]
  0x000000001b04f800 JavaThread "Daemon health stats" [_thread_blocked, id=1072, stack(0x000000001bf00000,0x000000001c000000)]
  0x00000000175fe800 JavaThread "Service Thread" daemon [_thread_blocked, id=5460, stack(0x00000000192f0000,0x00000000193f0000)]
  0x00000000175f7800 JavaThread "C1 CompilerThread2" daemon [_thread_in_native, id=5980, stack(0x0000000018df0000,0x0000000018ef0000)]
=>0x00000000175aa800 JavaThread "C2 CompilerThread1" daemon [_thread_in_native, id=4416, stack(0x0000000018cf0000,0x0000000018df0000)]
  0x00000000175a6000 JavaThread "C2 CompilerThread0" daemon [_thread_in_native, id=3764, stack(0x0000000018bf0000,0x0000000018cf0000)]
  0x00000000175a5000 JavaThread "Attach Listener" daemon [_thread_blocked, id=10724, stack(0x0000000018af0000,0x0000000018bf0000)]
  0x00000000175f3800 JavaThread "Signal Dispatcher" daemon [_thread_blocked, id=12024, stack(0x00000000189f0000,0x0000000018af0000)]
  0x000000000297b000 JavaThread "Finalizer" daemon [_thread_blocked, id=12320, stack(0x00000000187f0000,0x00000000188f0000)]
  0x0000000017589000 JavaThread "Reference Handler" daemon [_thread_blocked, id=12272, stack(0x00000000186f0000,0x00000000187f0000)]
  0x000000000287e000 JavaThread "main" [_thread_blocked, id=9396, stack(0x0000000002710000,0x0000000002810000)]

Other Threads:
  0x0000000017566000 VMThread [stack: 0x00000000185f0000,0x00000000186f0000] [id=10432]
  0x0000000018f64800 WatcherThread [stack: 0x00000000193f0000,0x00000000194f0000] [id=10644]

VM state:not at safepoint (normal execution)

VM Mutex/Monitor currently owned by a thread: None

heap address: 0x0000000080000000, size: 2048 MB, Compressed Oops mode: 32-bit
Narrow klass base: 0x0000000000000000, Narrow klass shift: 3
Compressed class space size: 1073741824 Address: 0x0000000100000000

Heap:
 PSYoungGen      total 299008K, used 174507K [0x00000000d5580000, 0x00000000eb680000, 0x0000000100000000)
  eden space 271872K, 54% used [0x00000000d5580000,0x00000000de56b140,0x00000000e5f00000)
  from space 27136K, 99% used [0x00000000e8500000,0x00000000e9f7fbc0,0x00000000e9f80000)
  to   space 38912K, 0% used [0x00000000e5f00000,0x00000000e5f00000,0x00000000e8500000)
 ParOldGen       total 87040K, used 60370K [0x0000000080000000, 0x0000000085500000, 0x00000000d5580000)
  object space 87040K, 69% used [0x0000000080000000,0x0000000083af4a80,0x0000000085500000)
 Metaspace       used 79921K, capacity 84218K, committed 84376K, reserved 1122304K
  class space    used 11101K, capacity 11917K, committed 11952K, reserved 1048576K

Card table byte_map: [0x0000000011d40000,0x0000000012150000] byte_map_base: 0x0000000011940000

Marking Bits: (ParMarkBitMap*) 0x0000000059eff030
 Begin Bits: [0x0000000012800000, 0x0000000014800000)
 End Bits:   [0x0000000014800000, 0x0000000016800000)

Polling page: 0x0000000000900000

CodeCache: size=245760Kb used=28154Kb max_used=28154Kb free=217605Kb
 bounds [0x0000000002980000, 0x0000000004530000, 0x0000000011980000]
 total_blobs=9873 nmethods=9041 adapters=744
 compilation: enabled

Compilation events (10 events):
Event: 21.659 Thread 0x00000000175f7800 10475       3       java.util.IdentityHashMap$KeySet::toArray (142 bytes)
Event: 21.660 Thread 0x00000000175f7800 nmethod 10475 0x0000000004511550 code [0x0000000004511760, 0x0000000004512358]
Event: 21.660 Thread 0x00000000175f7800 10476       3       com.android.tools.r8.graph.d0::a (10 bytes)
Event: 21.660 Thread 0x00000000175f7800 nmethod 10476 0x000000000450f990 code [0x000000000450fb00, 0x000000000450fd68]
Event: 21.660 Thread 0x00000000175f7800 10477       3       com.android.tools.r8.graph.d0::a (52 bytes)
Event: 21.661 Thread 0x00000000175f7800 nmethod 10477 0x000000000451f410 code [0x000000000451f600, 0x000000000451fcc8]
Event: 21.793 Thread 0x00000000175f7800 10484       2       com.android.tools.r8.graph.X::a (52 bytes)
Event: 21.794 Thread 0x00000000175f7800 nmethod 10484 0x0000000004520010 code [0x00000000045201e0, 0x0000000004520568]
Event: 21.794 Thread 0x00000000175f7800 10485       2       com.android.tools.r8.graph.X::a (10 bytes)
Event: 21.794 Thread 0x00000000175f7800 nmethod 10485 0x00000000045110d0 code [0x0000000004511240, 0x00000000045113e8]

GC Heap History (10 events):
Event: 9.477 GC heap before
{Heap before GC invocations=13 (full 2):
 PSYoungGen      total 195584K, used 183296K [0x00000000d5580000, 0x00000000e2600000, 0x0000000100000000)
  eden space 183296K, 100% used [0x00000000d5580000,0x00000000e0880000,0x00000000e0880000)
  from space 12288K, 0% used [0x00000000e1500000,0x00000000e1500000,0x00000000e2100000)
  to   space 12800K, 0% used [0x00000000e0880000,0x00000000e0880000,0x00000000e1500000)
 ParOldGen       total 50688K, used 14668K [0x0000000080000000, 0x0000000083180000, 0x00000000d5580000)
  object space 50688K, 28% used [0x0000000080000000,0x0000000080e531d0,0x0000000083180000)
 Metaspace       used 45485K, capacity 47276K, committed 47528K, reserved 1089536K
  class space    used 6141K, capacity 6480K, committed 6576K, reserved 1048576K
Event: 9.509 GC heap after
Heap after GC invocations=13 (full 2):
 PSYoungGen      total 196096K, used 12785K [0x00000000d5580000, 0x00000000e5e00000, 0x0000000100000000)
  eden space 183296K, 0% used [0x00000000d5580000,0x00000000d5580000,0x00000000e0880000)
  from space 12800K, 99% used [0x00000000e0880000,0x00000000e14fc7c8,0x00000000e1500000)
  to   space 16384K, 0% used [0x00000000e4e00000,0x00000000e4e00000,0x00000000e5e00000)
 ParOldGen       total 50688K, used 18833K [0x0000000080000000, 0x0000000083180000, 0x00000000d5580000)
  object space 50688K, 37% used [0x0000000080000000,0x00000000812647f8,0x0000000083180000)
 Metaspace       used 45485K, capacity 47276K, committed 47528K, reserved 1089536K
  class space    used 6141K, capacity 6480K, committed 6576K, reserved 1048576K
}
Event: 11.913 GC heap before
{Heap before GC invocations=14 (full 2):
 PSYoungGen      total 196096K, used 155239K [0x00000000d5580000, 0x00000000e5e00000, 0x0000000100000000)
  eden space 183296K, 77% used [0x00000000d5580000,0x00000000de09d488,0x00000000e0880000)
  from space 12800K, 99% used [0x00000000e0880000,0x00000000e14fc7c8,0x00000000e1500000)
  to   space 16384K, 0% used [0x00000000e4e00000,0x00000000e4e00000,0x00000000e5e00000)
 ParOldGen       total 50688K, used 18833K [0x0000000080000000, 0x0000000083180000, 0x00000000d5580000)
  object space 50688K, 37% used [0x0000000080000000,0x00000000812647f8,0x0000000083180000)
 Metaspace       used 56833K, capacity 59136K, committed 59160K, reserved 1099776K
  class space    used 7765K, capacity 8235K, committed 8240K, reserved 1048576K
Event: 11.977 GC heap after
Heap after GC invocations=14 (full 2):
 PSYoungGen      total 248832K, used 16365K [0x00000000d5580000, 0x00000000e6880000, 0x0000000100000000)
  eden space 232448K, 0% used [0x00000000d5580000,0x00000000d5580000,0x00000000e3880000)
  from space 16384K, 99% used [0x00000000e4e00000,0x00000000e5dfb4b8,0x00000000e5e00000)
  to   space 22016K, 0% used [0x00000000e3880000,0x00000000e3880000,0x00000000e4e00000)
 ParOldGen       total 50688K, used 27529K [0x0000000080000000, 0x0000000083180000, 0x00000000d5580000)
  object space 50688K, 54% used [0x0000000080000000,0x0000000081ae2450,0x0000000083180000)
 Metaspace       used 56833K, capacity 59136K, committed 59160K, reserved 1099776K
  class space    used 7765K, capacity 8235K, committed 8240K, reserved 1048576K
}
Event: 11.977 GC heap before
{Heap before GC invocations=15 (full 3):
 PSYoungGen      total 248832K, used 16365K [0x00000000d5580000, 0x00000000e6880000, 0x0000000100000000)
  eden space 232448K, 0% used [0x00000000d5580000,0x00000000d5580000,0x00000000e3880000)
  from space 16384K, 99% used [0x00000000e4e00000,0x00000000e5dfb4b8,0x00000000e5e00000)
  to   space 22016K, 0% used [0x00000000e3880000,0x00000000e3880000,0x00000000e4e00000)
 ParOldGen       total 50688K, used 27529K [0x0000000080000000, 0x0000000083180000, 0x00000000d5580000)
  object space 50688K, 54% used [0x0000000080000000,0x0000000081ae2450,0x0000000083180000)
 Metaspace       used 56833K, capacity 59136K, committed 59160K, reserved 1099776K
  class space    used 7765K, capacity 8235K, committed 8240K, reserved 1048576K
Event: 12.284 GC heap after
Heap after GC invocations=15 (full 3):
 PSYoungGen      total 248832K, used 0K [0x00000000d5580000, 0x00000000e6880000, 0x0000000100000000)
  eden space 232448K, 0% used [0x00000000d5580000,0x00000000d5580000,0x00000000e3880000)
  from space 16384K, 0% used [0x00000000e4e00000,0x00000000e4e00000,0x00000000e5e00000)
  to   space 22016K, 0% used [0x00000000e3880000,0x00000000e3880000,0x00000000e4e00000)
 ParOldGen       total 87040K, used 36759K [0x0000000080000000, 0x0000000085500000, 0x00000000d5580000)
  object space 87040K, 42% used [0x0000000080000000,0x00000000823e5dd8,0x0000000085500000)
 Metaspace       used 56815K, capacity 59076K, committed 59160K, reserved 1099776K
  class space    used 7759K, capacity 8225K, committed 8240K, reserved 1048576K
}
Event: 16.562 GC heap before
{Heap before GC invocations=16 (full 3):
 PSYoungGen      total 248832K, used 232430K [0x00000000d5580000, 0x00000000e6880000, 0x0000000100000000)
  eden space 232448K, 99% used [0x00000000d5580000,0x00000000e387ba30,0x00000000e3880000)
  from space 16384K, 0% used [0x00000000e4e00000,0x00000000e4e00000,0x00000000e5e00000)
  to   space 22016K, 0% used [0x00000000e3880000,0x00000000e3880000,0x00000000e4e00000)
 ParOldGen       total 87040K, used 36759K [0x0000000080000000, 0x0000000085500000, 0x00000000d5580000)
  object space 87040K, 42% used [0x0000000080000000,0x00000000823e5dd8,0x0000000085500000)
 Metaspace       used 69013K, capacity 72164K, committed 72344K, reserved 1112064K
  class space    used 9479K, capacity 10094K, committed 10160K, reserved 1048576K
Event: 16.598 GC heap after
Heap after GC invocations=16 (full 3):
 PSYoungGen      total 254464K, used 21997K [0x00000000d5580000, 0x00000000e9f80000, 0x0000000100000000)
  eden space 232448K, 0% used [0x00000000d5580000,0x00000000d5580000,0x00000000e3880000)
  from space 22016K, 99% used [0x00000000e3880000,0x00000000e4dfb7a8,0x00000000e4e00000)
  to   space 27136K, 0% used [0x00000000e8500000,0x00000000e8500000,0x00000000e9f80000)
 ParOldGen       total 87040K, used 41622K [0x0000000080000000, 0x0000000085500000, 0x00000000d5580000)
  object space 87040K, 47% used [0x0000000080000000,0x00000000828a5af0,0x0000000085500000)
 Metaspace       used 69013K, capacity 72164K, committed 72344K, reserved 1112064K
  class space    used 9479K, capacity 10094K, committed 10160K, reserved 1048576K
}
Event: 19.582 GC heap before
{Heap before GC invocations=17 (full 3):
 PSYoungGen      total 254464K, used 254445K [0x00000000d5580000, 0x00000000e9f80000, 0x0000000100000000)
  eden space 232448K, 100% used [0x00000000d5580000,0x00000000e3880000,0x00000000e3880000)
  from space 22016K, 99% used [0x00000000e3880000,0x00000000e4dfb7a8,0x00000000e4e00000)
  to   space 27136K, 0% used [0x00000000e8500000,0x00000000e8500000,0x00000000e9f80000)
 ParOldGen       total 87040K, used 41622K [0x0000000080000000, 0x0000000085500000, 0x00000000d5580000)
  object space 87040K, 47% used [0x0000000080000000,0x00000000828a5af0,0x0000000085500000)
 Metaspace       used 78264K, capacity 82446K, committed 82584K, reserved 1120256K
  class space    used 10863K, capacity 11677K, committed 11696K, reserved 1048576K
Event: 19.651 GC heap after
Heap after GC invocations=17 (full 3):
 PSYoungGen      total 299008K, used 27134K [0x00000000d5580000, 0x00000000eb680000, 0x0000000100000000)
  eden space 271872K, 0% used [0x00000000d5580000,0x00000000d5580000,0x00000000e5f00000)
  from space 27136K, 99% used [0x00000000e8500000,0x00000000e9f7fbc0,0x00000000e9f80000)
  to   space 38912K, 0% used [0x00000000e5f00000,0x00000000e5f00000,0x00000000e8500000)
 ParOldGen       total 87040K, used 60370K [0x0000000080000000, 0x0000000085500000, 0x00000000d5580000)
  object space 87040K, 69% used [0x0000000080000000,0x0000000083af4a80,0x0000000085500000)
 Metaspace       used 78264K, capacity 82446K, committed 82584K, reserved 1120256K
  class space    used 10863K, capacity 11677K, committed 11696K, reserved 1048576K
}

Deoptimization events (10 events):
Event: 20.235 Thread 0x000000001df0d000 Uncommon trap: reason=unstable_if action=reinterpret pc=0x00000000032d8eb0 method=java.util.Arrays.hashCode([Ljava/lang/Object;)I @ 1
Event: 20.235 Thread 0x000000001df0e000 Uncommon trap: reason=unstable_if action=reinterpret pc=0x00000000032d8eb0 method=java.util.Arrays.hashCode([Ljava/lang/Object;)I @ 1
Event: 20.271 Thread 0x000000001df0e000 Uncommon trap: reason=unstable_if action=reinterpret pc=0x0000000003e26c90 method=java.util.concurrent.ConcurrentLinkedQueue.offer(Ljava/lang/Object;)Z @ 40
Event: 20.444 Thread 0x000000001df0e000 Uncommon trap: reason=unloaded action=reinterpret pc=0x00000000043e5910 method=com.android.tools.r8.dex.n.i()Lcom/android/tools/r8/graph/l0; @ 690
Event: 20.666 Thread 0x000000001df0e000 Uncommon trap: reason=unstable_if action=reinterpret pc=0x0000000002c7ffc0 method=com.android.tools.r8.utils.Y.d(I)Z @ 45
Event: 21.566 Thread 0x000000001dadf000 Uncommon trap: reason=class_check action=maybe_recompile pc=0x00000000044b50ec method=com.android.tools.r8.graph.Y.a([Lcom/android/tools/r8/graph/Y;Ljava/util/function/Consumer;)V @ 27
Event: 21.566 Thread 0x000000001dadf000 Uncommon trap: reason=class_check action=maybe_recompile pc=0x00000000044b50ec method=com.android.tools.r8.graph.Y.a([Lcom/android/tools/r8/graph/Y;Ljava/util/function/Consumer;)V @ 27
Event: 21.566 Thread 0x000000001dadf000 Uncommon trap: reason=class_check action=maybe_recompile pc=0x00000000044b50ec method=com.android.tools.r8.graph.Y.a([Lcom/android/tools/r8/graph/Y;Ljava/util/function/Consumer;)V @ 27
Event: 21.566 Thread 0x000000001dadf000 Uncommon trap: reason=class_check action=maybe_recompile pc=0x00000000044b50ec method=com.android.tools.r8.graph.Y.a([Lcom/android/tools/r8/graph/Y;Ljava/util/function/Consumer;)V @ 27
Event: 21.571 Thread 0x000000001dadf000 Uncommon trap: reason=predicate action=maybe_recompile pc=0x0000000004162560 method=java.util.TimSort.binarySort([Ljava/lang/Object;IIILjava/util/Comparator;)V @ 37

Classes redefined (0 events):
No events

Internal exceptions (10 events):
Event: 19.005 Thread 0x000000001dae2000 Exception <a 'java/lang/NoSuchMethodError': java.lang.Object.b(Lcom/android/tools/r8/graph/p1$b;)Lcom/android/tools/r8/graph/p1$b;> (0x00000000e1dfdf68) thrown at [C:\src\AOSP-openjdk-git\hotspot\src\share\vm\interpreter\linkResolver.cpp, line 620]
Event: 19.224 Thread 0x000000001dae2000 Exception <a 'sun/nio/fs/WindowsException'> (0x00000000e27b7db8) thrown at [C:\src\AOSP-openjdk-git\hotspot\src\share\vm\prims\jni.cpp, line 710]
Event: 19.234 Thread 0x000000001dae2000 Exception <a 'sun/nio/fs/WindowsException'> (0x00000000e2830dc0) thrown at [C:\src\AOSP-openjdk-git\hotspot\src\share\vm\prims\jni.cpp, line 710]
Event: 19.727 Thread 0x000000001dad6800 Exception <a 'java/lang/NoSuchMethodError': <clinit>> (0x00000000d5d8a8a0) thrown at [C:\src\AOSP-openjdk-git\hotspot\src\share\vm\prims\jni.cpp, line 1615]
Event: 19.729 Thread 0x000000001dad6800 Exception <a 'java/lang/NoSuchMethodError': <clinit>> (0x00000000d5d9df58) thrown at [C:\src\AOSP-openjdk-git\hotspot\src\share\vm\prims\jni.cpp, line 1615]
Event: 19.929 Thread 0x000000001dadf000 Exception <a 'sun/nio/fs/WindowsException'> (0x00000000d6c7d248) thrown at [C:\src\AOSP-openjdk-git\hotspot\src\share\vm\prims\jni.cpp, line 710]
Event: 20.235 Thread 0x000000001dade000 Implicit null exception at 0x00000000032d8daf to 0x00000000032d8ea1
Event: 20.235 Thread 0x000000001df0e000 Implicit null exception at 0x00000000032d8daf to 0x00000000032d8ea1
Event: 20.235 Thread 0x000000001df07000 Implicit null exception at 0x00000000032d8daf to 0x00000000032d8ea1
Event: 20.235 Thread 0x000000001df0d000 Implicit null exception at 0x00000000032d8daf to 0x00000000032d8ea1

Events (10 events):
Event: 21.571 Thread 0x000000001dadf000 DEOPT PACKING pc=0x0000000004162560 sp=0x000000002c38da00
Event: 21.571 Thread 0x000000001dadf000 DEOPT UNPACKING pc=0x00000000029c557b sp=0x000000002c38d9b8 mode 2
Event: 21.590 Thread 0x000000001dadf000 DEOPT PACKING pc=0x00000000044c083d sp=0x000000002c38dd00
Event: 21.590 Thread 0x000000001dadf000 DEOPT UNPACKING pc=0x00000000029c75d0 sp=0x000000002c38da30 mode 0
Event: 21.611 Thread 0x000000001df07000 DEOPT PACKING pc=0x00000000045056b1 sp=0x000000002cfae870
Event: 21.611 Thread 0x000000001df07000 DEOPT UNPACKING pc=0x00000000029c75d0 sp=0x000000002cfae598 mode 0
Event: 21.640 Executing VM operation: ForceSafepoint
Event: 21.640 Executing VM operation: ForceSafepoint done
Event: 21.652 Thread 0x000000001df07000 DEOPT PACKING pc=0x000000000450d151 sp=0x000000002cfaeae0
Event: 21.652 Thread 0x000000001df07000 DEOPT UNPACKING pc=0x00000000029c75d0 sp=0x000000002cfae858 mode 0


Dynamic libraries:
0x00007ff7c8dd0000 - 0x00007ff7c8e01000 	C:\Program Files\Android\Android Studio\jre\bin\java.exe
0x00007ffbf4a70000 - 0x00007ffbf4c65000 	C:\WINDOWS\SYSTEM32\ntdll.dll
0x00007ffbf4910000 - 0x00007ffbf49cd000 	C:\WINDOWS\System32\KERNEL32.DLL
0x00007ffbf2330000 - 0x00007ffbf25f9000 	C:\WINDOWS\System32\KERNELBASE.dll
0x00007ffbf2d50000 - 0x00007ffbf2dfc000 	C:\WINDOWS\System32\ADVAPI32.dll
0x00007ffbf43f0000 - 0x00007ffbf448e000 	C:\WINDOWS\System32\msvcrt.dll
0x00007ffbf4490000 - 0x00007ffbf452c000 	C:\WINDOWS\System32\sechost.dll
0x00007ffbf47e0000 - 0x00007ffbf490b000 	C:\WINDOWS\System32\RPCRT4.dll
0x00007ffbf3c80000 - 0x00007ffbf3e20000 	C:\WINDOWS\System32\USER32.dll
0x00007ffbf2650000 - 0x00007ffbf2672000 	C:\WINDOWS\System32\win32u.dll
0x00007ffbf4360000 - 0x00007ffbf438a000 	C:\WINDOWS\System32\GDI32.dll
0x00007ffbf29c0000 - 0x00007ffbf2acb000 	C:\WINDOWS\System32\gdi32full.dll
0x00007ffbf2290000 - 0x00007ffbf232d000 	C:\WINDOWS\System32\msvcp_win.dll
0x00007ffbf2700000 - 0x00007ffbf2800000 	C:\WINDOWS\System32\ucrtbase.dll
0x00007ffbd78d0000 - 0x00007ffbd7b6a000 	C:\WINDOWS\WinSxS\amd64_microsoft.windows.common-controls_6595b64144ccf1df_6.0.19041.844_none_ca00b6081b84eb1d\COMCTL32.dll
0x00007ffbf4680000 - 0x00007ffbf46b0000 	C:\WINDOWS\System32\IMM32.DLL
0x0000000059570000 - 0x0000000059642000 	C:\Program Files\Android\Android Studio\jre\jre\bin\msvcr100.dll
0x0000000059730000 - 0x0000000059f7b000 	C:\Program Files\Android\Android Studio\jre\jre\bin\server\jvm.dll
0x00007ffbf4530000 - 0x00007ffbf4538000 	C:\WINDOWS\System32\PSAPI.DLL
0x00007ffbe58d0000 - 0x00007ffbe58f7000 	C:\WINDOWS\SYSTEM32\WINMM.dll
0x00007ffbed8d0000 - 0x00007ffbed8da000 	C:\WINDOWS\SYSTEM32\VERSION.dll
0x00007ffbeb310000 - 0x00007ffbeb319000 	C:\WINDOWS\SYSTEM32\WSOCK32.dll
0x00007ffbf4610000 - 0x00007ffbf467b000 	C:\WINDOWS\System32\WS2_32.dll
0x00007ffbead70000 - 0x00007ffbead7f000 	C:\Program Files\Android\Android Studio\jre\jre\bin\verify.dll
0x00007ffbd5e30000 - 0x00007ffbd5e59000 	C:\Program Files\Android\Android Studio\jre\jre\bin\java.dll
0x00007ffbd5e10000 - 0x00007ffbd5e26000 	C:\Program Files\Android\Android Studio\jre\jre\bin\zip.dll
0x00007ffbf3530000 - 0x00007ffbf3c72000 	C:\WINDOWS\System32\SHELL32.dll
0x00007ffbf0310000 - 0x00007ffbf0aa0000 	C:\WINDOWS\SYSTEM32\windows.storage.dll
0x00007ffbf4000000 - 0x00007ffbf4355000 	C:\WINDOWS\System32\combase.dll
0x00007ffbf1c20000 - 0x00007ffbf1c4c000 	C:\WINDOWS\SYSTEM32\Wldp.dll
0x00007ffbf4540000 - 0x00007ffbf45ee000 	C:\WINDOWS\System32\SHCORE.dll
0x00007ffbf34c0000 - 0x00007ffbf3515000 	C:\WINDOWS\System32\shlwapi.dll
0x00007ffbf20f0000 - 0x00007ffbf210f000 	C:\WINDOWS\SYSTEM32\profapi.dll
0x00007ffbe0a40000 - 0x00007ffbe0a5a000 	C:\Program Files\Android\Android Studio\jre\jre\bin\net.dll
0x00007ffbf19a0000 - 0x00007ffbf1a0a000 	C:\WINDOWS\system32\mswsock.dll
0x00007ffbe0a20000 - 0x00007ffbe0a33000 	C:\Program Files\Android\Android Studio\jre\jre\bin\nio.dll
0x00007ffbec820000 - 0x00007ffbec847000 	C:\Users\phan thanh toan\.gradle\native\f6784746aeab05261644944871eae4fe03e0ef1612fff0a4a95f87b438bc6780\windows-amd64\native-platform.dll
0x00007ffbee8c0000 - 0x00007ffbee8cd000 	C:\Program Files\Android\Android Studio\jre\jre\bin\management.dll
0x00007ffbf1b70000 - 0x00007ffbf1b88000 	C:\WINDOWS\SYSTEM32\CRYPTSP.dll
0x00007ffbf12d0000 - 0x00007ffbf1304000 	C:\WINDOWS\system32\rsaenh.dll
0x00007ffbf21b0000 - 0x00007ffbf21d7000 	C:\WINDOWS\System32\bcrypt.dll
0x00007ffbf2070000 - 0x00007ffbf209e000 	C:\WINDOWS\SYSTEM32\USERENV.dll
0x00007ffbf2680000 - 0x00007ffbf2700000 	C:\WINDOWS\System32\bcryptprimitives.dll
0x00007ffbf1b90000 - 0x00007ffbf1b9c000 	C:\WINDOWS\SYSTEM32\CRYPTBASE.dll
0x00007ffbf1640000 - 0x00007ffbf167b000 	C:\WINDOWS\SYSTEM32\IPHLPAPI.DLL
0x00007ffbf3520000 - 0x00007ffbf3528000 	C:\WINDOWS\System32\NSI.dll
0x00007ffbe9350000 - 0x00007ffbe9367000 	C:\WINDOWS\SYSTEM32\dhcpcsvc6.DLL
0x00007ffbe93d0000 - 0x00007ffbe93ed000 	C:\WINDOWS\SYSTEM32\dhcpcsvc.DLL
0x00007ffbf1690000 - 0x00007ffbf175b000 	C:\WINDOWS\SYSTEM32\DNSAPI.dll
0x00007ffbe9530000 - 0x00007ffbe953b000 	C:\WINDOWS\SYSTEM32\WINNSI.DLL

VM Arguments:
jvm_args: -Xmx2048m -Dfile.encoding=UTF-8 -Duser.country=US -Duser.language=en -Duser.variant 
java_command: org.gradle.launcher.daemon.bootstrap.GradleDaemon 6.5
java_class_path (initial): C:\Users\phan thanh toan\.gradle\wrapper\dists\gradle-6.5-bin\6nifqtx7604sqp1q6g8wikw7p\gradle-6.5\lib\gradle-launcher-6.5.jar
Launcher Type: SUN_STANDARD

Environment Variables:
PATH=C:\WINDOWS\system32;C:\WINDOWS;C:\WINDOWS\System32\Wbem;C:\WINDOWS\System32\WindowsPowerShell\v1.0\;C:\WINDOWS\System32\OpenSSH\;C:\Users\phan thanh toan\AppData\Local\Microsoft\WindowsApps;;D:\java and android\code java\Microsoft VS Code\bin
USERNAME=phan thanh toan
OS=Windows_NT
PROCESSOR_IDENTIFIER=Intel64 Family 6 Model 60 Stepping 3, GenuineIntel



---------------  S Y S T E M  ---------------

OS: Windows 10.0 , 64 bit Build 19041 (10.0.19041.804)

CPU:total 4 (initial active 4) (2 cores per cpu, 2 threads per core) family 6 model 60 stepping 3, cmov, cx8, fxsr, mmx, sse, sse2, sse3, ssse3, sse4.1, sse4.2, popcnt, avx, avx2, aes, clmul, erms, lzcnt, ht, tsc, tscinvbit, bmi1, bmi2

Memory: 4k page, physical 4117844k(362820k free), swap 6934688k(5240k free)

vm_info: OpenJDK 64-Bit Server VM (25.242-b01) for windows-amd64 JRE (1.8.0_242-release-1644-b01), built by "builder" with MS VC++ 10.0 (VS2010)

time: Mon Mar 22 14:20:01 2021
timezone: SE Asia Standard Time
elapsed time: 21 seconds (0d 0h 0m 21s)

