#
# There is insufficient memory for the Java Runtime Environment to continue.
# Native memory allocation (malloc) failed to allocate 1224960 bytes for Chunk::new
# Possible reasons:
#   The system is out of physical RAM or swap space
#   The process is running with CompressedOops enabled, and the Java Heap may be blocking the growth of the native heap
# Possible solutions:
#   Reduce memory load on the system
#   Increase physical memory or swap space
#   Check if swap backing store is full
#   Decrease Java heap size (-Xmx/-Xms)
#   Decrease number of Java threads
#   Decrease Java thread stack sizes (-Xss)
#   Set larger code cache with -XX:ReservedCodeCacheSize=
#   JVM is running with Unscaled Compressed Oops mode in which the Java heap is
#     placed in the first 4GB address space. The Java Heap base address is the
#     maximum limit for the native heap growth. Please use -XX:HeapBaseMinAddress
#     to set the Java Heap base and to place the Java Heap above 4GB virtual address.
# This output file may be truncated or incomplete.
#
#  Out of Memory Error (allocation.cpp:389), pid=6128, tid=0x00000000000023f0
#
# JRE version: OpenJDK Runtime Environment (8.0_242-b01) (build 1.8.0_242-release-1644-b01)
# Java VM: OpenJDK 64-Bit Server VM (25.242-b01 mixed mode windows-amd64 compressed oops)
# Failed to write core dump. Minidumps are not enabled by default on client versions of Windows
#

---------------  T H R E A D  ---------------

Current thread (0x0000000017645800):  JavaThread "C2 CompilerThread0" daemon [_thread_in_native, id=9200, stack(0x0000000018cd0000,0x0000000018dd0000)]

Stack: [0x0000000018cd0000,0x0000000018dd0000]
[error occurred during error reporting (printing stack bounds), id 0xc0000005]

Native frames: (J=compiled Java code, j=interpreted, Vv=VM code, C=native code)


Current CompileTask:
C2:  20867 10477 %     4       com.android.tools.r8.dex.n::a @ 312 (910 bytes)


---------------  P R O C E S S  ---------------

Java Threads: ( => current thread )
  0x000000001a499800 JavaThread "ForkJoinPool-1-worker-0" daemon [_thread_blocked, id=12528, stack(0x000000002d460000,0x000000002d560000)]
  0x000000001a48b000 JavaThread "ForkJoinPool-1-worker-3" daemon [_thread_in_Java, id=8576, stack(0x000000002d360000,0x000000002d460000)]
  0x000000001a492000 JavaThread "ForkJoinPool-1-worker-2" daemon [_thread_blocked, id=9824, stack(0x000000002cdc0000,0x000000002cec0000)]
  0x000000001a491800 JavaThread "ForkJoinPool-1-worker-1" daemon [_thread_blocked, id=11420, stack(0x000000002ca90000,0x000000002cb90000)]
  0x000000001a48e000 JavaThread "WorkerExecutor Queue Thread 4" [_thread_blocked, id=12664, stack(0x000000002c990000,0x000000002ca90000)]
  0x000000001a490000 JavaThread "WorkerExecutor Queue Thread 3" [_thread_blocked, id=6484, stack(0x000000002c200000,0x000000002c300000)]
  0x000000001a490800 JavaThread "WorkerExecutor Queue Thread 2" [_thread_blocked, id=10760, stack(0x000000002c100000,0x000000002c200000)]
  0x000000001a48d800 JavaThread "WorkerExecutor Queue" [_thread_blocked, id=5124, stack(0x000000002c000000,0x000000002c100000)]
  0x000000001a48c000 JavaThread "ForkJoinPool.commonPool-worker-3" daemon [_thread_blocked, id=7556, stack(0x000000002bd00000,0x000000002be00000)]
  0x000000001a48f000 JavaThread "ForkJoinPool.commonPool-worker-2" daemon [_thread_blocked, id=7320, stack(0x000000002bc00000,0x000000002bd00000)]
  0x000000001a1f8000 JavaThread "Cache worker for Java compile cache (D:\login2\.gradle\6.5\javaCompile)" [_thread_blocked, id=12536, stack(0x000000002b600000,0x000000002b700000)]
  0x000000001a1fa000 JavaThread "Cache worker for Java compile cache (C:\Users\phan thanh toan\.gradle\caches\6.5\javaCompile)" [_thread_blocked, id=12480, stack(0x000000002b500000,0x000000002b600000)]
  0x000000001a1f7800 JavaThread "Cache worker for execution history cache (D:\login2\.gradle\6.5\executionHistory)" [_thread_blocked, id=5068, stack(0x000000002b000000,0x000000002b100000)]
  0x000000001a1f6800 JavaThread "Execution worker for ':' Thread 3" [_thread_blocked, id=8968, stack(0x000000002af00000,0x000000002b000000)]
  0x000000001a1f3800 JavaThread "Execution worker for ':' Thread 2" [_thread_blocked, id=10252, stack(0x000000002ae00000,0x000000002af00000)]
  0x000000001a1f0000 JavaThread "Execution worker for ':'" [_thread_blocked, id=8580, stack(0x000000002a420000,0x000000002a520000)]
  0x000000001a1f6000 JavaThread "Cache worker for file content cache (D:\login2\.gradle\6.5\fileContent)" [_thread_blocked, id=12604, stack(0x0000000029aa0000,0x0000000029ba0000)]
  0x000000001a1f5000 JavaThread "Memory manager" [_thread_blocked, id=12588, stack(0x0000000029810000,0x0000000029910000)]
  0x000000001a1ed800 JavaThread "pool-1-thread-1" [_thread_blocked, id=6972, stack(0x00000000299a0000,0x0000000029aa0000)]
  0x000000001a1f4800 JavaThread "Cache worker for Build Output Cleanup Cache (D:\login2\.gradle\buildOutputCleanup)" [_thread_blocked, id=10560, stack(0x0000000029310000,0x0000000029410000)]
  0x000000001a1f3000 JavaThread "jar transforms Thread 92" [_thread_blocked, id=10580, stack(0x0000000029010000,0x0000000029110000)]
  0x000000001a1f2000 JavaThread "jar transforms Thread 91" [_thread_blocked, id=10396, stack(0x0000000028f10000,0x0000000029010000)]
  0x000000001a1ef000 JavaThread "jar transforms Thread 90" [_thread_blocked, id=12492, stack(0x0000000028e10000,0x0000000028f10000)]
  0x000000001a1ed000 JavaThread "jar transforms Thread 89" [_thread_blocked, id=12340, stack(0x0000000028d10000,0x0000000028e10000)]
  0x000000001a1ee800 JavaThread "jar transforms Thread 88" [_thread_blocked, id=12524, stack(0x0000000028c10000,0x0000000028d10000)]
  0x000000001a1f1800 JavaThread "jar transforms Thread 87" [_thread_blocked, id=12504, stack(0x0000000028b10000,0x0000000028c10000)]
  0x0000000019e9b800 JavaThread "jar transforms Thread 86" [_thread_blocked, id=12508, stack(0x0000000028a10000,0x0000000028b10000)]
  0x0000000019e9d800 JavaThread "jar transforms Thread 85" [_thread_blocked, id=12488, stack(0x0000000028910000,0x0000000028a10000)]
  0x0000000019e9e800 JavaThread "jar transforms Thread 84" [_thread_blocked, id=12352, stack(0x0000000028810000,0x0000000028910000)]
  0x0000000019e9a000 JavaThread "jar transforms Thread 83" [_thread_blocked, id=12496, stack(0x0000000028710000,0x0000000028810000)]
  0x0000000019e98800 JavaThread "jar transforms Thread 82" [_thread_blocked, id=12484, stack(0x0000000028610000,0x0000000028710000)]
  0x0000000019e9a800 JavaThread "jar transforms Thread 81" [_thread_blocked, id=7272, stack(0x0000000028510000,0x0000000028610000)]
  0x0000000019e99000 JavaThread "jar transforms Thread 80" [_thread_blocked, id=2884, stack(0x0000000028410000,0x0000000028510000)]
  0x0000000019e9d000 JavaThread "jar transforms Thread 79" [_thread_blocked, id=11828, stack(0x0000000028310000,0x0000000028410000)]
  0x0000000019e9c000 JavaThread "jar transforms Thread 78" [_thread_blocked, id=12468, stack(0x0000000028210000,0x0000000028310000)]
  0x0000000019e97800 JavaThread "jar transforms Thread 77" [_thread_blocked, id=12348, stack(0x0000000028110000,0x0000000028210000)]
  0x0000000019e90000 JavaThread "jar transforms Thread 76" [_thread_blocked, id=5316, stack(0x0000000028010000,0x0000000028110000)]
  0x0000000019e97000 JavaThread "jar transforms Thread 75" [_thread_blocked, id=2824, stack(0x0000000027f10000,0x0000000028010000)]
  0x0000000019e8f800 JavaThread "jar transforms Thread 74" [_thread_blocked, id=12312, stack(0x0000000027e10000,0x0000000027f10000)]
  0x0000000019e94800 JavaThread "jar transforms Thread 73" [_thread_blocked, id=1228, stack(0x0000000027d10000,0x0000000027e10000)]
  0x0000000019e94000 JavaThread "jar transforms Thread 72" [_thread_blocked, id=11556, stack(0x0000000027c10000,0x0000000027d10000)]
  0x0000000019e91000 JavaThread "jar transforms Thread 71" [_thread_blocked, id=7388, stack(0x0000000027b10000,0x0000000027c10000)]
  0x0000000019e96000 JavaThread "jar transforms Thread 70" [_thread_blocked, id=5596, stack(0x0000000027a10000,0x0000000027b10000)]
  0x0000000019e93000 JavaThread "jar transforms Thread 69" [_thread_blocked, id=11768, stack(0x0000000027910000,0x0000000027a10000)]
  0x0000000019e92800 JavaThread "jar transforms Thread 68" [_thread_blocked, id=7656, stack(0x0000000027810000,0x0000000027910000)]
  0x0000000019e95800 JavaThread "jar transforms Thread 67" [_thread_blocked, id=7856, stack(0x0000000027710000,0x0000000027810000)]
  0x0000000019e91800 JavaThread "jar transforms Thread 66" [_thread_blocked, id=3964, stack(0x0000000027610000,0x0000000027710000)]
  0x0000000019f0b800 JavaThread "jar transforms Thread 65" [_thread_blocked, id=3860, stack(0x0000000027510000,0x0000000027610000)]
  0x0000000019f0b000 JavaThread "jar transforms Thread 64" [_thread_blocked, id=6428, stack(0x0000000027410000,0x0000000027510000)]
  0x0000000019f09800 JavaThread "jar transforms Thread 63" [_thread_blocked, id=10944, stack(0x0000000027310000,0x0000000027410000)]
  0x0000000019f0a000 JavaThread "jar transforms Thread 62" [_thread_blocked, id=12144, stack(0x0000000027210000,0x0000000027310000)]
  0x0000000019f08800 JavaThread "jar transforms Thread 61" [_thread_blocked, id=244, stack(0x0000000027110000,0x0000000027210000)]
  0x0000000019f08000 JavaThread "jar transforms Thread 60" [_thread_blocked, id=12308, stack(0x0000000027010000,0x0000000027110000)]
  0x0000000019f05800 JavaThread "jar transforms Thread 59" [_thread_blocked, id=12304, stack(0x0000000026f10000,0x0000000027010000)]
  0x0000000019f06800 JavaThread "jar transforms Thread 58" [_thread_blocked, id=12300, stack(0x0000000026e10000,0x0000000026f10000)]
  0x0000000019f07000 JavaThread "jar transforms Thread 57" [_thread_blocked, id=12296, stack(0x0000000026d10000,0x0000000026e10000)]
  0x0000000019f0c800 JavaThread "jar transforms Thread 56" [_thread_blocked, id=12292, stack(0x0000000026c10000,0x0000000026d10000)]
  0x0000000019efe000 JavaThread "jar transforms Thread 55" [_thread_blocked, id=9696, stack(0x0000000026b10000,0x0000000026c10000)]
  0x0000000019f05000 JavaThread "jar transforms Thread 54" [_thread_blocked, id=5848, stack(0x0000000026a10000,0x0000000026b10000)]
  0x0000000019efd800 JavaThread "jar transforms Thread 53" [_thread_blocked, id=4404, stack(0x0000000026910000,0x0000000026a10000)]
  0x0000000019f02800 JavaThread "jar transforms Thread 52" [_thread_blocked, id=4424, stack(0x0000000026810000,0x0000000026910000)]
  0x0000000019eff800 JavaThread "jar transforms Thread 51" [_thread_blocked, id=4540, stack(0x0000000026710000,0x0000000026810000)]
  0x0000000019f01000 JavaThread "jar transforms Thread 50" [_thread_blocked, id=8216, stack(0x0000000026610000,0x0000000026710000)]
  0x0000000019f04000 JavaThread "jar transforms Thread 49" [_thread_blocked, id=1608, stack(0x0000000026510000,0x0000000026610000)]
  0x0000000019eff000 JavaThread "jar transforms Thread 48" [_thread_blocked, id=10036, stack(0x0000000026410000,0x0000000026510000)]
  0x0000000019f00800 JavaThread "jar transforms Thread 47" [_thread_blocked, id=7068, stack(0x0000000026310000,0x0000000026410000)]
  0x0000000019f03800 JavaThread "jar transforms Thread 46" [_thread_blocked, id=7540, stack(0x0000000026210000,0x0000000026310000)]
  0x0000000019f02000 JavaThread "jar transforms Thread 45" [_thread_blocked, id=4624, stack(0x0000000026110000,0x0000000026210000)]
  0x000000001e37b800 JavaThread "jar transforms Thread 44" [_thread_blocked, id=4888, stack(0x0000000026010000,0x0000000026110000)]
  0x000000001e37a800 JavaThread "jar transforms Thread 43" [_thread_blocked, id=2648, stack(0x0000000025f10000,0x0000000026010000)]
  0x000000001e379000 JavaThread "jar transforms Thread 42" [_thread_blocked, id=1008, stack(0x0000000025e10000,0x0000000025f10000)]
  0x000000001e37a000 JavaThread "jar transforms Thread 41" [_thread_blocked, id=11240, stack(0x0000000025d10000,0x0000000025e10000)]
  0x000000001e378800 JavaThread "jar transforms Thread 40" [_thread_blocked, id=7872, stack(0x0000000025c10000,0x0000000025d10000)]
  0x000000001e371000 JavaThread "jar transforms Thread 39" [_thread_blocked, id=12120, stack(0x0000000025b10000,0x0000000025c10000)]
  0x000000001e377800 JavaThread "jar transforms Thread 38" [_thread_blocked, id=11596, stack(0x0000000025a10000,0x0000000025b10000)]
  0x000000001e377000 JavaThread "jar transforms Thread 37" [_thread_blocked, id=8380, stack(0x0000000025910000,0x0000000025a10000)]
  0x000000001e36f800 JavaThread "jar transforms Thread 36" [_thread_blocked, id=4408, stack(0x0000000025810000,0x0000000025910000)]
  0x000000001e376000 JavaThread "jar transforms Thread 35" [_thread_blocked, id=12332, stack(0x0000000025710000,0x0000000025810000)]
  0x000000001e36e800 JavaThread "jar transforms Thread 34" [_thread_blocked, id=8444, stack(0x0000000025610000,0x0000000025710000)]
  0x000000001e370000 JavaThread "jar transforms Thread 33" [_thread_blocked, id=12316, stack(0x0000000025510000,0x0000000025610000)]
  0x000000001e375800 JavaThread "jar transforms Thread 32" [_thread_blocked, id=12216, stack(0x0000000025410000,0x0000000025510000)]
  0x000000001e374800 JavaThread "jar transforms Thread 31" [_thread_blocked, id=9548, stack(0x0000000025310000,0x0000000025410000)]
  0x000000001e372800 JavaThread "jar transforms Thread 30" [_thread_blocked, id=2620, stack(0x0000000025210000,0x0000000025310000)]
  0x000000001e36d000 JavaThread "jar transforms Thread 29" [_thread_blocked, id=4748, stack(0x0000000025110000,0x0000000025210000)]
  0x000000001e374000 JavaThread "jar transforms Thread 28" [_thread_blocked, id=11772, stack(0x0000000025010000,0x0000000025110000)]
  0x000000001e36e000 JavaThread "jar transforms Thread 27" [_thread_blocked, id=5360, stack(0x0000000024f10000,0x0000000025010000)]
  0x000000001e36c800 JavaThread "jar transforms Thread 26" [_thread_blocked, id=9152, stack(0x0000000024e10000,0x0000000024f10000)]
  0x000000001e371800 JavaThread "jar transforms Thread 25" [_thread_blocked, id=5172, stack(0x0000000024d10000,0x0000000024e10000)]
  0x000000001e373000 JavaThread "jar transforms Thread 24" [_thread_blocked, id=2936, stack(0x0000000024c10000,0x0000000024d10000)]
  0x000000001b618000 JavaThread "jar transforms Thread 23" [_thread_blocked, id=10212, stack(0x0000000024b10000,0x0000000024c10000)]
  0x000000001b617000 JavaThread "jar transforms Thread 22" [_thread_blocked, id=1236, stack(0x0000000024a10000,0x0000000024b10000)]
  0x000000001b616800 JavaThread "jar transforms Thread 21" [_thread_blocked, id=4228, stack(0x0000000024910000,0x0000000024a10000)]
  0x000000001b615800 JavaThread "jar transforms Thread 20" [_thread_blocked, id=6764, stack(0x0000000024810000,0x0000000024910000)]
  0x000000001b615000 JavaThread "jar transforms Thread 19" [_thread_blocked, id=5564, stack(0x0000000024710000,0x0000000024810000)]
  0x000000001b612800 JavaThread "jar transforms Thread 18" [_thread_blocked, id=9844, stack(0x0000000024610000,0x0000000024710000)]
  0x000000001b618800 JavaThread "jar transforms Thread 17" [_thread_blocked, id=3516, stack(0x0000000024510000,0x0000000024610000)]
  0x000000001b619800 JavaThread "jar transforms Thread 16" [_thread_blocked, id=7672, stack(0x0000000024410000,0x0000000024510000)]
  0x000000001b614000 JavaThread "jar transforms Thread 15" [_thread_blocked, id=12112, stack(0x0000000024310000,0x0000000024410000)]
  0x000000001b613800 JavaThread "jar transforms Thread 14" [_thread_blocked, id=8156, stack(0x0000000024210000,0x0000000024310000)]
  0x000000001b987000 JavaThread "jar transforms Thread 13" [_thread_blocked, id=5100, stack(0x0000000024110000,0x0000000024210000)]
  0x000000001b985800 JavaThread "jar transforms Thread 12" [_thread_blocked, id=11716, stack(0x0000000024010000,0x0000000024110000)]
  0x000000001b984800 JavaThread "jar transforms Thread 11" [_thread_blocked, id=3420, stack(0x0000000023f10000,0x0000000024010000)]
  0x000000001b984000 JavaThread "jar transforms Thread 10" [_thread_blocked, id=9424, stack(0x0000000023d10000,0x0000000023e10000)]
  0x000000001b986000 JavaThread "jar transforms Thread 9" [_thread_blocked, id=2776, stack(0x0000000023c10000,0x0000000023d10000)]
  0x000000001b98a000 JavaThread "jar transforms Thread 8" [_thread_blocked, id=4760, stack(0x0000000023b10000,0x0000000023c10000)]
  0x000000001b989000 JavaThread "jar transforms Thread 7" [_thread_blocked, id=11084, stack(0x0000000023a10000,0x0000000023b10000)]
  0x000000001b988800 JavaThread "jar transforms Thread 6" [_thread_blocked, id=10500, stack(0x0000000023910000,0x0000000023a10000)]
  0x000000001b987800 JavaThread "jar transforms Thread 5" [_thread_blocked, id=1708, stack(0x0000000023810000,0x0000000023910000)]
  0x000000001b97c800 JavaThread "jar transforms Thread 4" [_thread_blocked, id=4512, stack(0x0000000023300000,0x0000000023400000)]
  0x000000001b983000 JavaThread "jar transforms Thread 3" [_thread_blocked, id=9700, stack(0x0000000023200000,0x0000000023300000)]
  0x000000001b982800 JavaThread "jar transforms Thread 2" [_thread_blocked, id=11864, stack(0x0000000022e60000,0x0000000022f60000)]
  0x000000001b97b800 JavaThread "Build operations Thread 4" [_thread_blocked, id=7552, stack(0x0000000023710000,0x0000000023810000)]
  0x000000001b97b000 JavaThread "Build operations Thread 3" [_thread_blocked, id=6616, stack(0x0000000023610000,0x0000000023710000)]
  0x000000001b97d000 JavaThread "Build operations Thread 2" [_thread_blocked, id=4812, stack(0x0000000023510000,0x0000000023610000)]
  0x000000001b981800 JavaThread "Build operations" [_thread_blocked, id=7640, stack(0x0000000023410000,0x0000000023510000)]
  0x0000000017698000 JavaThread "Cache worker for file content cache (C:\Users\phan thanh toan\.gradle\caches\6.5\fileContent)" [_thread_blocked, id=4772, stack(0x0000000022960000,0x0000000022a60000)]
  0x0000000017698800 JavaThread "jar transforms" [_thread_blocked, id=12088, stack(0x0000000022860000,0x0000000022960000)]
  0x0000000017697000 JavaThread "Cache worker for execution history cache (C:\Users\phan thanh toan\.gradle\caches\6.5\executionHistory)" [_thread_blocked, id=6840, stack(0x000000001fd90000,0x000000001fe90000)]
  0x0000000017696800 JavaThread "Cache worker for cache directory md-rule (C:\Users\phan thanh toan\.gradle\caches\6.5\md-rule)" [_thread_blocked, id=6252, stack(0x000000001fc90000,0x000000001fd90000)]
  0x0000000017695800 JavaThread "Cache worker for cache directory md-supplier (C:\Users\phan thanh toan\.gradle\caches\6.5\md-supplier)" [_thread_blocked, id=7900, stack(0x000000001fb90000,0x000000001fc90000)]
  0x000000001769c800 JavaThread "Cache worker for checksums cache (D:\login2\.gradle\checksums)" [_thread_blocked, id=4528, stack(0x000000001fa90000,0x000000001fb90000)]
  0x000000001769b000 JavaThread "Cache worker for file hash cache (D:\login2\.gradle\6.5\fileHashes)" [_thread_blocked, id=7504, stack(0x000000001ff00000,0x0000000020000000)]
  0x000000001769b800 JavaThread "Cache worker for file hash cache (C:\Users\phan thanh toan\.gradle\caches\6.5\fileHashes)" [_thread_blocked, id=8048, stack(0x000000001e5c0000,0x000000001e6c0000)]
  0x0000000017699800 JavaThread "File lock request listener" [_thread_in_native, id=8684, stack(0x000000001d4f0000,0x000000001d5f0000)]
  0x000000001b4b0000 JavaThread "Cache worker for journal cache (C:\Users\phan thanh toan\.gradle\caches\journal-1)" [_thread_blocked, id=10952, stack(0x000000001d3f0000,0x000000001d4f0000)]
  0x000000001b199000 JavaThread "Thread-9" [_thread_blocked, id=2056, stack(0x000000001d0f0000,0x000000001d1f0000)]
  0x000000001b197800 JavaThread "Stdin handler" [_thread_blocked, id=9388, stack(0x000000001cff0000,0x000000001d0f0000)]
  0x000000001b194800 JavaThread "Asynchronous log dispatcher for DefaultDaemonConnection: socket connection from /127.0.0.1:58587 to /127.0.0.1:58588" [_thread_blocked, id=12364, stack(0x000000001cef0000,0x000000001cff0000)]
  0x000000001b04c800 JavaThread "Daemon worker" [_thread_blocked, id=11572, stack(0x000000001cdf0000,0x000000001cef0000)]
  0x000000001b04b800 JavaThread "Cancel handler" [_thread_blocked, id=6216, stack(0x000000001ccf0000,0x000000001cdf0000)]
  0x000000001b040800 JavaThread "Handler for socket connection from /127.0.0.1:58587 to /127.0.0.1:58588" [_thread_in_native, id=12416, stack(0x000000001cbf0000,0x000000001ccf0000)]
  0x0000000019f76000 JavaThread "Daemon" [_thread_blocked, id=9504, stack(0x000000001caf0000,0x000000001cbf0000)]
  0x000000001ab90800 JavaThread "Daemon periodic checks" [_thread_blocked, id=11388, stack(0x000000001c7f0000,0x000000001c8f0000)]
  0x0000000019fa6000 JavaThread "Incoming local TCP Connector on port 58587" [_thread_in_native, id=12424, stack(0x000000001c5b0000,0x000000001c6b0000)]
  0x000000001ad81000 JavaThread "Daemon health stats" [_thread_blocked, id=11916, stack(0x000000001bf70000,0x000000001c070000)]
  0x0000000019041000 JavaThread "Service Thread" daemon [_thread_blocked, id=8536, stack(0x00000000193d0000,0x00000000194d0000)]
  0x000000001769a000 JavaThread "C1 CompilerThread2" daemon [_thread_in_native, id=7452, stack(0x0000000018ed0000,0x0000000018fd0000)]
  0x000000001764a000 JavaThread "C2 CompilerThread1" daemon [_thread_in_native, id=9636, stack(0x0000000018dd0000,0x0000000018ed0000)]
=>0x0000000017645800 JavaThread "C2 CompilerThread0" daemon [_thread_in_native, id=9200, stack(0x0000000018cd0000,0x0000000018dd0000)]
  0x0000000017691000 JavaThread "Attach Listener" daemon [_thread_blocked, id=7416, stack(0x0000000018bd0000,0x0000000018cd0000)]
  0x0000000017690800 JavaThread "Signal Dispatcher" daemon [_thread_blocked, id=8708, stack(0x0000000018ad0000,0x0000000018bd0000)]
  0x0000000002a1b000 JavaThread "Finalizer" daemon [_thread_blocked, id=11444, stack(0x00000000188d0000,0x00000000189d0000)]
  0x0000000017629000 JavaThread "Reference Handler" daemon [_thread_blocked, id=6264, stack(0x00000000187d0000,0x00000000188d0000)]
  0x000000000291e000 JavaThread "main" [_thread_blocked, id=2072, stack(0x0000000002730000,0x0000000002830000)]

Other Threads:
  0x0000000017606000 VMThread [stack: 0x00000000186d0000,0x00000000187d0000] [id=11208]
  0x000000001906a000 WatcherThread [stack: 0x00000000194d0000,0x00000000195d0000] [id=11404]

VM state:not at safepoint (normal execution)

VM Mutex/Monitor currently owned by a thread: None

heap address: 0x0000000080000000, size: 2048 MB, Compressed Oops mode: 32-bit
Narrow klass base: 0x0000000000000000, Narrow klass shift: 3
Compressed class space size: 1073741824 Address: 0x0000000100000000

Heap:
 PSYoungGen      total 307200K, used 180487K [0x00000000d5580000, 0x00000000ec380000, 0x0000000100000000)
  eden space 280064K, 54% used [0x00000000d5580000,0x00000000deb47410,0x00000000e6700000)
  from space 27136K, 99% used [0x00000000e8e00000,0x00000000ea87a8c0,0x00000000ea880000)
  to   space 39936K, 0% used [0x00000000e6700000,0x00000000e6700000,0x00000000e8e00000)
 ParOldGen       total 85504K, used 65040K [0x0000000080000000, 0x0000000085380000, 0x00000000d5580000)
  object space 85504K, 76% used [0x0000000080000000,0x0000000083f84280,0x0000000085380000)
 Metaspace       used 80599K, capacity 84940K, committed 85272K, reserved 1122304K
  class space    used 11126K, capacity 11962K, committed 12080K, reserved 1048576K

Card table byte_map: [0x0000000011de0000,0x00000000121f0000] byte_map_base: 0x00000000119e0000

Marking Bits: (ParMarkBitMap*) 0x00000000622df030
 Begin Bits: [0x00000000128a0000, 0x00000000148a0000)
 End Bits:   [0x00000000148a0000, 0x00000000168a0000)

Polling page: 0x00000000005f0000

CodeCache: size=245760Kb used=30430Kb max_used=30430Kb free=215329Kb
 bounds [0x0000000002a20000, 0x0000000004800000, 0x0000000011a20000]
 total_blobs=10501 nmethods=9669 adapters=744
 compilation: enabled

Compilation events (10 events):
Event: 20.849 Thread 0x000000001769a000 11191       2       com.android.tools.r8.graph.T::equals (37 bytes)
Event: 20.849 Thread 0x000000001769a000 nmethod 11191 0x00000000047f9e50 code [0x00000000047f9fc0, 0x00000000047fa1e8]
Event: 20.849 Thread 0x000000001769a000 11192       2       com.android.tools.r8.graph.l0$e::hashCode (17 bytes)
Event: 20.849 Thread 0x000000001769a000 nmethod 11192 0x00000000047fa2d0 code [0x00000000047fa420, 0x00000000047fa590]
Event: 20.853 Thread 0x000000001769a000 11193 %     3       com.android.tools.r8.graph.f0::a @ 97 (205 bytes)
Event: 20.855 Thread 0x000000001769a000 nmethod 11193% 0x00000000047fa610 code [0x00000000047fa920, 0x00000000047fc138]
Event: 20.855 Thread 0x000000001769a000 11195       2       com.android.tools.r8.dex.t::a (30 bytes)
Event: 20.855 Thread 0x000000001769a000 nmethod 11195 0x00000000047fcf50 code [0x00000000047fd0c0, 0x00000000047fd298]
Event: 20.855 Thread 0x000000001769a000 11194       2       com.android.tools.r8.graph.l0$k::hashCode (9 bytes)
Event: 20.855 Thread 0x000000001769a000 nmethod 11194 0x00000000047fd350 code [0x00000000047fd4e0, 0x00000000047fd650]

GC Heap History (10 events):
Event: 8.351 GC heap before
{Heap before GC invocations=13 (full 2):
 PSYoungGen      total 197120K, used 184832K [0x00000000d5580000, 0x00000000e2600000, 0x0000000100000000)
  eden space 184832K, 100% used [0x00000000d5580000,0x00000000e0a00000,0x00000000e0a00000)
  from space 12288K, 0% used [0x00000000e1680000,0x00000000e1680000,0x00000000e2280000)
  to   space 12800K, 0% used [0x00000000e0a00000,0x00000000e0a00000,0x00000000e1680000)
 ParOldGen       total 49664K, used 14567K [0x0000000080000000, 0x0000000083080000, 0x00000000d5580000)
  object space 49664K, 29% used [0x0000000080000000,0x0000000080e39e18,0x0000000083080000)
 Metaspace       used 45139K, capacity 46926K, committed 47272K, reserved 1089536K
  class space    used 6106K, capacity 6449K, committed 6576K, reserved 1048576K
Event: 8.370 GC heap after
Heap after GC invocations=13 (full 2):
 PSYoungGen      total 197632K, used 12770K [0x00000000d5580000, 0x00000000e6080000, 0x0000000100000000)
  eden space 184832K, 0% used [0x00000000d5580000,0x00000000d5580000,0x00000000e0a00000)
  from space 12800K, 99% used [0x00000000e0a00000,0x00000000e1678818,0x00000000e1680000)
  to   space 15360K, 0% used [0x00000000e5180000,0x00000000e5180000,0x00000000e6080000)
 ParOldGen       total 49664K, used 17069K [0x0000000080000000, 0x0000000083080000, 0x00000000d5580000)
  object space 49664K, 34% used [0x0000000080000000,0x00000000810ab7f8,0x0000000083080000)
 Metaspace       used 45139K, capacity 46926K, committed 47272K, reserved 1089536K
  class space    used 6106K, capacity 6449K, committed 6576K, reserved 1048576K
}
Event: 10.671 GC heap before
{Heap before GC invocations=14 (full 2):
 PSYoungGen      total 197632K, used 157935K [0x00000000d5580000, 0x00000000e6080000, 0x0000000100000000)
  eden space 184832K, 78% used [0x00000000d5580000,0x00000000de343400,0x00000000e0a00000)
  from space 12800K, 99% used [0x00000000e0a00000,0x00000000e1678818,0x00000000e1680000)
  to   space 15360K, 0% used [0x00000000e5180000,0x00000000e5180000,0x00000000e6080000)
 ParOldGen       total 49664K, used 17069K [0x0000000080000000, 0x0000000083080000, 0x00000000d5580000)
  object space 49664K, 34% used [0x0000000080000000,0x00000000810ab7f8,0x0000000083080000)
 Metaspace       used 56835K, capacity 59138K, committed 59160K, reserved 1099776K
  class space    used 7770K, capacity 8236K, committed 8240K, reserved 1048576K
Event: 10.727 GC heap after
Heap after GC invocations=14 (full 2):
 PSYoungGen      total 251904K, used 15332K [0x00000000d5580000, 0x00000000e6a80000, 0x0000000100000000)
  eden space 236544K, 0% used [0x00000000d5580000,0x00000000d5580000,0x00000000e3c80000)
  from space 15360K, 99% used [0x00000000e5180000,0x00000000e6079238,0x00000000e6080000)
  to   space 21504K, 0% used [0x00000000e3c80000,0x00000000e3c80000,0x00000000e5180000)
 ParOldGen       total 49664K, used 26710K [0x0000000080000000, 0x0000000083080000, 0x00000000d5580000)
  object space 49664K, 53% used [0x0000000080000000,0x0000000081a159f0,0x0000000083080000)
 Metaspace       used 56835K, capacity 59138K, committed 59160K, reserved 1099776K
  class space    used 7770K, capacity 8236K, committed 8240K, reserved 1048576K
}
Event: 10.727 GC heap before
{Heap before GC invocations=15 (full 3):
 PSYoungGen      total 251904K, used 15332K [0x00000000d5580000, 0x00000000e6a80000, 0x0000000100000000)
  eden space 236544K, 0% used [0x00000000d5580000,0x00000000d5580000,0x00000000e3c80000)
  from space 15360K, 99% used [0x00000000e5180000,0x00000000e6079238,0x00000000e6080000)
  to   space 21504K, 0% used [0x00000000e3c80000,0x00000000e3c80000,0x00000000e5180000)
 ParOldGen       total 49664K, used 26710K [0x0000000080000000, 0x0000000083080000, 0x00000000d5580000)
  object space 49664K, 53% used [0x0000000080000000,0x0000000081a159f0,0x0000000083080000)
 Metaspace       used 56835K, capacity 59138K, committed 59160K, reserved 1099776K
  class space    used 7770K, capacity 8236K, committed 8240K, reserved 1048576K
Event: 10.971 GC heap after
Heap after GC invocations=15 (full 3):
 PSYoungGen      total 251904K, used 0K [0x00000000d5580000, 0x00000000e6a80000, 0x0000000100000000)
  eden space 236544K, 0% used [0x00000000d5580000,0x00000000d5580000,0x00000000e3c80000)
  from space 15360K, 0% used [0x00000000e5180000,0x00000000e5180000,0x00000000e6080000)
  to   space 21504K, 0% used [0x00000000e3c80000,0x00000000e3c80000,0x00000000e5180000)
 ParOldGen       total 85504K, used 36766K [0x0000000080000000, 0x0000000085380000, 0x00000000d5580000)
  object space 85504K, 42% used [0x0000000080000000,0x00000000823e7ae0,0x0000000085380000)
 Metaspace       used 56816K, capacity 59072K, committed 59160K, reserved 1099776K
  class space    used 7764K, capacity 8225K, committed 8240K, reserved 1048576K
}
Event: 15.439 GC heap before
{Heap before GC invocations=16 (full 3):
 PSYoungGen      total 251904K, used 236544K [0x00000000d5580000, 0x00000000e6a80000, 0x0000000100000000)
  eden space 236544K, 100% used [0x00000000d5580000,0x00000000e3c80000,0x00000000e3c80000)
  from space 15360K, 0% used [0x00000000e5180000,0x00000000e5180000,0x00000000e6080000)
  to   space 21504K, 0% used [0x00000000e3c80000,0x00000000e3c80000,0x00000000e5180000)
 ParOldGen       total 85504K, used 36766K [0x0000000080000000, 0x0000000085380000, 0x00000000d5580000)
  object space 85504K, 42% used [0x0000000080000000,0x00000000823e7ae0,0x0000000085380000)
 Metaspace       used 69865K, capacity 73040K, committed 73240K, reserved 1112064K
  class space    used 9537K, capacity 10164K, committed 10288K, reserved 1048576K
Event: 15.479 GC heap after
Heap after GC invocations=16 (full 3):
 PSYoungGen      total 258048K, used 21474K [0x00000000d5580000, 0x00000000ea880000, 0x0000000100000000)
  eden space 236544K, 0% used [0x00000000d5580000,0x00000000d5580000,0x00000000e3c80000)
  from space 21504K, 99% used [0x00000000e3c80000,0x00000000e5178820,0x00000000e5180000)
  to   space 27136K, 0% used [0x00000000e8e00000,0x00000000e8e00000,0x00000000ea880000)
 ParOldGen       total 85504K, used 42871K [0x0000000080000000, 0x0000000085380000, 0x00000000d5580000)
  object space 85504K, 50% used [0x0000000080000000,0x00000000829ddfa0,0x0000000085380000)
 Metaspace       used 69865K, capacity 73040K, committed 73240K, reserved 1112064K
  class space    used 9537K, capacity 10164K, committed 10288K, reserved 1048576K
}
Event: 17.955 GC heap before
{Heap before GC invocations=17 (full 3):
 PSYoungGen      total 258048K, used 258018K [0x00000000d5580000, 0x00000000ea880000, 0x0000000100000000)
  eden space 236544K, 100% used [0x00000000d5580000,0x00000000e3c80000,0x00000000e3c80000)
  from space 21504K, 99% used [0x00000000e3c80000,0x00000000e5178820,0x00000000e5180000)
  to   space 27136K, 0% used [0x00000000e8e00000,0x00000000e8e00000,0x00000000ea880000)
 ParOldGen       total 85504K, used 42871K [0x0000000080000000, 0x0000000085380000, 0x00000000d5580000)
  object space 85504K, 50% used [0x0000000080000000,0x00000000829ddfa0,0x0000000085380000)
 Metaspace       used 79018K, capacity 83250K, committed 83480K, reserved 1120256K
  class space    used 10919K, capacity 11725K, committed 11824K, reserved 1048576K
Event: 18.027 GC heap after
Heap after GC invocations=17 (full 3):
 PSYoungGen      total 307200K, used 27114K [0x00000000d5580000, 0x00000000ec380000, 0x0000000100000000)
  eden space 280064K, 0% used [0x00000000d5580000,0x00000000d5580000,0x00000000e6700000)
  from space 27136K, 99% used [0x00000000e8e00000,0x00000000ea87a8c0,0x00000000ea880000)
  to   space 39936K, 0% used [0x00000000e6700000,0x00000000e6700000,0x00000000e8e00000)
 ParOldGen       total 85504K, used 65040K [0x0000000080000000, 0x0000000085380000, 0x00000000d5580000)
  object space 85504K, 76% used [0x0000000080000000,0x0000000083f84280,0x0000000085380000)
 Metaspace       used 79018K, capacity 83250K, committed 83480K, reserved 1120256K
  class space    used 10919K, capacity 11725K, committed 11824K, reserved 1048576K
}

Deoptimization events (10 events):
Event: 20.256 Thread 0x000000001a490000 Uncommon trap: reason=bimorphic action=maybe_recompile pc=0x00000000042ec338 method=com.android.tools.r8.graph.Y.collectIndexedItems(Lcom/android/tools/r8/dex/v;)V @ 4
Event: 20.256 Thread 0x000000001a490000 Uncommon trap: reason=bimorphic action=maybe_recompile pc=0x00000000042ec338 method=com.android.tools.r8.graph.Y.collectIndexedItems(Lcom/android/tools/r8/dex/v;)V @ 4
Event: 20.256 Thread 0x000000001a490000 Uncommon trap: reason=bimorphic action=maybe_recompile pc=0x00000000042ec338 method=com.android.tools.r8.graph.Y.collectIndexedItems(Lcom/android/tools/r8/dex/v;)V @ 4
Event: 20.256 Thread 0x000000001a490000 Uncommon trap: reason=bimorphic action=maybe_recompile pc=0x00000000042ec338 method=com.android.tools.r8.graph.Y.collectIndexedItems(Lcom/android/tools/r8/dex/v;)V @ 4
Event: 20.393 Thread 0x000000001a490000 Uncommon trap: reason=class_check action=maybe_recompile pc=0x0000000003ba0100 method=com.android.tools.r8.graph.Y.a([Lcom/android/tools/r8/graph/Y;Ljava/util/function/Consumer;)V @ 27
Event: 20.393 Thread 0x000000001a490000 Uncommon trap: reason=class_check action=maybe_recompile pc=0x0000000003ba0100 method=com.android.tools.r8.graph.Y.a([Lcom/android/tools/r8/graph/Y;Ljava/util/function/Consumer;)V @ 27
Event: 20.393 Thread 0x000000001a490000 Uncommon trap: reason=class_check action=maybe_recompile pc=0x0000000003ba0100 method=com.android.tools.r8.graph.Y.a([Lcom/android/tools/r8/graph/Y;Ljava/util/function/Consumer;)V @ 27
Event: 20.393 Thread 0x000000001a490000 Uncommon trap: reason=class_check action=maybe_recompile pc=0x0000000003ba0100 method=com.android.tools.r8.graph.Y.a([Lcom/android/tools/r8/graph/Y;Ljava/util/function/Consumer;)V @ 27
Event: 20.784 Thread 0x000000001a48b000 Uncommon trap: reason=null_check action=make_not_entrant pc=0x000000000454668c method=com.android.tools.r8.graph.i0.computeEquals(Ljava/lang/Object;)Z @ 1
Event: 20.785 Thread 0x000000001a48b000 Uncommon trap: reason=unstable_if action=reinterpret pc=0x0000000003625c28 method=java.util.Arrays.equals([Ljava/lang/Object;[Ljava/lang/Object;)Z @ 47

Classes redefined (0 events):
No events

Internal exceptions (10 events):
Event: 17.738 Thread 0x000000001b97b000 Implicit null exception at 0x000000000402acfb to 0x000000000402b4d1
Event: 17.756 Thread 0x000000001b04c800 Implicit null exception at 0x00000000037170c3 to 0x0000000003717a29
Event: 18.084 Thread 0x000000001b04c800 Exception <a 'java/lang/NoSuchMethodError': <clinit>> (0x00000000d57db8f0) thrown at [C:\src\AOSP-openjdk-git\hotspot\src\share\vm\prims\jni.cpp, line 1615]
Event: 18.085 Thread 0x000000001b04c800 Exception <a 'java/lang/NoSuchMethodError': <clinit>> (0x00000000d57f28d8) thrown at [C:\src\AOSP-openjdk-git\hotspot\src\share\vm\prims\jni.cpp, line 1615]
Event: 18.298 Thread 0x000000001a490000 Exception <a 'sun/nio/fs/WindowsException'> (0x00000000d677cb58) thrown at [C:\src\AOSP-openjdk-git\hotspot\src\share\vm\prims\jni.cpp, line 710]
Event: 18.570 Thread 0x000000001a492000 Implicit null exception at 0x00000000033af0ef to 0x00000000033af1e1
Event: 18.570 Thread 0x000000001a499800 Implicit null exception at 0x00000000033af0ef to 0x00000000033af1e1
Event: 18.570 Thread 0x000000001a491800 Implicit null exception at 0x00000000033af0ef to 0x00000000033af1e1
Event: 18.570 Thread 0x000000001a48b000 Implicit null exception at 0x00000000033af0ef to 0x00000000033af1e1
Event: 20.784 Thread 0x000000001a48b000 Implicit null exception at 0x000000000454650f to 0x000000000454667d

Events (10 events):
Event: 20.464 Thread 0x000000001a48b000 DEOPT PACKING pc=0x0000000004329ed1 sp=0x000000002d45ea90
Event: 20.464 Thread 0x000000001a48b000 DEOPT UNPACKING pc=0x0000000002a675d0 sp=0x000000002d45e808 mode 0
Event: 20.765 Executing VM operation: ForceSafepoint
Event: 20.766 Executing VM operation: ForceSafepoint done
Event: 20.784 Thread 0x000000001a48b000 Uncommon trap: trap_request=0xfffffff4 fr.pc=0x000000000454668c
Event: 20.785 Thread 0x000000001a48b000 DEOPT PACKING pc=0x000000000454668c sp=0x000000002d45ea60
Event: 20.785 Thread 0x000000001a48b000 DEOPT UNPACKING pc=0x0000000002a6557b sp=0x000000002d45e9f8 mode 2
Event: 20.785 Thread 0x000000001a48b000 Uncommon trap: trap_request=0xffffff65 fr.pc=0x0000000003625c28
Event: 20.785 Thread 0x000000001a48b000 DEOPT PACKING pc=0x0000000003625c28 sp=0x000000002d45ea60
Event: 20.785 Thread 0x000000001a48b000 DEOPT UNPACKING pc=0x0000000002a6557b sp=0x000000002d45e9e8 mode 2


Dynamic libraries:
0x00007ff674400000 - 0x00007ff674431000 	C:\Program Files\Android\Android Studio\jre\bin\java.exe
0x00007fff53190000 - 0x00007fff53385000 	C:\WINDOWS\SYSTEM32\ntdll.dll
0x00007fff52d70000 - 0x00007fff52e2d000 	C:\WINDOWS\System32\KERNEL32.DLL
0x00007fff50b10000 - 0x00007fff50dd9000 	C:\WINDOWS\System32\KERNELBASE.dll
0x00007fff51480000 - 0x00007fff5152c000 	C:\WINDOWS\System32\ADVAPI32.dll
0x00007fff52b40000 - 0x00007fff52bde000 	C:\WINDOWS\System32\msvcrt.dll
0x00007fff52be0000 - 0x00007fff52c7c000 	C:\WINDOWS\System32\sechost.dll
0x00007fff53020000 - 0x00007fff5314b000 	C:\WINDOWS\System32\RPCRT4.dll
0x00007fff511f0000 - 0x00007fff51390000 	C:\WINDOWS\System32\USER32.dll
0x00007fff508d0000 - 0x00007fff508f2000 	C:\WINDOWS\System32\win32u.dll
0x00007fff51440000 - 0x00007fff5146a000 	C:\WINDOWS\System32\GDI32.dll
0x00007fff50f80000 - 0x00007fff5108b000 	C:\WINDOWS\System32\gdi32full.dll
0x00007fff50e90000 - 0x00007fff50f2d000 	C:\WINDOWS\System32\msvcp_win.dll
0x00007fff51090000 - 0x00007fff51190000 	C:\WINDOWS\System32\ucrtbase.dll
0x00007fff3a500000 - 0x00007fff3a79a000 	C:\WINDOWS\WinSxS\amd64_microsoft.windows.common-controls_6595b64144ccf1df_6.0.19041.844_none_ca00b6081b84eb1d\COMCTL32.dll
0x00007fff51b00000 - 0x00007fff51b30000 	C:\WINDOWS\System32\IMM32.DLL
0x0000000061950000 - 0x0000000061a22000 	C:\Program Files\Android\Android Studio\jre\jre\bin\msvcr100.dll
0x0000000061b10000 - 0x000000006235b000 	C:\Program Files\Android\Android Studio\jre\jre\bin\server\jvm.dll
0x00007fff52c80000 - 0x00007fff52c88000 	C:\WINDOWS\System32\PSAPI.DLL
0x00007fff40670000 - 0x00007fff4067a000 	C:\WINDOWS\SYSTEM32\VERSION.dll
0x00007fff42470000 - 0x00007fff42497000 	C:\WINDOWS\SYSTEM32\WINMM.dll
0x00007fff4c220000 - 0x00007fff4c229000 	C:\WINDOWS\SYSTEM32\WSOCK32.dll
0x00007fff52ad0000 - 0x00007fff52b3b000 	C:\WINDOWS\System32\WS2_32.dll
0x00007fff4a120000 - 0x00007fff4a12f000 	C:\Program Files\Android\Android Studio\jre\jre\bin\verify.dll
0x00007fff40110000 - 0x00007fff40139000 	C:\Program Files\Android\Android Studio\jre\jre\bin\java.dll
0x00007fff400f0000 - 0x00007fff40106000 	C:\Program Files\Android\Android Studio\jre\jre\bin\zip.dll
0x00007fff52210000 - 0x00007fff52952000 	C:\WINDOWS\System32\SHELL32.dll
0x00007fff4ea30000 - 0x00007fff4f1c0000 	C:\WINDOWS\SYSTEM32\windows.storage.dll
0x00007fff517a0000 - 0x00007fff51af5000 	C:\WINDOWS\System32\combase.dll
0x00007fff50340000 - 0x00007fff5036c000 	C:\WINDOWS\SYSTEM32\Wldp.dll
0x00007fff51390000 - 0x00007fff5143e000 	C:\WINDOWS\System32\SHCORE.dll
0x00007fff52fc0000 - 0x00007fff53015000 	C:\WINDOWS\System32\shlwapi.dll
0x00007fff50810000 - 0x00007fff5082f000 	C:\WINDOWS\SYSTEM32\profapi.dll
0x00007fff3dfd0000 - 0x00007fff3dfea000 	C:\Program Files\Android\Android Studio\jre\jre\bin\net.dll
0x00007fff500c0000 - 0x00007fff5012a000 	C:\WINDOWS\system32\mswsock.dll
0x00007fff3bf60000 - 0x00007fff3bf73000 	C:\Program Files\Android\Android Studio\jre\jre\bin\nio.dll
0x00007fff38680000 - 0x00007fff386a7000 	C:\Users\phan thanh toan\.gradle\native\f6784746aeab05261644944871eae4fe03e0ef1612fff0a4a95f87b438bc6780\windows-amd64\native-platform.dll
0x00007fff49ea0000 - 0x00007fff49ead000 	C:\Program Files\Android\Android Studio\jre\jre\bin\management.dll
0x00007fff50290000 - 0x00007fff502a8000 	C:\WINDOWS\SYSTEM32\CRYPTSP.dll
0x00007fff4f9f0000 - 0x00007fff4fa24000 	C:\WINDOWS\system32\rsaenh.dll
0x00007fff50900000 - 0x00007fff50927000 	C:\WINDOWS\System32\bcrypt.dll
0x00007fff507d0000 - 0x00007fff507fe000 	C:\WINDOWS\SYSTEM32\USERENV.dll
0x00007fff50930000 - 0x00007fff509b0000 	C:\WINDOWS\System32\bcryptprimitives.dll
0x00007fff502b0000 - 0x00007fff502bc000 	C:\WINDOWS\SYSTEM32\CRYPTBASE.dll
0x00007fff4fd60000 - 0x00007fff4fd9b000 	C:\WINDOWS\SYSTEM32\IPHLPAPI.DLL
0x00007fff51470000 - 0x00007fff51478000 	C:\WINDOWS\System32\NSI.dll
0x00007fff48160000 - 0x00007fff48177000 	C:\WINDOWS\SYSTEM32\dhcpcsvc6.DLL
0x00007fff48400000 - 0x00007fff4841d000 	C:\WINDOWS\SYSTEM32\dhcpcsvc.DLL
0x00007fff4fda0000 - 0x00007fff4fe6b000 	C:\WINDOWS\SYSTEM32\DNSAPI.dll
0x00007fff48a70000 - 0x00007fff48a7b000 	C:\WINDOWS\SYSTEM32\WINNSI.DLL

VM Arguments:
jvm_args: -Xmx2048m -Dfile.encoding=UTF-8 -Duser.country=US -Duser.language=en -Duser.variant 
java_command: org.gradle.launcher.daemon.bootstrap.GradleDaemon 6.5
java_class_path (initial): C:\Users\phan thanh toan\.gradle\wrapper\dists\gradle-6.5-bin\6nifqtx7604sqp1q6g8wikw7p\gradle-6.5\lib\gradle-launcher-6.5.jar
Launcher Type: SUN_STANDARD

Environment Variables:
PATH=C:\WINDOWS\system32;C:\WINDOWS;C:\WINDOWS\System32\Wbem;C:\WINDOWS\System32\WindowsPowerShell\v1.0\;C:\WINDOWS\System32\OpenSSH\;C:\Users\phan thanh toan\AppData\Local\Microsoft\WindowsApps;;D:\java and android\code java\Microsoft VS Code\bin
USERNAME=phan thanh toan
OS=Windows_NT
PROCESSOR_IDENTIFIER=Intel64 Family 6 Model 60 Stepping 3, GenuineIntel



---------------  S Y S T E M  ---------------

OS: Windows 10.0 , 64 bit Build 19041 (10.0.19041.804)

CPU:total 4 (initial active 4) (2 cores per cpu, 2 threads per core) family 6 model 60 stepping 3, cmov, cx8, fxsr, mmx, sse, sse2, sse3, ssse3, sse4.1, sse4.2, popcnt, avx, avx2, aes, clmul, erms, lzcnt, ht, tsc, tscinvbit, bmi1, bmi2

Memory: 4k page, physical 4117844k(378024k free), swap 6487720k(5800k free)

vm_info: OpenJDK 64-Bit Server VM (25.242-b01) for windows-amd64 JRE (1.8.0_242-release-1644-b01), built by "builder" with MS VC++ 10.0 (VS2010)

time: Thu Mar 25 13:23:20 2021
timezone: SE Asia Standard Time
elapsed time: 20 seconds (0d 0h 0m 20s)

